<?xml version="1.0" encoding="UTF-8"?>
<testsuite name="com.linecorp.bot.model.event.ReplyEventTest" tests="1" skipped="0" failures="0" errors="0" timestamp="2017-10-30T07:36:47" hostname="Ignaviers-MacBook-Pro.local" time="0.334">
  <properties/>
  <testcase name="eventWithReplyTokenShouldBeImplementReplySupportTest" classname="com.linecorp.bot.model.event.ReplyEventTest" time="0.334"/>
  <system-out><![CDATA[15:36:47.964 [Test worker] DEBUG org.springframework.core.env.StandardEnvironment - Adding [systemProperties] PropertySource with lowest search precedence
15:36:47.977 [Test worker] DEBUG org.springframework.core.env.StandardEnvironment - Adding [systemEnvironment] PropertySource with lowest search precedence
15:36:47.984 [Test worker] DEBUG org.springframework.core.env.StandardEnvironment - Initialized StandardEnvironment with PropertySources [systemProperties,systemEnvironment]
15:36:48.031 [Test worker] DEBUG org.springframework.core.io.support.PathMatchingResourcePatternResolver - Resolved classpath location [com/linecorp/bot/model/event/] to resources [URL [file:/Users/Ignavier/workspace/java/eclipse-sts/hkust_cs3111h/line-bot-model/build/classes/test/com/linecorp/bot/model/event/], URL [file:/Users/Ignavier/workspace/java/eclipse-sts/hkust_cs3111h/line-bot-model/build/classes/main/com/linecorp/bot/model/event/]]
15:36:48.032 [Test worker] DEBUG org.springframework.core.io.support.PathMatchingResourcePatternResolver - Looking for matching resources in directory tree [/Users/Ignavier/workspace/java/eclipse-sts/hkust_cs3111h/line-bot-model/build/classes/test/com/linecorp/bot/model/event]
15:36:48.033 [Test worker] DEBUG org.springframework.core.io.support.PathMatchingResourcePatternResolver - Searching directory [/Users/Ignavier/workspace/java/eclipse-sts/hkust_cs3111h/line-bot-model/build/classes/test/com/linecorp/bot/model/event] for files matching pattern [/Users/Ignavier/workspace/java/eclipse-sts/hkust_cs3111h/line-bot-model/build/classes/test/com/linecorp/bot/model/event/**/*.class]
15:36:48.036 [Test worker] DEBUG org.springframework.core.io.support.PathMatchingResourcePatternResolver - Searching directory [/Users/Ignavier/workspace/java/eclipse-sts/hkust_cs3111h/line-bot-model/build/classes/test/com/linecorp/bot/model/event/beacon] for files matching pattern [/Users/Ignavier/workspace/java/eclipse-sts/hkust_cs3111h/line-bot-model/build/classes/test/com/linecorp/bot/model/event/**/*.class]
15:36:48.038 [Test worker] DEBUG org.springframework.core.io.support.PathMatchingResourcePatternResolver - Looking for matching resources in directory tree [/Users/Ignavier/workspace/java/eclipse-sts/hkust_cs3111h/line-bot-model/build/classes/main/com/linecorp/bot/model/event]
15:36:48.040 [Test worker] DEBUG org.springframework.core.io.support.PathMatchingResourcePatternResolver - Searching directory [/Users/Ignavier/workspace/java/eclipse-sts/hkust_cs3111h/line-bot-model/build/classes/main/com/linecorp/bot/model/event] for files matching pattern [/Users/Ignavier/workspace/java/eclipse-sts/hkust_cs3111h/line-bot-model/build/classes/main/com/linecorp/bot/model/event/**/*.class]
15:36:48.042 [Test worker] DEBUG org.springframework.core.io.support.PathMatchingResourcePatternResolver - Searching directory [/Users/Ignavier/workspace/java/eclipse-sts/hkust_cs3111h/line-bot-model/build/classes/main/com/linecorp/bot/model/event/beacon] for files matching pattern [/Users/Ignavier/workspace/java/eclipse-sts/hkust_cs3111h/line-bot-model/build/classes/main/com/linecorp/bot/model/event/**/*.class]
15:36:48.043 [Test worker] DEBUG org.springframework.core.io.support.PathMatchingResourcePatternResolver - Searching directory [/Users/Ignavier/workspace/java/eclipse-sts/hkust_cs3111h/line-bot-model/build/classes/main/com/linecorp/bot/model/event/message] for files matching pattern [/Users/Ignavier/workspace/java/eclipse-sts/hkust_cs3111h/line-bot-model/build/classes/main/com/linecorp/bot/model/event/**/*.class]
15:36:48.046 [Test worker] DEBUG org.springframework.core.io.support.PathMatchingResourcePatternResolver - Searching directory [/Users/Ignavier/workspace/java/eclipse-sts/hkust_cs3111h/line-bot-model/build/classes/main/com/linecorp/bot/model/event/postback] for files matching pattern [/Users/Ignavier/workspace/java/eclipse-sts/hkust_cs3111h/line-bot-model/build/classes/main/com/linecorp/bot/model/event/**/*.class]
15:36:48.046 [Test worker] DEBUG org.springframework.core.io.support.PathMatchingResourcePatternResolver - Searching directory [/Users/Ignavier/workspace/java/eclipse-sts/hkust_cs3111h/line-bot-model/build/classes/main/com/linecorp/bot/model/event/source] for files matching pattern [/Users/Ignavier/workspace/java/eclipse-sts/hkust_cs3111h/line-bot-model/build/classes/main/com/linecorp/bot/model/event/**/*.class]
15:36:48.048 [Test worker] DEBUG org.springframework.core.io.support.PathMatchingResourcePatternResolver - Resolved location pattern [classpath*:com/linecorp/bot/model/event/**/*.class] to resources [file [/Users/Ignavier/workspace/java/eclipse-sts/hkust_cs3111h/line-bot-model/build/classes/test/com/linecorp/bot/model/event/CallbackRequestTest$RequestTester.class], file [/Users/Ignavier/workspace/java/eclipse-sts/hkust_cs3111h/line-bot-model/build/classes/test/com/linecorp/bot/model/event/CallbackRequestTest.class], file [/Users/Ignavier/workspace/java/eclipse-sts/hkust_cs3111h/line-bot-model/build/classes/test/com/linecorp/bot/model/event/MessageEventTest.class], file [/Users/Ignavier/workspace/java/eclipse-sts/hkust_cs3111h/line-bot-model/build/classes/test/com/linecorp/bot/model/event/ReplyEventTest.class], file [/Users/Ignavier/workspace/java/eclipse-sts/hkust_cs3111h/line-bot-model/build/classes/test/com/linecorp/bot/model/event/beacon/BeaconContentTest.class], file [/Users/Ignavier/workspace/java/eclipse-sts/hkust_cs3111h/line-bot-model/build/classes/test/com/linecorp/bot/model/event/beacon/BeaconContentUtilTest.class], file [/Users/Ignavier/workspace/java/eclipse-sts/hkust_cs3111h/line-bot-model/build/classes/main/com/linecorp/bot/model/event/BeaconEvent.class], file [/Users/Ignavier/workspace/java/eclipse-sts/hkust_cs3111h/line-bot-model/build/classes/main/com/linecorp/bot/model/event/CallbackRequest.class], file [/Users/Ignavier/workspace/java/eclipse-sts/hkust_cs3111h/line-bot-model/build/classes/main/com/linecorp/bot/model/event/Event.class], file [/Users/Ignavier/workspace/java/eclipse-sts/hkust_cs3111h/line-bot-model/build/classes/main/com/linecorp/bot/model/event/FollowEvent.class], file [/Users/Ignavier/workspace/java/eclipse-sts/hkust_cs3111h/line-bot-model/build/classes/main/com/linecorp/bot/model/event/JoinEvent.class], file [/Users/Ignavier/workspace/java/eclipse-sts/hkust_cs3111h/line-bot-model/build/classes/main/com/linecorp/bot/model/event/LeaveEvent.class], file [/Users/Ignavier/workspace/java/eclipse-sts/hkust_cs3111h/line-bot-model/build/classes/main/com/linecorp/bot/model/event/MessageEvent.class], file [/Users/Ignavier/workspace/java/eclipse-sts/hkust_cs3111h/line-bot-model/build/classes/main/com/linecorp/bot/model/event/PostbackEvent.class], file [/Users/Ignavier/workspace/java/eclipse-sts/hkust_cs3111h/line-bot-model/build/classes/main/com/linecorp/bot/model/event/ReplyEvent.class], file [/Users/Ignavier/workspace/java/eclipse-sts/hkust_cs3111h/line-bot-model/build/classes/main/com/linecorp/bot/model/event/UnfollowEvent.class], file [/Users/Ignavier/workspace/java/eclipse-sts/hkust_cs3111h/line-bot-model/build/classes/main/com/linecorp/bot/model/event/UnknownEvent.class], file [/Users/Ignavier/workspace/java/eclipse-sts/hkust_cs3111h/line-bot-model/build/classes/main/com/linecorp/bot/model/event/beacon/BeaconContent.class], file [/Users/Ignavier/workspace/java/eclipse-sts/hkust_cs3111h/line-bot-model/build/classes/main/com/linecorp/bot/model/event/beacon/BeaconContentUtil.class], file [/Users/Ignavier/workspace/java/eclipse-sts/hkust_cs3111h/line-bot-model/build/classes/main/com/linecorp/bot/model/event/message/AudioMessageContent.class], file [/Users/Ignavier/workspace/java/eclipse-sts/hkust_cs3111h/line-bot-model/build/classes/main/com/linecorp/bot/model/event/message/FileMessageContent.class], file [/Users/Ignavier/workspace/java/eclipse-sts/hkust_cs3111h/line-bot-model/build/classes/main/com/linecorp/bot/model/event/message/ImageMessageContent.class], file [/Users/Ignavier/workspace/java/eclipse-sts/hkust_cs3111h/line-bot-model/build/classes/main/com/linecorp/bot/model/event/message/LocationMessageContent.class], file [/Users/Ignavier/workspace/java/eclipse-sts/hkust_cs3111h/line-bot-model/build/classes/main/com/linecorp/bot/model/event/message/MessageContent.class], file [/Users/Ignavier/workspace/java/eclipse-sts/hkust_cs3111h/line-bot-model/build/classes/main/com/linecorp/bot/model/event/message/StickerMessageContent.class], file [/Users/Ignavier/workspace/java/eclipse-sts/hkust_cs3111h/line-bot-model/build/classes/main/com/linecorp/bot/model/event/message/TextMessageContent.class], file [/Users/Ignavier/workspace/java/eclipse-sts/hkust_cs3111h/line-bot-model/build/classes/main/com/linecorp/bot/model/event/message/UnknownMessageContent.class], file [/Users/Ignavier/workspace/java/eclipse-sts/hkust_cs3111h/line-bot-model/build/classes/main/com/linecorp/bot/model/event/message/VideoMessageContent.class], file [/Users/Ignavier/workspace/java/eclipse-sts/hkust_cs3111h/line-bot-model/build/classes/main/com/linecorp/bot/model/event/postback/PostbackContent.class], file [/Users/Ignavier/workspace/java/eclipse-sts/hkust_cs3111h/line-bot-model/build/classes/main/com/linecorp/bot/model/event/source/GroupSource.class], file [/Users/Ignavier/workspace/java/eclipse-sts/hkust_cs3111h/line-bot-model/build/classes/main/com/linecorp/bot/model/event/source/RoomSource.class], file [/Users/Ignavier/workspace/java/eclipse-sts/hkust_cs3111h/line-bot-model/build/classes/main/com/linecorp/bot/model/event/source/Source.class], file [/Users/Ignavier/workspace/java/eclipse-sts/hkust_cs3111h/line-bot-model/build/classes/main/com/linecorp/bot/model/event/source/UnknownSource.class], file [/Users/Ignavier/workspace/java/eclipse-sts/hkust_cs3111h/line-bot-model/build/classes/main/com/linecorp/bot/model/event/source/UserSource.class]]
15:36:48.085 [Test worker] DEBUG org.springframework.context.annotation.ClassPathScanningCandidateComponentProvider - Ignored because not a concrete top-level class: file [/Users/Ignavier/workspace/java/eclipse-sts/hkust_cs3111h/line-bot-model/build/classes/test/com/linecorp/bot/model/event/CallbackRequestTest$RequestTester.class]
15:36:48.105 [Test worker] DEBUG org.springframework.context.annotation.ClassPathScanningCandidateComponentProvider - Identified candidate component class: file [/Users/Ignavier/workspace/java/eclipse-sts/hkust_cs3111h/line-bot-model/build/classes/test/com/linecorp/bot/model/event/CallbackRequestTest.class]
15:36:48.106 [Test worker] DEBUG org.springframework.context.annotation.ClassPathScanningCandidateComponentProvider - Identified candidate component class: file [/Users/Ignavier/workspace/java/eclipse-sts/hkust_cs3111h/line-bot-model/build/classes/test/com/linecorp/bot/model/event/MessageEventTest.class]
15:36:48.108 [Test worker] DEBUG org.springframework.context.annotation.ClassPathScanningCandidateComponentProvider - Identified candidate component class: file [/Users/Ignavier/workspace/java/eclipse-sts/hkust_cs3111h/line-bot-model/build/classes/test/com/linecorp/bot/model/event/ReplyEventTest.class]
15:36:48.109 [Test worker] DEBUG org.springframework.context.annotation.ClassPathScanningCandidateComponentProvider - Identified candidate component class: file [/Users/Ignavier/workspace/java/eclipse-sts/hkust_cs3111h/line-bot-model/build/classes/test/com/linecorp/bot/model/event/beacon/BeaconContentTest.class]
15:36:48.110 [Test worker] DEBUG org.springframework.context.annotation.ClassPathScanningCandidateComponentProvider - Identified candidate component class: file [/Users/Ignavier/workspace/java/eclipse-sts/hkust_cs3111h/line-bot-model/build/classes/test/com/linecorp/bot/model/event/beacon/BeaconContentUtilTest.class]
15:36:48.112 [Test worker] DEBUG org.springframework.context.annotation.ClassPathScanningCandidateComponentProvider - Identified candidate component class: file [/Users/Ignavier/workspace/java/eclipse-sts/hkust_cs3111h/line-bot-model/build/classes/main/com/linecorp/bot/model/event/BeaconEvent.class]
15:36:48.112 [Test worker] DEBUG org.springframework.context.annotation.ClassPathScanningCandidateComponentProvider - Identified candidate component class: file [/Users/Ignavier/workspace/java/eclipse-sts/hkust_cs3111h/line-bot-model/build/classes/main/com/linecorp/bot/model/event/CallbackRequest.class]
15:36:48.114 [Test worker] DEBUG org.springframework.context.annotation.ClassPathScanningCandidateComponentProvider - Ignored because not a concrete top-level class: file [/Users/Ignavier/workspace/java/eclipse-sts/hkust_cs3111h/line-bot-model/build/classes/main/com/linecorp/bot/model/event/Event.class]
15:36:48.116 [Test worker] DEBUG org.springframework.context.annotation.ClassPathScanningCandidateComponentProvider - Identified candidate component class: file [/Users/Ignavier/workspace/java/eclipse-sts/hkust_cs3111h/line-bot-model/build/classes/main/com/linecorp/bot/model/event/FollowEvent.class]
15:36:48.117 [Test worker] DEBUG org.springframework.context.annotation.ClassPathScanningCandidateComponentProvider - Identified candidate component class: file [/Users/Ignavier/workspace/java/eclipse-sts/hkust_cs3111h/line-bot-model/build/classes/main/com/linecorp/bot/model/event/JoinEvent.class]
15:36:48.118 [Test worker] DEBUG org.springframework.context.annotation.ClassPathScanningCandidateComponentProvider - Identified candidate component class: file [/Users/Ignavier/workspace/java/eclipse-sts/hkust_cs3111h/line-bot-model/build/classes/main/com/linecorp/bot/model/event/LeaveEvent.class]
15:36:48.119 [Test worker] DEBUG org.springframework.context.annotation.ClassPathScanningCandidateComponentProvider - Identified candidate component class: file [/Users/Ignavier/workspace/java/eclipse-sts/hkust_cs3111h/line-bot-model/build/classes/main/com/linecorp/bot/model/event/MessageEvent.class]
15:36:48.120 [Test worker] DEBUG org.springframework.context.annotation.ClassPathScanningCandidateComponentProvider - Identified candidate component class: file [/Users/Ignavier/workspace/java/eclipse-sts/hkust_cs3111h/line-bot-model/build/classes/main/com/linecorp/bot/model/event/PostbackEvent.class]
15:36:48.121 [Test worker] DEBUG org.springframework.context.annotation.ClassPathScanningCandidateComponentProvider - Ignored because not a concrete top-level class: file [/Users/Ignavier/workspace/java/eclipse-sts/hkust_cs3111h/line-bot-model/build/classes/main/com/linecorp/bot/model/event/ReplyEvent.class]
15:36:48.122 [Test worker] DEBUG org.springframework.context.annotation.ClassPathScanningCandidateComponentProvider - Identified candidate component class: file [/Users/Ignavier/workspace/java/eclipse-sts/hkust_cs3111h/line-bot-model/build/classes/main/com/linecorp/bot/model/event/UnfollowEvent.class]
15:36:48.124 [Test worker] DEBUG org.springframework.context.annotation.ClassPathScanningCandidateComponentProvider - Identified candidate component class: file [/Users/Ignavier/workspace/java/eclipse-sts/hkust_cs3111h/line-bot-model/build/classes/main/com/linecorp/bot/model/event/UnknownEvent.class]
15:36:48.126 [Test worker] DEBUG org.springframework.context.annotation.ClassPathScanningCandidateComponentProvider - Identified candidate component class: file [/Users/Ignavier/workspace/java/eclipse-sts/hkust_cs3111h/line-bot-model/build/classes/main/com/linecorp/bot/model/event/beacon/BeaconContent.class]
15:36:48.126 [Test worker] DEBUG org.springframework.context.annotation.ClassPathScanningCandidateComponentProvider - Identified candidate component class: file [/Users/Ignavier/workspace/java/eclipse-sts/hkust_cs3111h/line-bot-model/build/classes/main/com/linecorp/bot/model/event/beacon/BeaconContentUtil.class]
15:36:48.127 [Test worker] DEBUG org.springframework.context.annotation.ClassPathScanningCandidateComponentProvider - Identified candidate component class: file [/Users/Ignavier/workspace/java/eclipse-sts/hkust_cs3111h/line-bot-model/build/classes/main/com/linecorp/bot/model/event/message/AudioMessageContent.class]
15:36:48.135 [Test worker] DEBUG org.springframework.context.annotation.ClassPathScanningCandidateComponentProvider - Identified candidate component class: file [/Users/Ignavier/workspace/java/eclipse-sts/hkust_cs3111h/line-bot-model/build/classes/main/com/linecorp/bot/model/event/message/FileMessageContent.class]
15:36:48.139 [Test worker] DEBUG org.springframework.context.annotation.ClassPathScanningCandidateComponentProvider - Identified candidate component class: file [/Users/Ignavier/workspace/java/eclipse-sts/hkust_cs3111h/line-bot-model/build/classes/main/com/linecorp/bot/model/event/message/ImageMessageContent.class]
15:36:48.140 [Test worker] DEBUG org.springframework.context.annotation.ClassPathScanningCandidateComponentProvider - Identified candidate component class: file [/Users/Ignavier/workspace/java/eclipse-sts/hkust_cs3111h/line-bot-model/build/classes/main/com/linecorp/bot/model/event/message/LocationMessageContent.class]
15:36:48.141 [Test worker] DEBUG org.springframework.context.annotation.ClassPathScanningCandidateComponentProvider - Ignored because not a concrete top-level class: file [/Users/Ignavier/workspace/java/eclipse-sts/hkust_cs3111h/line-bot-model/build/classes/main/com/linecorp/bot/model/event/message/MessageContent.class]
15:36:48.142 [Test worker] DEBUG org.springframework.context.annotation.ClassPathScanningCandidateComponentProvider - Identified candidate component class: file [/Users/Ignavier/workspace/java/eclipse-sts/hkust_cs3111h/line-bot-model/build/classes/main/com/linecorp/bot/model/event/message/StickerMessageContent.class]
15:36:48.144 [Test worker] DEBUG org.springframework.context.annotation.ClassPathScanningCandidateComponentProvider - Identified candidate component class: file [/Users/Ignavier/workspace/java/eclipse-sts/hkust_cs3111h/line-bot-model/build/classes/main/com/linecorp/bot/model/event/message/TextMessageContent.class]
15:36:48.145 [Test worker] DEBUG org.springframework.context.annotation.ClassPathScanningCandidateComponentProvider - Identified candidate component class: file [/Users/Ignavier/workspace/java/eclipse-sts/hkust_cs3111h/line-bot-model/build/classes/main/com/linecorp/bot/model/event/message/UnknownMessageContent.class]
15:36:48.146 [Test worker] DEBUG org.springframework.context.annotation.ClassPathScanningCandidateComponentProvider - Identified candidate component class: file [/Users/Ignavier/workspace/java/eclipse-sts/hkust_cs3111h/line-bot-model/build/classes/main/com/linecorp/bot/model/event/message/VideoMessageContent.class]
15:36:48.147 [Test worker] DEBUG org.springframework.context.annotation.ClassPathScanningCandidateComponentProvider - Identified candidate component class: file [/Users/Ignavier/workspace/java/eclipse-sts/hkust_cs3111h/line-bot-model/build/classes/main/com/linecorp/bot/model/event/postback/PostbackContent.class]
15:36:48.148 [Test worker] DEBUG org.springframework.context.annotation.ClassPathScanningCandidateComponentProvider - Identified candidate component class: file [/Users/Ignavier/workspace/java/eclipse-sts/hkust_cs3111h/line-bot-model/build/classes/main/com/linecorp/bot/model/event/source/GroupSource.class]
15:36:48.149 [Test worker] DEBUG org.springframework.context.annotation.ClassPathScanningCandidateComponentProvider - Identified candidate component class: file [/Users/Ignavier/workspace/java/eclipse-sts/hkust_cs3111h/line-bot-model/build/classes/main/com/linecorp/bot/model/event/source/RoomSource.class]
15:36:48.150 [Test worker] DEBUG org.springframework.context.annotation.ClassPathScanningCandidateComponentProvider - Ignored because not a concrete top-level class: file [/Users/Ignavier/workspace/java/eclipse-sts/hkust_cs3111h/line-bot-model/build/classes/main/com/linecorp/bot/model/event/source/Source.class]
15:36:48.150 [Test worker] DEBUG org.springframework.context.annotation.ClassPathScanningCandidateComponentProvider - Identified candidate component class: file [/Users/Ignavier/workspace/java/eclipse-sts/hkust_cs3111h/line-bot-model/build/classes/main/com/linecorp/bot/model/event/source/UnknownSource.class]
15:36:48.151 [Test worker] DEBUG org.springframework.context.annotation.ClassPathScanningCandidateComponentProvider - Identified candidate component class: file [/Users/Ignavier/workspace/java/eclipse-sts/hkust_cs3111h/line-bot-model/build/classes/main/com/linecorp/bot/model/event/source/UserSource.class]
15:36:48.172 [Test worker] INFO com.linecorp.bot.model.event.ReplyEventTest - eventClasses = [class com.linecorp.bot.model.event.BeaconEvent, class com.linecorp.bot.model.event.FollowEvent, class com.linecorp.bot.model.event.JoinEvent, class com.linecorp.bot.model.event.LeaveEvent, class com.linecorp.bot.model.event.MessageEvent, class com.linecorp.bot.model.event.PostbackEvent, class com.linecorp.bot.model.event.UnfollowEvent, class com.linecorp.bot.model.event.UnknownEvent]
]]></system-out>
  <system-err><![CDATA[]]></system-err>
</testsuite>
