<?xml version="1.0" encoding="UTF-8"?>
<testsuite name="com.linecorp.bot.model.error.ErrorResponseTest" tests="2" skipped="0" failures="0" errors="0" timestamp="2017-11-01T07:30:46" hostname="Ignaviers-MacBook-Pro.local" time="0.266">
  <properties/>
  <testcase name="complexErrorResponseTest" classname="com.linecorp.bot.model.error.ErrorResponseTest" time="0.26"/>
  <testcase name="simpleErrorResponseTest" classname="com.linecorp.bot.model.error.ErrorResponseTest" time="0.005"/>
  <system-out><![CDATA[]]></system-out>
  <system-err><![CDATA[]]></system-err>
</testsuite>
