<?xml version="1.0" encoding="UTF-8"?>
<testsuite name="com.linecorp.bot.model.event.CallbackRequestTest" tests="13" skipped="0" failures="0" errors="0" timestamp="2017-11-01T07:30:46" hostname="Ignaviers-MacBook-Pro.local" time="0.215">
  <properties/>
  <testcase name="textTextUser" classname="com.linecorp.bot.model.event.CallbackRequestTest" time="0.107"/>
  <testcase name="testImage" classname="com.linecorp.bot.model.event.CallbackRequestTest" time="0.007"/>
  <testcase name="testLeave" classname="com.linecorp.bot.model.event.CallbackRequestTest" time="0.009"/>
  <testcase name="testFile" classname="com.linecorp.bot.model.event.CallbackRequestTest" time="0.013"/>
  <testcase name="testJoin" classname="com.linecorp.bot.model.event.CallbackRequestTest" time="0.007"/>
  <testcase name="textTextGroup" classname="com.linecorp.bot.model.event.CallbackRequestTest" time="0.008"/>
  <testcase name="testUnknown" classname="com.linecorp.bot.model.event.CallbackRequestTest" time="0.008"/>
  <testcase name="testBeaconWithDeviceMessage" classname="com.linecorp.bot.model.event.CallbackRequestTest" time="0.012"/>
  <testcase name="testUnfollow" classname="com.linecorp.bot.model.event.CallbackRequestTest" time="0.006"/>
  <testcase name="testBeacon" classname="com.linecorp.bot.model.event.CallbackRequestTest" time="0.006"/>
  <testcase name="testFollow" classname="com.linecorp.bot.model.event.CallbackRequestTest" time="0.005"/>
  <testcase name="testPostback" classname="com.linecorp.bot.model.event.CallbackRequestTest" time="0.014"/>
  <testcase name="testSticker" classname="com.linecorp.bot.model.event.CallbackRequestTest" time="0.01"/>
  <system-out><![CDATA[]]></system-out>
  <system-err><![CDATA[]]></system-err>
</testsuite>
