<?xml version="1.0" encoding="UTF-8"?>
<testsuite name="com.linecorp.bot.model.event.ReplyEventTest" tests="1" skipped="0" failures="0" errors="0" timestamp="2017-10-31T07:43:47" hostname="Lenovo-PC" time="0.183">
  <properties/>
  <testcase name="eventWithReplyTokenShouldBeImplementReplySupportTest" classname="com.linecorp.bot.model.event.ReplyEventTest" time="0.183"/>
  <system-out><![CDATA[15:43:47.072 [Test worker] DEBUG org.springframework.core.env.StandardEnvironment - Adding [systemProperties] PropertySource with lowest search precedence
15:43:47.076 [Test worker] DEBUG org.springframework.core.env.StandardEnvironment - Adding [systemEnvironment] PropertySource with lowest search precedence
15:43:47.078 [Test worker] DEBUG org.springframework.core.env.StandardEnvironment - Initialized StandardEnvironment with PropertySources [systemProperties,systemEnvironment]
15:43:47.095 [Test worker] DEBUG org.springframework.core.io.support.PathMatchingResourcePatternResolver - Resolved classpath location [com/linecorp/bot/model/event/] to resources [URL [file:/C:/Users/user/coding_workspace/comp3111_chatbot/dietbot/hkust_cs3111h/line-bot-model/build/classes/test/com/linecorp/bot/model/event/], URL [file:/C:/Users/user/coding_workspace/comp3111_chatbot/dietbot/hkust_cs3111h/line-bot-model/build/classes/main/com/linecorp/bot/model/event/]]
15:43:47.096 [Test worker] DEBUG org.springframework.core.io.support.PathMatchingResourcePatternResolver - Looking for matching resources in directory tree [C:\Users\user\coding_workspace\comp3111_chatbot\dietbot\hkust_cs3111h\line-bot-model\build\classes\test\com\linecorp\bot\model\event]
15:43:47.097 [Test worker] DEBUG org.springframework.core.io.support.PathMatchingResourcePatternResolver - Searching directory [C:\Users\user\coding_workspace\comp3111_chatbot\dietbot\hkust_cs3111h\line-bot-model\build\classes\test\com\linecorp\bot\model\event] for files matching pattern [C:/Users/user/coding_workspace/comp3111_chatbot/dietbot/hkust_cs3111h/line-bot-model/build/classes/test/com/linecorp/bot/model/event/**/*.class]
15:43:47.099 [Test worker] DEBUG org.springframework.core.io.support.PathMatchingResourcePatternResolver - Searching directory [C:\Users\user\coding_workspace\comp3111_chatbot\dietbot\hkust_cs3111h\line-bot-model\build\classes\test\com\linecorp\bot\model\event\beacon] for files matching pattern [C:/Users/user/coding_workspace/comp3111_chatbot/dietbot/hkust_cs3111h/line-bot-model/build/classes/test/com/linecorp/bot/model/event/**/*.class]
15:43:47.103 [Test worker] DEBUG org.springframework.core.io.support.PathMatchingResourcePatternResolver - Looking for matching resources in directory tree [C:\Users\user\coding_workspace\comp3111_chatbot\dietbot\hkust_cs3111h\line-bot-model\build\classes\main\com\linecorp\bot\model\event]
15:43:47.103 [Test worker] DEBUG org.springframework.core.io.support.PathMatchingResourcePatternResolver - Searching directory [C:\Users\user\coding_workspace\comp3111_chatbot\dietbot\hkust_cs3111h\line-bot-model\build\classes\main\com\linecorp\bot\model\event] for files matching pattern [C:/Users/user/coding_workspace/comp3111_chatbot/dietbot/hkust_cs3111h/line-bot-model/build/classes/main/com/linecorp/bot/model/event/**/*.class]
15:43:47.104 [Test worker] DEBUG org.springframework.core.io.support.PathMatchingResourcePatternResolver - Searching directory [C:\Users\user\coding_workspace\comp3111_chatbot\dietbot\hkust_cs3111h\line-bot-model\build\classes\main\com\linecorp\bot\model\event\beacon] for files matching pattern [C:/Users/user/coding_workspace/comp3111_chatbot/dietbot/hkust_cs3111h/line-bot-model/build/classes/main/com/linecorp/bot/model/event/**/*.class]
15:43:47.106 [Test worker] DEBUG org.springframework.core.io.support.PathMatchingResourcePatternResolver - Searching directory [C:\Users\user\coding_workspace\comp3111_chatbot\dietbot\hkust_cs3111h\line-bot-model\build\classes\main\com\linecorp\bot\model\event\message] for files matching pattern [C:/Users/user/coding_workspace/comp3111_chatbot/dietbot/hkust_cs3111h/line-bot-model/build/classes/main/com/linecorp/bot/model/event/**/*.class]
15:43:47.109 [Test worker] DEBUG org.springframework.core.io.support.PathMatchingResourcePatternResolver - Searching directory [C:\Users\user\coding_workspace\comp3111_chatbot\dietbot\hkust_cs3111h\line-bot-model\build\classes\main\com\linecorp\bot\model\event\postback] for files matching pattern [C:/Users/user/coding_workspace/comp3111_chatbot/dietbot/hkust_cs3111h/line-bot-model/build/classes/main/com/linecorp/bot/model/event/**/*.class]
15:43:47.110 [Test worker] DEBUG org.springframework.core.io.support.PathMatchingResourcePatternResolver - Searching directory [C:\Users\user\coding_workspace\comp3111_chatbot\dietbot\hkust_cs3111h\line-bot-model\build\classes\main\com\linecorp\bot\model\event\source] for files matching pattern [C:/Users/user/coding_workspace/comp3111_chatbot/dietbot/hkust_cs3111h/line-bot-model/build/classes/main/com/linecorp/bot/model/event/**/*.class]
15:43:47.113 [Test worker] DEBUG org.springframework.core.io.support.PathMatchingResourcePatternResolver - Resolved location pattern [classpath*:com/linecorp/bot/model/event/**/*.class] to resources [file [C:\Users\user\coding_workspace\comp3111_chatbot\dietbot\hkust_cs3111h\line-bot-model\build\classes\test\com\linecorp\bot\model\event\beacon\BeaconContentTest.class], file [C:\Users\user\coding_workspace\comp3111_chatbot\dietbot\hkust_cs3111h\line-bot-model\build\classes\test\com\linecorp\bot\model\event\beacon\BeaconContentUtilTest.class], file [C:\Users\user\coding_workspace\comp3111_chatbot\dietbot\hkust_cs3111h\line-bot-model\build\classes\test\com\linecorp\bot\model\event\CallbackRequestTest$RequestTester.class], file [C:\Users\user\coding_workspace\comp3111_chatbot\dietbot\hkust_cs3111h\line-bot-model\build\classes\test\com\linecorp\bot\model\event\CallbackRequestTest.class], file [C:\Users\user\coding_workspace\comp3111_chatbot\dietbot\hkust_cs3111h\line-bot-model\build\classes\test\com\linecorp\bot\model\event\MessageEventTest.class], file [C:\Users\user\coding_workspace\comp3111_chatbot\dietbot\hkust_cs3111h\line-bot-model\build\classes\test\com\linecorp\bot\model\event\ReplyEventTest.class], file [C:\Users\user\coding_workspace\comp3111_chatbot\dietbot\hkust_cs3111h\line-bot-model\build\classes\main\com\linecorp\bot\model\event\beacon\BeaconContent.class], file [C:\Users\user\coding_workspace\comp3111_chatbot\dietbot\hkust_cs3111h\line-bot-model\build\classes\main\com\linecorp\bot\model\event\beacon\BeaconContentUtil.class], file [C:\Users\user\coding_workspace\comp3111_chatbot\dietbot\hkust_cs3111h\line-bot-model\build\classes\main\com\linecorp\bot\model\event\BeaconEvent.class], file [C:\Users\user\coding_workspace\comp3111_chatbot\dietbot\hkust_cs3111h\line-bot-model\build\classes\main\com\linecorp\bot\model\event\CallbackRequest.class], file [C:\Users\user\coding_workspace\comp3111_chatbot\dietbot\hkust_cs3111h\line-bot-model\build\classes\main\com\linecorp\bot\model\event\Event.class], file [C:\Users\user\coding_workspace\comp3111_chatbot\dietbot\hkust_cs3111h\line-bot-model\build\classes\main\com\linecorp\bot\model\event\FollowEvent.class], file [C:\Users\user\coding_workspace\comp3111_chatbot\dietbot\hkust_cs3111h\line-bot-model\build\classes\main\com\linecorp\bot\model\event\JoinEvent.class], file [C:\Users\user\coding_workspace\comp3111_chatbot\dietbot\hkust_cs3111h\line-bot-model\build\classes\main\com\linecorp\bot\model\event\LeaveEvent.class], file [C:\Users\user\coding_workspace\comp3111_chatbot\dietbot\hkust_cs3111h\line-bot-model\build\classes\main\com\linecorp\bot\model\event\message\AudioMessageContent.class], file [C:\Users\user\coding_workspace\comp3111_chatbot\dietbot\hkust_cs3111h\line-bot-model\build\classes\main\com\linecorp\bot\model\event\message\FileMessageContent.class], file [C:\Users\user\coding_workspace\comp3111_chatbot\dietbot\hkust_cs3111h\line-bot-model\build\classes\main\com\linecorp\bot\model\event\message\ImageMessageContent.class], file [C:\Users\user\coding_workspace\comp3111_chatbot\dietbot\hkust_cs3111h\line-bot-model\build\classes\main\com\linecorp\bot\model\event\message\LocationMessageContent.class], file [C:\Users\user\coding_workspace\comp3111_chatbot\dietbot\hkust_cs3111h\line-bot-model\build\classes\main\com\linecorp\bot\model\event\message\MessageContent.class], file [C:\Users\user\coding_workspace\comp3111_chatbot\dietbot\hkust_cs3111h\line-bot-model\build\classes\main\com\linecorp\bot\model\event\message\StickerMessageContent.class], file [C:\Users\user\coding_workspace\comp3111_chatbot\dietbot\hkust_cs3111h\line-bot-model\build\classes\main\com\linecorp\bot\model\event\message\TextMessageContent.class], file [C:\Users\user\coding_workspace\comp3111_chatbot\dietbot\hkust_cs3111h\line-bot-model\build\classes\main\com\linecorp\bot\model\event\message\UnknownMessageContent.class], file [C:\Users\user\coding_workspace\comp3111_chatbot\dietbot\hkust_cs3111h\line-bot-model\build\classes\main\com\linecorp\bot\model\event\message\VideoMessageContent.class], file [C:\Users\user\coding_workspace\comp3111_chatbot\dietbot\hkust_cs3111h\line-bot-model\build\classes\main\com\linecorp\bot\model\event\MessageEvent.class], file [C:\Users\user\coding_workspace\comp3111_chatbot\dietbot\hkust_cs3111h\line-bot-model\build\classes\main\com\linecorp\bot\model\event\postback\PostbackContent.class], file [C:\Users\user\coding_workspace\comp3111_chatbot\dietbot\hkust_cs3111h\line-bot-model\build\classes\main\com\linecorp\bot\model\event\PostbackEvent.class], file [C:\Users\user\coding_workspace\comp3111_chatbot\dietbot\hkust_cs3111h\line-bot-model\build\classes\main\com\linecorp\bot\model\event\ReplyEvent.class], file [C:\Users\user\coding_workspace\comp3111_chatbot\dietbot\hkust_cs3111h\line-bot-model\build\classes\main\com\linecorp\bot\model\event\source\GroupSource.class], file [C:\Users\user\coding_workspace\comp3111_chatbot\dietbot\hkust_cs3111h\line-bot-model\build\classes\main\com\linecorp\bot\model\event\source\RoomSource.class], file [C:\Users\user\coding_workspace\comp3111_chatbot\dietbot\hkust_cs3111h\line-bot-model\build\classes\main\com\linecorp\bot\model\event\source\Source.class], file [C:\Users\user\coding_workspace\comp3111_chatbot\dietbot\hkust_cs3111h\line-bot-model\build\classes\main\com\linecorp\bot\model\event\source\UnknownSource.class], file [C:\Users\user\coding_workspace\comp3111_chatbot\dietbot\hkust_cs3111h\line-bot-model\build\classes\main\com\linecorp\bot\model\event\source\UserSource.class], file [C:\Users\user\coding_workspace\comp3111_chatbot\dietbot\hkust_cs3111h\line-bot-model\build\classes\main\com\linecorp\bot\model\event\UnfollowEvent.class], file [C:\Users\user\coding_workspace\comp3111_chatbot\dietbot\hkust_cs3111h\line-bot-model\build\classes\main\com\linecorp\bot\model\event\UnknownEvent.class]]
15:43:47.158 [Test worker] DEBUG org.springframework.context.annotation.ClassPathScanningCandidateComponentProvider - Identified candidate component class: file [C:\Users\user\coding_workspace\comp3111_chatbot\dietbot\hkust_cs3111h\line-bot-model\build\classes\test\com\linecorp\bot\model\event\beacon\BeaconContentTest.class]
15:43:47.159 [Test worker] DEBUG org.springframework.context.annotation.ClassPathScanningCandidateComponentProvider - Identified candidate component class: file [C:\Users\user\coding_workspace\comp3111_chatbot\dietbot\hkust_cs3111h\line-bot-model\build\classes\test\com\linecorp\bot\model\event\beacon\BeaconContentUtilTest.class]
15:43:47.160 [Test worker] DEBUG org.springframework.context.annotation.ClassPathScanningCandidateComponentProvider - Ignored because not a concrete top-level class: file [C:\Users\user\coding_workspace\comp3111_chatbot\dietbot\hkust_cs3111h\line-bot-model\build\classes\test\com\linecorp\bot\model\event\CallbackRequestTest$RequestTester.class]
15:43:47.164 [Test worker] DEBUG org.springframework.context.annotation.ClassPathScanningCandidateComponentProvider - Identified candidate component class: file [C:\Users\user\coding_workspace\comp3111_chatbot\dietbot\hkust_cs3111h\line-bot-model\build\classes\test\com\linecorp\bot\model\event\CallbackRequestTest.class]
15:43:47.164 [Test worker] DEBUG org.springframework.context.annotation.ClassPathScanningCandidateComponentProvider - Identified candidate component class: file [C:\Users\user\coding_workspace\comp3111_chatbot\dietbot\hkust_cs3111h\line-bot-model\build\classes\test\com\linecorp\bot\model\event\MessageEventTest.class]
15:43:47.165 [Test worker] DEBUG org.springframework.context.annotation.ClassPathScanningCandidateComponentProvider - Identified candidate component class: file [C:\Users\user\coding_workspace\comp3111_chatbot\dietbot\hkust_cs3111h\line-bot-model\build\classes\test\com\linecorp\bot\model\event\ReplyEventTest.class]
15:43:47.166 [Test worker] DEBUG org.springframework.context.annotation.ClassPathScanningCandidateComponentProvider - Identified candidate component class: file [C:\Users\user\coding_workspace\comp3111_chatbot\dietbot\hkust_cs3111h\line-bot-model\build\classes\main\com\linecorp\bot\model\event\beacon\BeaconContent.class]
15:43:47.167 [Test worker] DEBUG org.springframework.context.annotation.ClassPathScanningCandidateComponentProvider - Identified candidate component class: file [C:\Users\user\coding_workspace\comp3111_chatbot\dietbot\hkust_cs3111h\line-bot-model\build\classes\main\com\linecorp\bot\model\event\beacon\BeaconContentUtil.class]
15:43:47.168 [Test worker] DEBUG org.springframework.context.annotation.ClassPathScanningCandidateComponentProvider - Identified candidate component class: file [C:\Users\user\coding_workspace\comp3111_chatbot\dietbot\hkust_cs3111h\line-bot-model\build\classes\main\com\linecorp\bot\model\event\BeaconEvent.class]
15:43:47.170 [Test worker] DEBUG org.springframework.context.annotation.ClassPathScanningCandidateComponentProvider - Identified candidate component class: file [C:\Users\user\coding_workspace\comp3111_chatbot\dietbot\hkust_cs3111h\line-bot-model\build\classes\main\com\linecorp\bot\model\event\CallbackRequest.class]
15:43:47.171 [Test worker] DEBUG org.springframework.context.annotation.ClassPathScanningCandidateComponentProvider - Ignored because not a concrete top-level class: file [C:\Users\user\coding_workspace\comp3111_chatbot\dietbot\hkust_cs3111h\line-bot-model\build\classes\main\com\linecorp\bot\model\event\Event.class]
15:43:47.172 [Test worker] DEBUG org.springframework.context.annotation.ClassPathScanningCandidateComponentProvider - Identified candidate component class: file [C:\Users\user\coding_workspace\comp3111_chatbot\dietbot\hkust_cs3111h\line-bot-model\build\classes\main\com\linecorp\bot\model\event\FollowEvent.class]
15:43:47.174 [Test worker] DEBUG org.springframework.context.annotation.ClassPathScanningCandidateComponentProvider - Identified candidate component class: file [C:\Users\user\coding_workspace\comp3111_chatbot\dietbot\hkust_cs3111h\line-bot-model\build\classes\main\com\linecorp\bot\model\event\JoinEvent.class]
15:43:47.175 [Test worker] DEBUG org.springframework.context.annotation.ClassPathScanningCandidateComponentProvider - Identified candidate component class: file [C:\Users\user\coding_workspace\comp3111_chatbot\dietbot\hkust_cs3111h\line-bot-model\build\classes\main\com\linecorp\bot\model\event\LeaveEvent.class]
15:43:47.176 [Test worker] DEBUG org.springframework.context.annotation.ClassPathScanningCandidateComponentProvider - Identified candidate component class: file [C:\Users\user\coding_workspace\comp3111_chatbot\dietbot\hkust_cs3111h\line-bot-model\build\classes\main\com\linecorp\bot\model\event\message\AudioMessageContent.class]
15:43:47.177 [Test worker] DEBUG org.springframework.context.annotation.ClassPathScanningCandidateComponentProvider - Identified candidate component class: file [C:\Users\user\coding_workspace\comp3111_chatbot\dietbot\hkust_cs3111h\line-bot-model\build\classes\main\com\linecorp\bot\model\event\message\FileMessageContent.class]
15:43:47.178 [Test worker] DEBUG org.springframework.context.annotation.ClassPathScanningCandidateComponentProvider - Identified candidate component class: file [C:\Users\user\coding_workspace\comp3111_chatbot\dietbot\hkust_cs3111h\line-bot-model\build\classes\main\com\linecorp\bot\model\event\message\ImageMessageContent.class]
15:43:47.179 [Test worker] DEBUG org.springframework.context.annotation.ClassPathScanningCandidateComponentProvider - Identified candidate component class: file [C:\Users\user\coding_workspace\comp3111_chatbot\dietbot\hkust_cs3111h\line-bot-model\build\classes\main\com\linecorp\bot\model\event\message\LocationMessageContent.class]
15:43:47.180 [Test worker] DEBUG org.springframework.context.annotation.ClassPathScanningCandidateComponentProvider - Ignored because not a concrete top-level class: file [C:\Users\user\coding_workspace\comp3111_chatbot\dietbot\hkust_cs3111h\line-bot-model\build\classes\main\com\linecorp\bot\model\event\message\MessageContent.class]
15:43:47.181 [Test worker] DEBUG org.springframework.context.annotation.ClassPathScanningCandidateComponentProvider - Identified candidate component class: file [C:\Users\user\coding_workspace\comp3111_chatbot\dietbot\hkust_cs3111h\line-bot-model\build\classes\main\com\linecorp\bot\model\event\message\StickerMessageContent.class]
15:43:47.182 [Test worker] DEBUG org.springframework.context.annotation.ClassPathScanningCandidateComponentProvider - Identified candidate component class: file [C:\Users\user\coding_workspace\comp3111_chatbot\dietbot\hkust_cs3111h\line-bot-model\build\classes\main\com\linecorp\bot\model\event\message\TextMessageContent.class]
15:43:47.184 [Test worker] DEBUG org.springframework.context.annotation.ClassPathScanningCandidateComponentProvider - Identified candidate component class: file [C:\Users\user\coding_workspace\comp3111_chatbot\dietbot\hkust_cs3111h\line-bot-model\build\classes\main\com\linecorp\bot\model\event\message\UnknownMessageContent.class]
15:43:47.186 [Test worker] DEBUG org.springframework.context.annotation.ClassPathScanningCandidateComponentProvider - Identified candidate component class: file [C:\Users\user\coding_workspace\comp3111_chatbot\dietbot\hkust_cs3111h\line-bot-model\build\classes\main\com\linecorp\bot\model\event\message\VideoMessageContent.class]
15:43:47.187 [Test worker] DEBUG org.springframework.context.annotation.ClassPathScanningCandidateComponentProvider - Identified candidate component class: file [C:\Users\user\coding_workspace\comp3111_chatbot\dietbot\hkust_cs3111h\line-bot-model\build\classes\main\com\linecorp\bot\model\event\MessageEvent.class]
15:43:47.188 [Test worker] DEBUG org.springframework.context.annotation.ClassPathScanningCandidateComponentProvider - Identified candidate component class: file [C:\Users\user\coding_workspace\comp3111_chatbot\dietbot\hkust_cs3111h\line-bot-model\build\classes\main\com\linecorp\bot\model\event\postback\PostbackContent.class]
15:43:47.190 [Test worker] DEBUG org.springframework.context.annotation.ClassPathScanningCandidateComponentProvider - Identified candidate component class: file [C:\Users\user\coding_workspace\comp3111_chatbot\dietbot\hkust_cs3111h\line-bot-model\build\classes\main\com\linecorp\bot\model\event\PostbackEvent.class]
15:43:47.191 [Test worker] DEBUG org.springframework.context.annotation.ClassPathScanningCandidateComponentProvider - Ignored because not a concrete top-level class: file [C:\Users\user\coding_workspace\comp3111_chatbot\dietbot\hkust_cs3111h\line-bot-model\build\classes\main\com\linecorp\bot\model\event\ReplyEvent.class]
15:43:47.193 [Test worker] DEBUG org.springframework.context.annotation.ClassPathScanningCandidateComponentProvider - Identified candidate component class: file [C:\Users\user\coding_workspace\comp3111_chatbot\dietbot\hkust_cs3111h\line-bot-model\build\classes\main\com\linecorp\bot\model\event\source\GroupSource.class]
15:43:47.194 [Test worker] DEBUG org.springframework.context.annotation.ClassPathScanningCandidateComponentProvider - Identified candidate component class: file [C:\Users\user\coding_workspace\comp3111_chatbot\dietbot\hkust_cs3111h\line-bot-model\build\classes\main\com\linecorp\bot\model\event\source\RoomSource.class]
15:43:47.196 [Test worker] DEBUG org.springframework.context.annotation.ClassPathScanningCandidateComponentProvider - Ignored because not a concrete top-level class: file [C:\Users\user\coding_workspace\comp3111_chatbot\dietbot\hkust_cs3111h\line-bot-model\build\classes\main\com\linecorp\bot\model\event\source\Source.class]
15:43:47.197 [Test worker] DEBUG org.springframework.context.annotation.ClassPathScanningCandidateComponentProvider - Identified candidate component class: file [C:\Users\user\coding_workspace\comp3111_chatbot\dietbot\hkust_cs3111h\line-bot-model\build\classes\main\com\linecorp\bot\model\event\source\UnknownSource.class]
15:43:47.199 [Test worker] DEBUG org.springframework.context.annotation.ClassPathScanningCandidateComponentProvider - Identified candidate component class: file [C:\Users\user\coding_workspace\comp3111_chatbot\dietbot\hkust_cs3111h\line-bot-model\build\classes\main\com\linecorp\bot\model\event\source\UserSource.class]
15:43:47.200 [Test worker] DEBUG org.springframework.context.annotation.ClassPathScanningCandidateComponentProvider - Identified candidate component class: file [C:\Users\user\coding_workspace\comp3111_chatbot\dietbot\hkust_cs3111h\line-bot-model\build\classes\main\com\linecorp\bot\model\event\UnfollowEvent.class]
15:43:47.203 [Test worker] DEBUG org.springframework.context.annotation.ClassPathScanningCandidateComponentProvider - Identified candidate component class: file [C:\Users\user\coding_workspace\comp3111_chatbot\dietbot\hkust_cs3111h\line-bot-model\build\classes\main\com\linecorp\bot\model\event\UnknownEvent.class]
15:43:47.219 [Test worker] INFO com.linecorp.bot.model.event.ReplyEventTest - eventClasses = [class com.linecorp.bot.model.event.BeaconEvent, class com.linecorp.bot.model.event.FollowEvent, class com.linecorp.bot.model.event.JoinEvent, class com.linecorp.bot.model.event.LeaveEvent, class com.linecorp.bot.model.event.MessageEvent, class com.linecorp.bot.model.event.PostbackEvent, class com.linecorp.bot.model.event.UnfollowEvent, class com.linecorp.bot.model.event.UnknownEvent]
]]></system-out>
  <system-err><![CDATA[]]></system-err>
</testsuite>
