<?xml version="1.0" encoding="UTF-8"?>
<testsuite name="com.linecorp.bot.model.message.ImagemapMessageTest" tests="1" skipped="0" failures="0" errors="0" timestamp="2017-10-30T14:15:15" hostname="Ignaviers-MacBook-Pro.local" time="0.008">
  <properties/>
  <testcase name="test" classname="com.linecorp.bot.model.message.ImagemapMessageTest" time="0.008"/>
  <system-out><![CDATA[]]></system-out>
  <system-err><![CDATA[]]></system-err>
</testsuite>
