<?xml version="1.0" encoding="UTF-8"?>
<testsuite name="com.linecorp.bot.model.event.ReplyEventTest" tests="1" skipped="0" failures="0" errors="0" timestamp="2017-10-30T06:53:14" hostname="Ignaviers-MacBook-Pro.local" time="0.202">
  <properties/>
  <testcase name="eventWithReplyTokenShouldBeImplementReplySupportTest" classname="com.linecorp.bot.model.event.ReplyEventTest" time="0.202"/>
  <system-out><![CDATA[14:53:14.783 [Test worker] DEBUG org.springframework.core.env.StandardEnvironment - Adding [systemProperties] PropertySource with lowest search precedence
14:53:14.786 [Test worker] DEBUG org.springframework.core.env.StandardEnvironment - Adding [systemEnvironment] PropertySource with lowest search precedence
14:53:14.788 [Test worker] DEBUG org.springframework.core.env.StandardEnvironment - Initialized StandardEnvironment with PropertySources [systemProperties,systemEnvironment]
14:53:14.809 [Test worker] DEBUG org.springframework.core.io.support.PathMatchingResourcePatternResolver - Resolved classpath location [com/linecorp/bot/model/event/] to resources [URL [file:/Users/Ignavier/workspace/java/eclipse-sts/hkust_cs3111h/line-bot-model/build/classes/test/com/linecorp/bot/model/event/], URL [file:/Users/Ignavier/workspace/java/eclipse-sts/hkust_cs3111h/line-bot-model/build/classes/main/com/linecorp/bot/model/event/]]
14:53:14.811 [Test worker] DEBUG org.springframework.core.io.support.PathMatchingResourcePatternResolver - Looking for matching resources in directory tree [/Users/Ignavier/workspace/java/eclipse-sts/hkust_cs3111h/line-bot-model/build/classes/test/com/linecorp/bot/model/event]
14:53:14.811 [Test worker] DEBUG org.springframework.core.io.support.PathMatchingResourcePatternResolver - Searching directory [/Users/Ignavier/workspace/java/eclipse-sts/hkust_cs3111h/line-bot-model/build/classes/test/com/linecorp/bot/model/event] for files matching pattern [/Users/Ignavier/workspace/java/eclipse-sts/hkust_cs3111h/line-bot-model/build/classes/test/com/linecorp/bot/model/event/**/*.class]
14:53:14.814 [Test worker] DEBUG org.springframework.core.io.support.PathMatchingResourcePatternResolver - Searching directory [/Users/Ignavier/workspace/java/eclipse-sts/hkust_cs3111h/line-bot-model/build/classes/test/com/linecorp/bot/model/event/beacon] for files matching pattern [/Users/Ignavier/workspace/java/eclipse-sts/hkust_cs3111h/line-bot-model/build/classes/test/com/linecorp/bot/model/event/**/*.class]
14:53:14.817 [Test worker] DEBUG org.springframework.core.io.support.PathMatchingResourcePatternResolver - Looking for matching resources in directory tree [/Users/Ignavier/workspace/java/eclipse-sts/hkust_cs3111h/line-bot-model/build/classes/main/com/linecorp/bot/model/event]
14:53:14.817 [Test worker] DEBUG org.springframework.core.io.support.PathMatchingResourcePatternResolver - Searching directory [/Users/Ignavier/workspace/java/eclipse-sts/hkust_cs3111h/line-bot-model/build/classes/main/com/linecorp/bot/model/event] for files matching pattern [/Users/Ignavier/workspace/java/eclipse-sts/hkust_cs3111h/line-bot-model/build/classes/main/com/linecorp/bot/model/event/**/*.class]
14:53:14.819 [Test worker] DEBUG org.springframework.core.io.support.PathMatchingResourcePatternResolver - Searching directory [/Users/Ignavier/workspace/java/eclipse-sts/hkust_cs3111h/line-bot-model/build/classes/main/com/linecorp/bot/model/event/beacon] for files matching pattern [/Users/Ignavier/workspace/java/eclipse-sts/hkust_cs3111h/line-bot-model/build/classes/main/com/linecorp/bot/model/event/**/*.class]
14:53:14.820 [Test worker] DEBUG org.springframework.core.io.support.PathMatchingResourcePatternResolver - Searching directory [/Users/Ignavier/workspace/java/eclipse-sts/hkust_cs3111h/line-bot-model/build/classes/main/com/linecorp/bot/model/event/message] for files matching pattern [/Users/Ignavier/workspace/java/eclipse-sts/hkust_cs3111h/line-bot-model/build/classes/main/com/linecorp/bot/model/event/**/*.class]
14:53:14.821 [Test worker] DEBUG org.springframework.core.io.support.PathMatchingResourcePatternResolver - Searching directory [/Users/Ignavier/workspace/java/eclipse-sts/hkust_cs3111h/line-bot-model/build/classes/main/com/linecorp/bot/model/event/postback] for files matching pattern [/Users/Ignavier/workspace/java/eclipse-sts/hkust_cs3111h/line-bot-model/build/classes/main/com/linecorp/bot/model/event/**/*.class]
14:53:14.821 [Test worker] DEBUG org.springframework.core.io.support.PathMatchingResourcePatternResolver - Searching directory [/Users/Ignavier/workspace/java/eclipse-sts/hkust_cs3111h/line-bot-model/build/classes/main/com/linecorp/bot/model/event/source] for files matching pattern [/Users/Ignavier/workspace/java/eclipse-sts/hkust_cs3111h/line-bot-model/build/classes/main/com/linecorp/bot/model/event/**/*.class]
14:53:14.824 [Test worker] DEBUG org.springframework.core.io.support.PathMatchingResourcePatternResolver - Resolved location pattern [classpath*:com/linecorp/bot/model/event/**/*.class] to resources [file [/Users/Ignavier/workspace/java/eclipse-sts/hkust_cs3111h/line-bot-model/build/classes/test/com/linecorp/bot/model/event/CallbackRequestTest$RequestTester.class], file [/Users/Ignavier/workspace/java/eclipse-sts/hkust_cs3111h/line-bot-model/build/classes/test/com/linecorp/bot/model/event/CallbackRequestTest.class], file [/Users/Ignavier/workspace/java/eclipse-sts/hkust_cs3111h/line-bot-model/build/classes/test/com/linecorp/bot/model/event/MessageEventTest.class], file [/Users/Ignavier/workspace/java/eclipse-sts/hkust_cs3111h/line-bot-model/build/classes/test/com/linecorp/bot/model/event/ReplyEventTest.class], file [/Users/Ignavier/workspace/java/eclipse-sts/hkust_cs3111h/line-bot-model/build/classes/test/com/linecorp/bot/model/event/beacon/BeaconContentTest.class], file [/Users/Ignavier/workspace/java/eclipse-sts/hkust_cs3111h/line-bot-model/build/classes/test/com/linecorp/bot/model/event/beacon/BeaconContentUtilTest.class], file [/Users/Ignavier/workspace/java/eclipse-sts/hkust_cs3111h/line-bot-model/build/classes/main/com/linecorp/bot/model/event/BeaconEvent.class], file [/Users/Ignavier/workspace/java/eclipse-sts/hkust_cs3111h/line-bot-model/build/classes/main/com/linecorp/bot/model/event/CallbackRequest.class], file [/Users/Ignavier/workspace/java/eclipse-sts/hkust_cs3111h/line-bot-model/build/classes/main/com/linecorp/bot/model/event/Event.class], file [/Users/Ignavier/workspace/java/eclipse-sts/hkust_cs3111h/line-bot-model/build/classes/main/com/linecorp/bot/model/event/FollowEvent.class], file [/Users/Ignavier/workspace/java/eclipse-sts/hkust_cs3111h/line-bot-model/build/classes/main/com/linecorp/bot/model/event/JoinEvent.class], file [/Users/Ignavier/workspace/java/eclipse-sts/hkust_cs3111h/line-bot-model/build/classes/main/com/linecorp/bot/model/event/LeaveEvent.class], file [/Users/Ignavier/workspace/java/eclipse-sts/hkust_cs3111h/line-bot-model/build/classes/main/com/linecorp/bot/model/event/MessageEvent.class], file [/Users/Ignavier/workspace/java/eclipse-sts/hkust_cs3111h/line-bot-model/build/classes/main/com/linecorp/bot/model/event/PostbackEvent.class], file [/Users/Ignavier/workspace/java/eclipse-sts/hkust_cs3111h/line-bot-model/build/classes/main/com/linecorp/bot/model/event/ReplyEvent.class], file [/Users/Ignavier/workspace/java/eclipse-sts/hkust_cs3111h/line-bot-model/build/classes/main/com/linecorp/bot/model/event/UnfollowEvent.class], file [/Users/Ignavier/workspace/java/eclipse-sts/hkust_cs3111h/line-bot-model/build/classes/main/com/linecorp/bot/model/event/UnknownEvent.class], file [/Users/Ignavier/workspace/java/eclipse-sts/hkust_cs3111h/line-bot-model/build/classes/main/com/linecorp/bot/model/event/beacon/BeaconContent.class], file [/Users/Ignavier/workspace/java/eclipse-sts/hkust_cs3111h/line-bot-model/build/classes/main/com/linecorp/bot/model/event/beacon/BeaconContentUtil.class], file [/Users/Ignavier/workspace/java/eclipse-sts/hkust_cs3111h/line-bot-model/build/classes/main/com/linecorp/bot/model/event/message/AudioMessageContent.class], file [/Users/Ignavier/workspace/java/eclipse-sts/hkust_cs3111h/line-bot-model/build/classes/main/com/linecorp/bot/model/event/message/FileMessageContent.class], file [/Users/Ignavier/workspace/java/eclipse-sts/hkust_cs3111h/line-bot-model/build/classes/main/com/linecorp/bot/model/event/message/ImageMessageContent.class], file [/Users/Ignavier/workspace/java/eclipse-sts/hkust_cs3111h/line-bot-model/build/classes/main/com/linecorp/bot/model/event/message/LocationMessageContent.class], file [/Users/Ignavier/workspace/java/eclipse-sts/hkust_cs3111h/line-bot-model/build/classes/main/com/linecorp/bot/model/event/message/MessageContent.class], file [/Users/Ignavier/workspace/java/eclipse-sts/hkust_cs3111h/line-bot-model/build/classes/main/com/linecorp/bot/model/event/message/StickerMessageContent.class], file [/Users/Ignavier/workspace/java/eclipse-sts/hkust_cs3111h/line-bot-model/build/classes/main/com/linecorp/bot/model/event/message/TextMessageContent.class], file [/Users/Ignavier/workspace/java/eclipse-sts/hkust_cs3111h/line-bot-model/build/classes/main/com/linecorp/bot/model/event/message/UnknownMessageContent.class], file [/Users/Ignavier/workspace/java/eclipse-sts/hkust_cs3111h/line-bot-model/build/classes/main/com/linecorp/bot/model/event/message/VideoMessageContent.class], file [/Users/Ignavier/workspace/java/eclipse-sts/hkust_cs3111h/line-bot-model/build/classes/main/com/linecorp/bot/model/event/postback/PostbackContent.class], file [/Users/Ignavier/workspace/java/eclipse-sts/hkust_cs3111h/line-bot-model/build/classes/main/com/linecorp/bot/model/event/source/GroupSource.class], file [/Users/Ignavier/workspace/java/eclipse-sts/hkust_cs3111h/line-bot-model/build/classes/main/com/linecorp/bot/model/event/source/RoomSource.class], file [/Users/Ignavier/workspace/java/eclipse-sts/hkust_cs3111h/line-bot-model/build/classes/main/com/linecorp/bot/model/event/source/Source.class], file [/Users/Ignavier/workspace/java/eclipse-sts/hkust_cs3111h/line-bot-model/build/classes/main/com/linecorp/bot/model/event/source/UnknownSource.class], file [/Users/Ignavier/workspace/java/eclipse-sts/hkust_cs3111h/line-bot-model/build/classes/main/com/linecorp/bot/model/event/source/UserSource.class]]
14:53:14.867 [Test worker] DEBUG org.springframework.context.annotation.ClassPathScanningCandidateComponentProvider - Ignored because not a concrete top-level class: file [/Users/Ignavier/workspace/java/eclipse-sts/hkust_cs3111h/line-bot-model/build/classes/test/com/linecorp/bot/model/event/CallbackRequestTest$RequestTester.class]
14:53:14.884 [Test worker] DEBUG org.springframework.context.annotation.ClassPathScanningCandidateComponentProvider - Identified candidate component class: file [/Users/Ignavier/workspace/java/eclipse-sts/hkust_cs3111h/line-bot-model/build/classes/test/com/linecorp/bot/model/event/CallbackRequestTest.class]
14:53:14.885 [Test worker] DEBUG org.springframework.context.annotation.ClassPathScanningCandidateComponentProvider - Identified candidate component class: file [/Users/Ignavier/workspace/java/eclipse-sts/hkust_cs3111h/line-bot-model/build/classes/test/com/linecorp/bot/model/event/MessageEventTest.class]
14:53:14.886 [Test worker] DEBUG org.springframework.context.annotation.ClassPathScanningCandidateComponentProvider - Identified candidate component class: file [/Users/Ignavier/workspace/java/eclipse-sts/hkust_cs3111h/line-bot-model/build/classes/test/com/linecorp/bot/model/event/ReplyEventTest.class]
14:53:14.886 [Test worker] DEBUG org.springframework.context.annotation.ClassPathScanningCandidateComponentProvider - Identified candidate component class: file [/Users/Ignavier/workspace/java/eclipse-sts/hkust_cs3111h/line-bot-model/build/classes/test/com/linecorp/bot/model/event/beacon/BeaconContentTest.class]
14:53:14.887 [Test worker] DEBUG org.springframework.context.annotation.ClassPathScanningCandidateComponentProvider - Identified candidate component class: file [/Users/Ignavier/workspace/java/eclipse-sts/hkust_cs3111h/line-bot-model/build/classes/test/com/linecorp/bot/model/event/beacon/BeaconContentUtilTest.class]
14:53:14.888 [Test worker] DEBUG org.springframework.context.annotation.ClassPathScanningCandidateComponentProvider - Identified candidate component class: file [/Users/Ignavier/workspace/java/eclipse-sts/hkust_cs3111h/line-bot-model/build/classes/main/com/linecorp/bot/model/event/BeaconEvent.class]
14:53:14.889 [Test worker] DEBUG org.springframework.context.annotation.ClassPathScanningCandidateComponentProvider - Identified candidate component class: file [/Users/Ignavier/workspace/java/eclipse-sts/hkust_cs3111h/line-bot-model/build/classes/main/com/linecorp/bot/model/event/CallbackRequest.class]
14:53:14.890 [Test worker] DEBUG org.springframework.context.annotation.ClassPathScanningCandidateComponentProvider - Ignored because not a concrete top-level class: file [/Users/Ignavier/workspace/java/eclipse-sts/hkust_cs3111h/line-bot-model/build/classes/main/com/linecorp/bot/model/event/Event.class]
14:53:14.892 [Test worker] DEBUG org.springframework.context.annotation.ClassPathScanningCandidateComponentProvider - Identified candidate component class: file [/Users/Ignavier/workspace/java/eclipse-sts/hkust_cs3111h/line-bot-model/build/classes/main/com/linecorp/bot/model/event/FollowEvent.class]
14:53:14.893 [Test worker] DEBUG org.springframework.context.annotation.ClassPathScanningCandidateComponentProvider - Identified candidate component class: file [/Users/Ignavier/workspace/java/eclipse-sts/hkust_cs3111h/line-bot-model/build/classes/main/com/linecorp/bot/model/event/JoinEvent.class]
14:53:14.894 [Test worker] DEBUG org.springframework.context.annotation.ClassPathScanningCandidateComponentProvider - Identified candidate component class: file [/Users/Ignavier/workspace/java/eclipse-sts/hkust_cs3111h/line-bot-model/build/classes/main/com/linecorp/bot/model/event/LeaveEvent.class]
14:53:14.896 [Test worker] DEBUG org.springframework.context.annotation.ClassPathScanningCandidateComponentProvider - Identified candidate component class: file [/Users/Ignavier/workspace/java/eclipse-sts/hkust_cs3111h/line-bot-model/build/classes/main/com/linecorp/bot/model/event/MessageEvent.class]
14:53:14.898 [Test worker] DEBUG org.springframework.context.annotation.ClassPathScanningCandidateComponentProvider - Identified candidate component class: file [/Users/Ignavier/workspace/java/eclipse-sts/hkust_cs3111h/line-bot-model/build/classes/main/com/linecorp/bot/model/event/PostbackEvent.class]
14:53:14.899 [Test worker] DEBUG org.springframework.context.annotation.ClassPathScanningCandidateComponentProvider - Ignored because not a concrete top-level class: file [/Users/Ignavier/workspace/java/eclipse-sts/hkust_cs3111h/line-bot-model/build/classes/main/com/linecorp/bot/model/event/ReplyEvent.class]
14:53:14.901 [Test worker] DEBUG org.springframework.context.annotation.ClassPathScanningCandidateComponentProvider - Identified candidate component class: file [/Users/Ignavier/workspace/java/eclipse-sts/hkust_cs3111h/line-bot-model/build/classes/main/com/linecorp/bot/model/event/UnfollowEvent.class]
14:53:14.902 [Test worker] DEBUG org.springframework.context.annotation.ClassPathScanningCandidateComponentProvider - Identified candidate component class: file [/Users/Ignavier/workspace/java/eclipse-sts/hkust_cs3111h/line-bot-model/build/classes/main/com/linecorp/bot/model/event/UnknownEvent.class]
14:53:14.903 [Test worker] DEBUG org.springframework.context.annotation.ClassPathScanningCandidateComponentProvider - Identified candidate component class: file [/Users/Ignavier/workspace/java/eclipse-sts/hkust_cs3111h/line-bot-model/build/classes/main/com/linecorp/bot/model/event/beacon/BeaconContent.class]
14:53:14.904 [Test worker] DEBUG org.springframework.context.annotation.ClassPathScanningCandidateComponentProvider - Identified candidate component class: file [/Users/Ignavier/workspace/java/eclipse-sts/hkust_cs3111h/line-bot-model/build/classes/main/com/linecorp/bot/model/event/beacon/BeaconContentUtil.class]
14:53:14.905 [Test worker] DEBUG org.springframework.context.annotation.ClassPathScanningCandidateComponentProvider - Identified candidate component class: file [/Users/Ignavier/workspace/java/eclipse-sts/hkust_cs3111h/line-bot-model/build/classes/main/com/linecorp/bot/model/event/message/AudioMessageContent.class]
14:53:14.909 [Test worker] DEBUG org.springframework.context.annotation.ClassPathScanningCandidateComponentProvider - Identified candidate component class: file [/Users/Ignavier/workspace/java/eclipse-sts/hkust_cs3111h/line-bot-model/build/classes/main/com/linecorp/bot/model/event/message/FileMessageContent.class]
14:53:14.910 [Test worker] DEBUG org.springframework.context.annotation.ClassPathScanningCandidateComponentProvider - Identified candidate component class: file [/Users/Ignavier/workspace/java/eclipse-sts/hkust_cs3111h/line-bot-model/build/classes/main/com/linecorp/bot/model/event/message/ImageMessageContent.class]
14:53:14.911 [Test worker] DEBUG org.springframework.context.annotation.ClassPathScanningCandidateComponentProvider - Identified candidate component class: file [/Users/Ignavier/workspace/java/eclipse-sts/hkust_cs3111h/line-bot-model/build/classes/main/com/linecorp/bot/model/event/message/LocationMessageContent.class]
14:53:14.912 [Test worker] DEBUG org.springframework.context.annotation.ClassPathScanningCandidateComponentProvider - Ignored because not a concrete top-level class: file [/Users/Ignavier/workspace/java/eclipse-sts/hkust_cs3111h/line-bot-model/build/classes/main/com/linecorp/bot/model/event/message/MessageContent.class]
14:53:14.913 [Test worker] DEBUG org.springframework.context.annotation.ClassPathScanningCandidateComponentProvider - Identified candidate component class: file [/Users/Ignavier/workspace/java/eclipse-sts/hkust_cs3111h/line-bot-model/build/classes/main/com/linecorp/bot/model/event/message/StickerMessageContent.class]
14:53:14.914 [Test worker] DEBUG org.springframework.context.annotation.ClassPathScanningCandidateComponentProvider - Identified candidate component class: file [/Users/Ignavier/workspace/java/eclipse-sts/hkust_cs3111h/line-bot-model/build/classes/main/com/linecorp/bot/model/event/message/TextMessageContent.class]
14:53:14.915 [Test worker] DEBUG org.springframework.context.annotation.ClassPathScanningCandidateComponentProvider - Identified candidate component class: file [/Users/Ignavier/workspace/java/eclipse-sts/hkust_cs3111h/line-bot-model/build/classes/main/com/linecorp/bot/model/event/message/UnknownMessageContent.class]
14:53:14.916 [Test worker] DEBUG org.springframework.context.annotation.ClassPathScanningCandidateComponentProvider - Identified candidate component class: file [/Users/Ignavier/workspace/java/eclipse-sts/hkust_cs3111h/line-bot-model/build/classes/main/com/linecorp/bot/model/event/message/VideoMessageContent.class]
14:53:14.917 [Test worker] DEBUG org.springframework.context.annotation.ClassPathScanningCandidateComponentProvider - Identified candidate component class: file [/Users/Ignavier/workspace/java/eclipse-sts/hkust_cs3111h/line-bot-model/build/classes/main/com/linecorp/bot/model/event/postback/PostbackContent.class]
14:53:14.918 [Test worker] DEBUG org.springframework.context.annotation.ClassPathScanningCandidateComponentProvider - Identified candidate component class: file [/Users/Ignavier/workspace/java/eclipse-sts/hkust_cs3111h/line-bot-model/build/classes/main/com/linecorp/bot/model/event/source/GroupSource.class]
14:53:14.919 [Test worker] DEBUG org.springframework.context.annotation.ClassPathScanningCandidateComponentProvider - Identified candidate component class: file [/Users/Ignavier/workspace/java/eclipse-sts/hkust_cs3111h/line-bot-model/build/classes/main/com/linecorp/bot/model/event/source/RoomSource.class]
14:53:14.919 [Test worker] DEBUG org.springframework.context.annotation.ClassPathScanningCandidateComponentProvider - Ignored because not a concrete top-level class: file [/Users/Ignavier/workspace/java/eclipse-sts/hkust_cs3111h/line-bot-model/build/classes/main/com/linecorp/bot/model/event/source/Source.class]
14:53:14.920 [Test worker] DEBUG org.springframework.context.annotation.ClassPathScanningCandidateComponentProvider - Identified candidate component class: file [/Users/Ignavier/workspace/java/eclipse-sts/hkust_cs3111h/line-bot-model/build/classes/main/com/linecorp/bot/model/event/source/UnknownSource.class]
14:53:14.921 [Test worker] DEBUG org.springframework.context.annotation.ClassPathScanningCandidateComponentProvider - Identified candidate component class: file [/Users/Ignavier/workspace/java/eclipse-sts/hkust_cs3111h/line-bot-model/build/classes/main/com/linecorp/bot/model/event/source/UserSource.class]
14:53:14.936 [Test worker] INFO com.linecorp.bot.model.event.ReplyEventTest - eventClasses = [class com.linecorp.bot.model.event.BeaconEvent, class com.linecorp.bot.model.event.FollowEvent, class com.linecorp.bot.model.event.JoinEvent, class com.linecorp.bot.model.event.LeaveEvent, class com.linecorp.bot.model.event.MessageEvent, class com.linecorp.bot.model.event.PostbackEvent, class com.linecorp.bot.model.event.UnfollowEvent, class com.linecorp.bot.model.event.UnknownEvent]
]]></system-out>
  <system-err><![CDATA[]]></system-err>
</testsuite>
