<?xml version="1.0" encoding="UTF-8"?>
<testsuite name="com.linecorp.bot.model.message.ImagemapMessageTest" tests="1" skipped="0" failures="0" errors="0" timestamp="2017-10-31T07:43:47" hostname="Lenovo-PC" time="0.009">
  <properties/>
  <testcase name="test" classname="com.linecorp.bot.model.message.ImagemapMessageTest" time="0.009"/>
  <system-out><![CDATA[]]></system-out>
  <system-err><![CDATA[]]></system-err>
</testsuite>
