<?xml version="1.0" encoding="UTF-8"?>
<testsuite name="com.linecorp.bot.model.event.ReplyEventTest" tests="1" skipped="0" failures="0" errors="0" timestamp="2017-11-01T03:58:24" hostname="Ignaviers-MacBook-Pro.local" time="0.195">
  <properties/>
  <testcase name="eventWithReplyTokenShouldBeImplementReplySupportTest" classname="com.linecorp.bot.model.event.ReplyEventTest" time="0.195"/>
  <system-out><![CDATA[11:58:24.770 [Test worker] DEBUG org.springframework.core.env.StandardEnvironment - Adding [systemProperties] PropertySource with lowest search precedence
11:58:24.776 [Test worker] DEBUG org.springframework.core.env.StandardEnvironment - Adding [systemEnvironment] PropertySource with lowest search precedence
11:58:24.777 [Test worker] DEBUG org.springframework.core.env.StandardEnvironment - Initialized StandardEnvironment with PropertySources [systemProperties,systemEnvironment]
11:58:24.796 [Test worker] DEBUG org.springframework.core.io.support.PathMatchingResourcePatternResolver - Resolved classpath location [com/linecorp/bot/model/event/] to resources [URL [file:/Users/Ignavier/workspace/java/eclipse-sts/hkust_cs3111h/line-bot-model/build/classes/test/com/linecorp/bot/model/event/], URL [file:/Users/Ignavier/workspace/java/eclipse-sts/hkust_cs3111h/line-bot-model/build/classes/main/com/linecorp/bot/model/event/]]
11:58:24.797 [Test worker] DEBUG org.springframework.core.io.support.PathMatchingResourcePatternResolver - Looking for matching resources in directory tree [/Users/Ignavier/workspace/java/eclipse-sts/hkust_cs3111h/line-bot-model/build/classes/test/com/linecorp/bot/model/event]
11:58:24.798 [Test worker] DEBUG org.springframework.core.io.support.PathMatchingResourcePatternResolver - Searching directory [/Users/Ignavier/workspace/java/eclipse-sts/hkust_cs3111h/line-bot-model/build/classes/test/com/linecorp/bot/model/event] for files matching pattern [/Users/Ignavier/workspace/java/eclipse-sts/hkust_cs3111h/line-bot-model/build/classes/test/com/linecorp/bot/model/event/**/*.class]
11:58:24.804 [Test worker] DEBUG org.springframework.core.io.support.PathMatchingResourcePatternResolver - Searching directory [/Users/Ignavier/workspace/java/eclipse-sts/hkust_cs3111h/line-bot-model/build/classes/test/com/linecorp/bot/model/event/beacon] for files matching pattern [/Users/Ignavier/workspace/java/eclipse-sts/hkust_cs3111h/line-bot-model/build/classes/test/com/linecorp/bot/model/event/**/*.class]
11:58:24.809 [Test worker] DEBUG org.springframework.core.io.support.PathMatchingResourcePatternResolver - Looking for matching resources in directory tree [/Users/Ignavier/workspace/java/eclipse-sts/hkust_cs3111h/line-bot-model/build/classes/main/com/linecorp/bot/model/event]
11:58:24.809 [Test worker] DEBUG org.springframework.core.io.support.PathMatchingResourcePatternResolver - Searching directory [/Users/Ignavier/workspace/java/eclipse-sts/hkust_cs3111h/line-bot-model/build/classes/main/com/linecorp/bot/model/event] for files matching pattern [/Users/Ignavier/workspace/java/eclipse-sts/hkust_cs3111h/line-bot-model/build/classes/main/com/linecorp/bot/model/event/**/*.class]
11:58:24.811 [Test worker] DEBUG org.springframework.core.io.support.PathMatchingResourcePatternResolver - Searching directory [/Users/Ignavier/workspace/java/eclipse-sts/hkust_cs3111h/line-bot-model/build/classes/main/com/linecorp/bot/model/event/beacon] for files matching pattern [/Users/Ignavier/workspace/java/eclipse-sts/hkust_cs3111h/line-bot-model/build/classes/main/com/linecorp/bot/model/event/**/*.class]
11:58:24.811 [Test worker] DEBUG org.springframework.core.io.support.PathMatchingResourcePatternResolver - Searching directory [/Users/Ignavier/workspace/java/eclipse-sts/hkust_cs3111h/line-bot-model/build/classes/main/com/linecorp/bot/model/event/message] for files matching pattern [/Users/Ignavier/workspace/java/eclipse-sts/hkust_cs3111h/line-bot-model/build/classes/main/com/linecorp/bot/model/event/**/*.class]
11:58:24.813 [Test worker] DEBUG org.springframework.core.io.support.PathMatchingResourcePatternResolver - Searching directory [/Users/Ignavier/workspace/java/eclipse-sts/hkust_cs3111h/line-bot-model/build/classes/main/com/linecorp/bot/model/event/postback] for files matching pattern [/Users/Ignavier/workspace/java/eclipse-sts/hkust_cs3111h/line-bot-model/build/classes/main/com/linecorp/bot/model/event/**/*.class]
11:58:24.813 [Test worker] DEBUG org.springframework.core.io.support.PathMatchingResourcePatternResolver - Searching directory [/Users/Ignavier/workspace/java/eclipse-sts/hkust_cs3111h/line-bot-model/build/classes/main/com/linecorp/bot/model/event/source] for files matching pattern [/Users/Ignavier/workspace/java/eclipse-sts/hkust_cs3111h/line-bot-model/build/classes/main/com/linecorp/bot/model/event/**/*.class]
11:58:24.816 [Test worker] DEBUG org.springframework.core.io.support.PathMatchingResourcePatternResolver - Resolved location pattern [classpath*:com/linecorp/bot/model/event/**/*.class] to resources [file [/Users/Ignavier/workspace/java/eclipse-sts/hkust_cs3111h/line-bot-model/build/classes/test/com/linecorp/bot/model/event/CallbackRequestTest$RequestTester.class], file [/Users/Ignavier/workspace/java/eclipse-sts/hkust_cs3111h/line-bot-model/build/classes/test/com/linecorp/bot/model/event/CallbackRequestTest.class], file [/Users/Ignavier/workspace/java/eclipse-sts/hkust_cs3111h/line-bot-model/build/classes/test/com/linecorp/bot/model/event/MessageEventTest.class], file [/Users/Ignavier/workspace/java/eclipse-sts/hkust_cs3111h/line-bot-model/build/classes/test/com/linecorp/bot/model/event/ReplyEventTest.class], file [/Users/Ignavier/workspace/java/eclipse-sts/hkust_cs3111h/line-bot-model/build/classes/test/com/linecorp/bot/model/event/beacon/BeaconContentTest.class], file [/Users/Ignavier/workspace/java/eclipse-sts/hkust_cs3111h/line-bot-model/build/classes/test/com/linecorp/bot/model/event/beacon/BeaconContentUtilTest.class], file [/Users/Ignavier/workspace/java/eclipse-sts/hkust_cs3111h/line-bot-model/build/classes/main/com/linecorp/bot/model/event/BeaconEvent.class], file [/Users/Ignavier/workspace/java/eclipse-sts/hkust_cs3111h/line-bot-model/build/classes/main/com/linecorp/bot/model/event/CallbackRequest.class], file [/Users/Ignavier/workspace/java/eclipse-sts/hkust_cs3111h/line-bot-model/build/classes/main/com/linecorp/bot/model/event/Event.class], file [/Users/Ignavier/workspace/java/eclipse-sts/hkust_cs3111h/line-bot-model/build/classes/main/com/linecorp/bot/model/event/FollowEvent.class], file [/Users/Ignavier/workspace/java/eclipse-sts/hkust_cs3111h/line-bot-model/build/classes/main/com/linecorp/bot/model/event/JoinEvent.class], file [/Users/Ignavier/workspace/java/eclipse-sts/hkust_cs3111h/line-bot-model/build/classes/main/com/linecorp/bot/model/event/LeaveEvent.class], file [/Users/Ignavier/workspace/java/eclipse-sts/hkust_cs3111h/line-bot-model/build/classes/main/com/linecorp/bot/model/event/MessageEvent.class], file [/Users/Ignavier/workspace/java/eclipse-sts/hkust_cs3111h/line-bot-model/build/classes/main/com/linecorp/bot/model/event/PostbackEvent.class], file [/Users/Ignavier/workspace/java/eclipse-sts/hkust_cs3111h/line-bot-model/build/classes/main/com/linecorp/bot/model/event/ReplyEvent.class], file [/Users/Ignavier/workspace/java/eclipse-sts/hkust_cs3111h/line-bot-model/build/classes/main/com/linecorp/bot/model/event/UnfollowEvent.class], file [/Users/Ignavier/workspace/java/eclipse-sts/hkust_cs3111h/line-bot-model/build/classes/main/com/linecorp/bot/model/event/UnknownEvent.class], file [/Users/Ignavier/workspace/java/eclipse-sts/hkust_cs3111h/line-bot-model/build/classes/main/com/linecorp/bot/model/event/beacon/BeaconContent.class], file [/Users/Ignavier/workspace/java/eclipse-sts/hkust_cs3111h/line-bot-model/build/classes/main/com/linecorp/bot/model/event/beacon/BeaconContentUtil.class], file [/Users/Ignavier/workspace/java/eclipse-sts/hkust_cs3111h/line-bot-model/build/classes/main/com/linecorp/bot/model/event/message/AudioMessageContent.class], file [/Users/Ignavier/workspace/java/eclipse-sts/hkust_cs3111h/line-bot-model/build/classes/main/com/linecorp/bot/model/event/message/FileMessageContent.class], file [/Users/Ignavier/workspace/java/eclipse-sts/hkust_cs3111h/line-bot-model/build/classes/main/com/linecorp/bot/model/event/message/ImageMessageContent.class], file [/Users/Ignavier/workspace/java/eclipse-sts/hkust_cs3111h/line-bot-model/build/classes/main/com/linecorp/bot/model/event/message/LocationMessageContent.class], file [/Users/Ignavier/workspace/java/eclipse-sts/hkust_cs3111h/line-bot-model/build/classes/main/com/linecorp/bot/model/event/message/MessageContent.class], file [/Users/Ignavier/workspace/java/eclipse-sts/hkust_cs3111h/line-bot-model/build/classes/main/com/linecorp/bot/model/event/message/StickerMessageContent.class], file [/Users/Ignavier/workspace/java/eclipse-sts/hkust_cs3111h/line-bot-model/build/classes/main/com/linecorp/bot/model/event/message/TextMessageContent.class], file [/Users/Ignavier/workspace/java/eclipse-sts/hkust_cs3111h/line-bot-model/build/classes/main/com/linecorp/bot/model/event/message/UnknownMessageContent.class], file [/Users/Ignavier/workspace/java/eclipse-sts/hkust_cs3111h/line-bot-model/build/classes/main/com/linecorp/bot/model/event/message/VideoMessageContent.class], file [/Users/Ignavier/workspace/java/eclipse-sts/hkust_cs3111h/line-bot-model/build/classes/main/com/linecorp/bot/model/event/postback/PostbackContent.class], file [/Users/Ignavier/workspace/java/eclipse-sts/hkust_cs3111h/line-bot-model/build/classes/main/com/linecorp/bot/model/event/source/GroupSource.class], file [/Users/Ignavier/workspace/java/eclipse-sts/hkust_cs3111h/line-bot-model/build/classes/main/com/linecorp/bot/model/event/source/RoomSource.class], file [/Users/Ignavier/workspace/java/eclipse-sts/hkust_cs3111h/line-bot-model/build/classes/main/com/linecorp/bot/model/event/source/Source.class], file [/Users/Ignavier/workspace/java/eclipse-sts/hkust_cs3111h/line-bot-model/build/classes/main/com/linecorp/bot/model/event/source/UnknownSource.class], file [/Users/Ignavier/workspace/java/eclipse-sts/hkust_cs3111h/line-bot-model/build/classes/main/com/linecorp/bot/model/event/source/UserSource.class]]
11:58:24.859 [Test worker] DEBUG org.springframework.context.annotation.ClassPathScanningCandidateComponentProvider - Ignored because not a concrete top-level class: file [/Users/Ignavier/workspace/java/eclipse-sts/hkust_cs3111h/line-bot-model/build/classes/test/com/linecorp/bot/model/event/CallbackRequestTest$RequestTester.class]
11:58:24.875 [Test worker] DEBUG org.springframework.context.annotation.ClassPathScanningCandidateComponentProvider - Identified candidate component class: file [/Users/Ignavier/workspace/java/eclipse-sts/hkust_cs3111h/line-bot-model/build/classes/test/com/linecorp/bot/model/event/CallbackRequestTest.class]
11:58:24.876 [Test worker] DEBUG org.springframework.context.annotation.ClassPathScanningCandidateComponentProvider - Identified candidate component class: file [/Users/Ignavier/workspace/java/eclipse-sts/hkust_cs3111h/line-bot-model/build/classes/test/com/linecorp/bot/model/event/MessageEventTest.class]
11:58:24.877 [Test worker] DEBUG org.springframework.context.annotation.ClassPathScanningCandidateComponentProvider - Identified candidate component class: file [/Users/Ignavier/workspace/java/eclipse-sts/hkust_cs3111h/line-bot-model/build/classes/test/com/linecorp/bot/model/event/ReplyEventTest.class]
11:58:24.878 [Test worker] DEBUG org.springframework.context.annotation.ClassPathScanningCandidateComponentProvider - Identified candidate component class: file [/Users/Ignavier/workspace/java/eclipse-sts/hkust_cs3111h/line-bot-model/build/classes/test/com/linecorp/bot/model/event/beacon/BeaconContentTest.class]
11:58:24.878 [Test worker] DEBUG org.springframework.context.annotation.ClassPathScanningCandidateComponentProvider - Identified candidate component class: file [/Users/Ignavier/workspace/java/eclipse-sts/hkust_cs3111h/line-bot-model/build/classes/test/com/linecorp/bot/model/event/beacon/BeaconContentUtilTest.class]
11:58:24.880 [Test worker] DEBUG org.springframework.context.annotation.ClassPathScanningCandidateComponentProvider - Identified candidate component class: file [/Users/Ignavier/workspace/java/eclipse-sts/hkust_cs3111h/line-bot-model/build/classes/main/com/linecorp/bot/model/event/BeaconEvent.class]
11:58:24.880 [Test worker] DEBUG org.springframework.context.annotation.ClassPathScanningCandidateComponentProvider - Identified candidate component class: file [/Users/Ignavier/workspace/java/eclipse-sts/hkust_cs3111h/line-bot-model/build/classes/main/com/linecorp/bot/model/event/CallbackRequest.class]
11:58:24.882 [Test worker] DEBUG org.springframework.context.annotation.ClassPathScanningCandidateComponentProvider - Ignored because not a concrete top-level class: file [/Users/Ignavier/workspace/java/eclipse-sts/hkust_cs3111h/line-bot-model/build/classes/main/com/linecorp/bot/model/event/Event.class]
11:58:24.883 [Test worker] DEBUG org.springframework.context.annotation.ClassPathScanningCandidateComponentProvider - Identified candidate component class: file [/Users/Ignavier/workspace/java/eclipse-sts/hkust_cs3111h/line-bot-model/build/classes/main/com/linecorp/bot/model/event/FollowEvent.class]
11:58:24.884 [Test worker] DEBUG org.springframework.context.annotation.ClassPathScanningCandidateComponentProvider - Identified candidate component class: file [/Users/Ignavier/workspace/java/eclipse-sts/hkust_cs3111h/line-bot-model/build/classes/main/com/linecorp/bot/model/event/JoinEvent.class]
11:58:24.885 [Test worker] DEBUG org.springframework.context.annotation.ClassPathScanningCandidateComponentProvider - Identified candidate component class: file [/Users/Ignavier/workspace/java/eclipse-sts/hkust_cs3111h/line-bot-model/build/classes/main/com/linecorp/bot/model/event/LeaveEvent.class]
11:58:24.887 [Test worker] DEBUG org.springframework.context.annotation.ClassPathScanningCandidateComponentProvider - Identified candidate component class: file [/Users/Ignavier/workspace/java/eclipse-sts/hkust_cs3111h/line-bot-model/build/classes/main/com/linecorp/bot/model/event/MessageEvent.class]
11:58:24.888 [Test worker] DEBUG org.springframework.context.annotation.ClassPathScanningCandidateComponentProvider - Identified candidate component class: file [/Users/Ignavier/workspace/java/eclipse-sts/hkust_cs3111h/line-bot-model/build/classes/main/com/linecorp/bot/model/event/PostbackEvent.class]
11:58:24.889 [Test worker] DEBUG org.springframework.context.annotation.ClassPathScanningCandidateComponentProvider - Ignored because not a concrete top-level class: file [/Users/Ignavier/workspace/java/eclipse-sts/hkust_cs3111h/line-bot-model/build/classes/main/com/linecorp/bot/model/event/ReplyEvent.class]
11:58:24.892 [Test worker] DEBUG org.springframework.context.annotation.ClassPathScanningCandidateComponentProvider - Identified candidate component class: file [/Users/Ignavier/workspace/java/eclipse-sts/hkust_cs3111h/line-bot-model/build/classes/main/com/linecorp/bot/model/event/UnfollowEvent.class]
11:58:24.893 [Test worker] DEBUG org.springframework.context.annotation.ClassPathScanningCandidateComponentProvider - Identified candidate component class: file [/Users/Ignavier/workspace/java/eclipse-sts/hkust_cs3111h/line-bot-model/build/classes/main/com/linecorp/bot/model/event/UnknownEvent.class]
11:58:24.895 [Test worker] DEBUG org.springframework.context.annotation.ClassPathScanningCandidateComponentProvider - Identified candidate component class: file [/Users/Ignavier/workspace/java/eclipse-sts/hkust_cs3111h/line-bot-model/build/classes/main/com/linecorp/bot/model/event/beacon/BeaconContent.class]
11:58:24.896 [Test worker] DEBUG org.springframework.context.annotation.ClassPathScanningCandidateComponentProvider - Identified candidate component class: file [/Users/Ignavier/workspace/java/eclipse-sts/hkust_cs3111h/line-bot-model/build/classes/main/com/linecorp/bot/model/event/beacon/BeaconContentUtil.class]
11:58:24.896 [Test worker] DEBUG org.springframework.context.annotation.ClassPathScanningCandidateComponentProvider - Identified candidate component class: file [/Users/Ignavier/workspace/java/eclipse-sts/hkust_cs3111h/line-bot-model/build/classes/main/com/linecorp/bot/model/event/message/AudioMessageContent.class]
11:58:24.900 [Test worker] DEBUG org.springframework.context.annotation.ClassPathScanningCandidateComponentProvider - Identified candidate component class: file [/Users/Ignavier/workspace/java/eclipse-sts/hkust_cs3111h/line-bot-model/build/classes/main/com/linecorp/bot/model/event/message/FileMessageContent.class]
11:58:24.901 [Test worker] DEBUG org.springframework.context.annotation.ClassPathScanningCandidateComponentProvider - Identified candidate component class: file [/Users/Ignavier/workspace/java/eclipse-sts/hkust_cs3111h/line-bot-model/build/classes/main/com/linecorp/bot/model/event/message/ImageMessageContent.class]
11:58:24.902 [Test worker] DEBUG org.springframework.context.annotation.ClassPathScanningCandidateComponentProvider - Identified candidate component class: file [/Users/Ignavier/workspace/java/eclipse-sts/hkust_cs3111h/line-bot-model/build/classes/main/com/linecorp/bot/model/event/message/LocationMessageContent.class]
11:58:24.902 [Test worker] DEBUG org.springframework.context.annotation.ClassPathScanningCandidateComponentProvider - Ignored because not a concrete top-level class: file [/Users/Ignavier/workspace/java/eclipse-sts/hkust_cs3111h/line-bot-model/build/classes/main/com/linecorp/bot/model/event/message/MessageContent.class]
11:58:24.903 [Test worker] DEBUG org.springframework.context.annotation.ClassPathScanningCandidateComponentProvider - Identified candidate component class: file [/Users/Ignavier/workspace/java/eclipse-sts/hkust_cs3111h/line-bot-model/build/classes/main/com/linecorp/bot/model/event/message/StickerMessageContent.class]
11:58:24.904 [Test worker] DEBUG org.springframework.context.annotation.ClassPathScanningCandidateComponentProvider - Identified candidate component class: file [/Users/Ignavier/workspace/java/eclipse-sts/hkust_cs3111h/line-bot-model/build/classes/main/com/linecorp/bot/model/event/message/TextMessageContent.class]
11:58:24.904 [Test worker] DEBUG org.springframework.context.annotation.ClassPathScanningCandidateComponentProvider - Identified candidate component class: file [/Users/Ignavier/workspace/java/eclipse-sts/hkust_cs3111h/line-bot-model/build/classes/main/com/linecorp/bot/model/event/message/UnknownMessageContent.class]
11:58:24.905 [Test worker] DEBUG org.springframework.context.annotation.ClassPathScanningCandidateComponentProvider - Identified candidate component class: file [/Users/Ignavier/workspace/java/eclipse-sts/hkust_cs3111h/line-bot-model/build/classes/main/com/linecorp/bot/model/event/message/VideoMessageContent.class]
11:58:24.906 [Test worker] DEBUG org.springframework.context.annotation.ClassPathScanningCandidateComponentProvider - Identified candidate component class: file [/Users/Ignavier/workspace/java/eclipse-sts/hkust_cs3111h/line-bot-model/build/classes/main/com/linecorp/bot/model/event/postback/PostbackContent.class]
11:58:24.906 [Test worker] DEBUG org.springframework.context.annotation.ClassPathScanningCandidateComponentProvider - Identified candidate component class: file [/Users/Ignavier/workspace/java/eclipse-sts/hkust_cs3111h/line-bot-model/build/classes/main/com/linecorp/bot/model/event/source/GroupSource.class]
11:58:24.907 [Test worker] DEBUG org.springframework.context.annotation.ClassPathScanningCandidateComponentProvider - Identified candidate component class: file [/Users/Ignavier/workspace/java/eclipse-sts/hkust_cs3111h/line-bot-model/build/classes/main/com/linecorp/bot/model/event/source/RoomSource.class]
11:58:24.908 [Test worker] DEBUG org.springframework.context.annotation.ClassPathScanningCandidateComponentProvider - Ignored because not a concrete top-level class: file [/Users/Ignavier/workspace/java/eclipse-sts/hkust_cs3111h/line-bot-model/build/classes/main/com/linecorp/bot/model/event/source/Source.class]
11:58:24.909 [Test worker] DEBUG org.springframework.context.annotation.ClassPathScanningCandidateComponentProvider - Identified candidate component class: file [/Users/Ignavier/workspace/java/eclipse-sts/hkust_cs3111h/line-bot-model/build/classes/main/com/linecorp/bot/model/event/source/UnknownSource.class]
11:58:24.910 [Test worker] DEBUG org.springframework.context.annotation.ClassPathScanningCandidateComponentProvider - Identified candidate component class: file [/Users/Ignavier/workspace/java/eclipse-sts/hkust_cs3111h/line-bot-model/build/classes/main/com/linecorp/bot/model/event/source/UserSource.class]
11:58:24.927 [Test worker] INFO com.linecorp.bot.model.event.ReplyEventTest - eventClasses = [class com.linecorp.bot.model.event.BeaconEvent, class com.linecorp.bot.model.event.FollowEvent, class com.linecorp.bot.model.event.JoinEvent, class com.linecorp.bot.model.event.LeaveEvent, class com.linecorp.bot.model.event.MessageEvent, class com.linecorp.bot.model.event.PostbackEvent, class com.linecorp.bot.model.event.UnfollowEvent, class com.linecorp.bot.model.event.UnknownEvent]
]]></system-out>
  <system-err><![CDATA[]]></system-err>
</testsuite>
