<?xml version="1.0" encoding="UTF-8"?>
<testsuite name="com.example.bot.spring.DietbotTester" tests="2" skipped="0" failures="0" errors="0" timestamp="2017-10-30T14:11:34" hostname="Lenovo-PC" time="0.058">
  <properties/>
  <testcase name="testNotFound" classname="com.example.bot.spring.DietbotTester" time="0.046"/>
  <testcase name="testFound" classname="com.example.bot.spring.DietbotTester" time="0.006"/>
  <system-out><![CDATA[22:11:32.761 [Test worker] DEBUG org.springframework.test.context.junit4.SpringJUnit4ClassRunner - SpringJUnit4ClassRunner constructor called with [class com.example.bot.spring.DietbotTester]
22:11:32.770 [Test worker] DEBUG org.springframework.test.context.BootstrapUtils - Instantiating CacheAwareContextLoaderDelegate from class [org.springframework.test.context.cache.DefaultCacheAwareContextLoaderDelegate]
22:11:32.786 [Test worker] DEBUG org.springframework.test.context.BootstrapUtils - Instantiating BootstrapContext using constructor [public org.springframework.test.context.support.DefaultBootstrapContext(java.lang.Class,org.springframework.test.context.CacheAwareContextLoaderDelegate)]
22:11:32.815 [Test worker] DEBUG org.springframework.test.context.BootstrapUtils - Instantiating TestContextBootstrapper for test class [com.example.bot.spring.DietbotTester] from class [org.springframework.boot.test.context.SpringBootTestContextBootstrapper]
22:11:32.843 [Test worker] INFO org.springframework.boot.test.context.SpringBootTestContextBootstrapper - Neither @ContextConfiguration nor @ContextHierarchy found for test class [com.example.bot.spring.DietbotTester], using SpringBootContextLoader
22:11:32.849 [Test worker] DEBUG org.springframework.test.context.support.AbstractContextLoader - Did not detect default resource location for test class [com.example.bot.spring.DietbotTester]: class path resource [com/example/bot/spring/DietbotTester-context.xml] does not exist
22:11:32.849 [Test worker] DEBUG org.springframework.test.context.support.AbstractContextLoader - Did not detect default resource location for test class [com.example.bot.spring.DietbotTester]: class path resource [com/example/bot/spring/DietbotTesterContext.groovy] does not exist
22:11:32.849 [Test worker] INFO org.springframework.test.context.support.AbstractContextLoader - Could not detect default resource locations for test class [com.example.bot.spring.DietbotTester]: no resource found for suffixes {-context.xml, Context.groovy}.
22:11:32.906 [Test worker] DEBUG org.springframework.test.context.support.ActiveProfilesUtils - Could not find an 'annotation declaring class' for annotation type [org.springframework.test.context.ActiveProfiles] and class [com.example.bot.spring.DietbotTester]
22:11:32.917 [Test worker] DEBUG org.springframework.boot.test.context.SpringBootTestContextBootstrapper - @TestExecutionListeners is not present for class [com.example.bot.spring.DietbotTester]: using defaults.
22:11:32.923 [Test worker] INFO org.springframework.boot.test.context.SpringBootTestContextBootstrapper - Loaded default TestExecutionListener class names from location [META-INF/spring.factories]: [org.springframework.boot.test.mock.mockito.MockitoTestExecutionListener, org.springframework.boot.test.mock.mockito.ResetMocksTestExecutionListener, org.springframework.boot.test.autoconfigure.restdocs.RestDocsTestExecutionListener, org.springframework.boot.test.autoconfigure.web.client.MockRestServiceServerResetTestExecutionListener, org.springframework.boot.test.autoconfigure.web.servlet.MockMvcPrintOnlyOnFailureTestExecutionListener, org.springframework.boot.test.autoconfigure.web.servlet.WebDriverTestExecutionListener, org.springframework.test.context.web.ServletTestExecutionListener, org.springframework.test.context.support.DirtiesContextBeforeModesTestExecutionListener, org.springframework.test.context.support.DependencyInjectionTestExecutionListener, org.springframework.test.context.support.DirtiesContextTestExecutionListener, org.springframework.test.context.transaction.TransactionalTestExecutionListener, org.springframework.test.context.jdbc.SqlScriptsTestExecutionListener]
22:11:32.938 [Test worker] INFO org.springframework.boot.test.context.SpringBootTestContextBootstrapper - Could not instantiate TestExecutionListener [org.springframework.test.context.jdbc.SqlScriptsTestExecutionListener]. Specify custom listener classes or make the default listener classes (and their required dependencies) available. Offending class: [org/springframework/transaction/interceptor/TransactionAttribute]
22:11:32.943 [Test worker] INFO org.springframework.boot.test.context.SpringBootTestContextBootstrapper - Could not instantiate TestExecutionListener [org.springframework.test.context.transaction.TransactionalTestExecutionListener]. Specify custom listener classes or make the default listener classes (and their required dependencies) available. Offending class: [org/springframework/transaction/interceptor/TransactionAttributeSource]
22:11:32.943 [Test worker] INFO org.springframework.boot.test.context.SpringBootTestContextBootstrapper - Using TestExecutionListeners: [org.springframework.test.context.web.ServletTestExecutionListener@5f079a8c, org.springframework.test.context.support.DirtiesContextBeforeModesTestExecutionListener@20a7ee91, org.springframework.boot.test.autoconfigure.SpringBootDependencyInjectionTestExecutionListener@defab7, org.springframework.test.context.support.DirtiesContextTestExecutionListener@586c363e, org.springframework.boot.test.mock.mockito.ResetMocksTestExecutionListener@3bdc1445, org.springframework.boot.test.mock.mockito.MockitoTestExecutionListener@2410a6c9, org.springframework.boot.test.autoconfigure.restdocs.RestDocsTestExecutionListener@53ecebbe, org.springframework.boot.test.autoconfigure.web.servlet.WebDriverTestExecutionListener@6a08ea3b, org.springframework.boot.test.autoconfigure.web.client.MockRestServiceServerResetTestExecutionListener@31adb503, org.springframework.boot.test.autoconfigure.web.servlet.MockMvcPrintOnlyOnFailureTestExecutionListener@102a7b11]
22:11:32.948 [Test worker] DEBUG org.springframework.test.annotation.ProfileValueUtils - Retrieved @ProfileValueSourceConfiguration [null] for test class [com.example.bot.spring.DietbotTester]
22:11:32.949 [Test worker] DEBUG org.springframework.test.annotation.ProfileValueUtils - Retrieved ProfileValueSource type [class org.springframework.test.annotation.SystemProfileValueSource] for class [com.example.bot.spring.DietbotTester]
22:11:32.949 [Test worker] DEBUG org.springframework.test.annotation.ProfileValueUtils - Retrieved @ProfileValueSourceConfiguration [null] for test class [com.example.bot.spring.DietbotTester]
22:11:32.949 [Test worker] DEBUG org.springframework.test.annotation.ProfileValueUtils - Retrieved ProfileValueSource type [class org.springframework.test.annotation.SystemProfileValueSource] for class [com.example.bot.spring.DietbotTester]
22:11:32.956 [Test worker] DEBUG org.springframework.test.context.support.AbstractDirtiesContextTestExecutionListener - Before test class: context [DefaultTestContext@2f5b8e6c testClass = DietbotTester, testInstance = [null], testMethod = [null], testException = [null], mergedContextConfiguration = [WebMergedContextConfiguration@663daa6 testClass = DietbotTester, locations = '{}', classes = '{class com.example.bot.spring.DietbotTester, class com.example.bot.spring.SQLDatabaseEngine, class com.example.bot.spring.DietbotTester, class com.example.bot.spring.SQLDatabaseEngine}', contextInitializerClasses = '[]', activeProfiles = '{}', propertySourceLocations = '{}', propertySourceProperties = '{org.springframework.boot.test.context.SpringBootTestContextBootstrapper=true}', contextCustomizers = set[org.springframework.boot.test.context.SpringBootTestContextCustomizer@1346c3c8, org.springframework.boot.test.context.filter.ExcludeFilterContextCustomizer@21381ede, org.springframework.boot.test.mock.mockito.MockitoContextCustomizer@0, org.springframework.boot.test.autoconfigure.properties.PropertyMappingContextCustomizer@0, org.springframework.boot.test.autoconfigure.web.servlet.WebDriverContextCustomizerFactory$Customizer@478f99e8], resourceBasePath = 'src/main/webapp', contextLoader = 'org.springframework.boot.test.context.SpringBootContextLoader', parent = [null]]], class annotated with @DirtiesContext [false] with mode [null].
22:11:32.958 [Test worker] DEBUG org.springframework.test.annotation.ProfileValueUtils - Retrieved @ProfileValueSourceConfiguration [null] for test class [com.example.bot.spring.DietbotTester]
22:11:32.958 [Test worker] DEBUG org.springframework.test.annotation.ProfileValueUtils - Retrieved ProfileValueSource type [class org.springframework.test.annotation.SystemProfileValueSource] for class [com.example.bot.spring.DietbotTester]
22:11:33.074 [Test worker] DEBUG org.springframework.core.env.StandardEnvironment - Adding [systemProperties] PropertySource with lowest search precedence
22:11:33.075 [Test worker] DEBUG org.springframework.core.env.StandardEnvironment - Adding [systemEnvironment] PropertySource with lowest search precedence
22:11:33.075 [Test worker] DEBUG org.springframework.core.env.StandardEnvironment - Initialized StandardEnvironment with PropertySources [systemProperties,systemEnvironment]
22:11:33.077 [Test worker] DEBUG org.springframework.test.context.support.TestPropertySourceUtils - Adding inlined properties to environment: {spring.jmx.enabled=false, org.springframework.boot.test.context.SpringBootTestContextBootstrapper=true, server.port=-1}
22:11:33.078 [Test worker] DEBUG org.springframework.core.env.StandardEnvironment - Adding [Inlined Test Properties] PropertySource with highest search precedence

  .   ____          _            __ _ _
 /\\ / ___'_ __ _ _(_)_ __  __ _ \ \ \ \
( ( )\___ | '_ | '_| | '_ \/ _` | \ \ \ \
 \\/  ___)| |_)| | | | | || (_| |  ) ) ) )
  '  |____| .__|_| |_|_| |_\__, | / / / /
 =========|_|==============|___/=/_/_/_/
 :: Spring Boot ::        (v1.4.2.RELEASE)

2017-10-30 22:11:33.743  INFO 8368 --- [    Test worker] com.example.bot.spring.DietbotTester     : Starting DietbotTester on Lenovo-PC with PID 8368 (started by user in C:\Users\user\coding_workspace\comp3111_chatbot\dietbot\hkust_cs3111h\sample-spring-boot-kitchensink)
2017-10-30 22:11:33.745  INFO 8368 --- [    Test worker] com.example.bot.spring.DietbotTester     : No active profile set, falling back to default profiles: default
2017-10-30 22:11:33.809  INFO 8368 --- [    Test worker] o.s.w.c.s.GenericWebApplicationContext   : Refreshing org.springframework.web.context.support.GenericWebApplicationContext@6a061182: startup date [Mon Oct 30 22:11:33 SGT 2017]; root of context hierarchy
2017-10-30 22:11:34.376  INFO 8368 --- [    Test worker] com.example.bot.spring.DietbotTester     : Started DietbotTester in 1.279 seconds (JVM running for 2.687)
]]></system-out>
  <system-err><![CDATA[]]></system-err>
</testsuite>
