<?xml version="1.0" encoding="UTF-8"?>
<testsuite name="com.example.bot.spring.DietbotTester" tests="2" skipped="0" failures="0" errors="0" timestamp="2017-10-31T08:15:06" hostname="Ignaviers-MacBook-Pro.local" time="0.025">
  <properties/>
  <testcase name="testNotFound" classname="com.example.bot.spring.DietbotTester" time="0.021"/>
  <testcase name="testFound" classname="com.example.bot.spring.DietbotTester" time="0.003"/>
  <system-out><![CDATA[16:15:05.448 [Test worker] DEBUG org.springframework.test.context.junit4.SpringJUnit4ClassRunner - SpringJUnit4ClassRunner constructor called with [class com.example.bot.spring.DietbotTester]
16:15:05.454 [Test worker] DEBUG org.springframework.test.context.BootstrapUtils - Instantiating CacheAwareContextLoaderDelegate from class [org.springframework.test.context.cache.DefaultCacheAwareContextLoaderDelegate]
16:15:05.465 [Test worker] DEBUG org.springframework.test.context.BootstrapUtils - Instantiating BootstrapContext using constructor [public org.springframework.test.context.support.DefaultBootstrapContext(java.lang.Class,org.springframework.test.context.CacheAwareContextLoaderDelegate)]
16:15:05.484 [Test worker] DEBUG org.springframework.test.context.BootstrapUtils - Instantiating TestContextBootstrapper for test class [com.example.bot.spring.DietbotTester] from class [org.springframework.boot.test.context.SpringBootTestContextBootstrapper]
16:15:05.508 [Test worker] INFO org.springframework.boot.test.context.SpringBootTestContextBootstrapper - Neither @ContextConfiguration nor @ContextHierarchy found for test class [com.example.bot.spring.DietbotTester], using SpringBootContextLoader
16:15:05.511 [Test worker] DEBUG org.springframework.test.context.support.AbstractContextLoader - Did not detect default resource location for test class [com.example.bot.spring.DietbotTester]: class path resource [com/example/bot/spring/DietbotTester-context.xml] does not exist
16:15:05.512 [Test worker] DEBUG org.springframework.test.context.support.AbstractContextLoader - Did not detect default resource location for test class [com.example.bot.spring.DietbotTester]: class path resource [com/example/bot/spring/DietbotTesterContext.groovy] does not exist
16:15:05.513 [Test worker] INFO org.springframework.test.context.support.AbstractContextLoader - Could not detect default resource locations for test class [com.example.bot.spring.DietbotTester]: no resource found for suffixes {-context.xml, Context.groovy}.
16:15:05.561 [Test worker] DEBUG org.springframework.test.context.support.ActiveProfilesUtils - Could not find an 'annotation declaring class' for annotation type [org.springframework.test.context.ActiveProfiles] and class [com.example.bot.spring.DietbotTester]
16:15:05.565 [Test worker] DEBUG org.springframework.boot.test.context.SpringBootTestContextBootstrapper - @TestExecutionListeners is not present for class [com.example.bot.spring.DietbotTester]: using defaults.
16:15:05.569 [Test worker] INFO org.springframework.boot.test.context.SpringBootTestContextBootstrapper - Loaded default TestExecutionListener class names from location [META-INF/spring.factories]: [org.springframework.boot.test.mock.mockito.MockitoTestExecutionListener, org.springframework.boot.test.mock.mockito.ResetMocksTestExecutionListener, org.springframework.boot.test.autoconfigure.restdocs.RestDocsTestExecutionListener, org.springframework.boot.test.autoconfigure.web.client.MockRestServiceServerResetTestExecutionListener, org.springframework.boot.test.autoconfigure.web.servlet.MockMvcPrintOnlyOnFailureTestExecutionListener, org.springframework.boot.test.autoconfigure.web.servlet.WebDriverTestExecutionListener, org.springframework.test.context.web.ServletTestExecutionListener, org.springframework.test.context.support.DirtiesContextBeforeModesTestExecutionListener, org.springframework.test.context.support.DependencyInjectionTestExecutionListener, org.springframework.test.context.support.DirtiesContextTestExecutionListener, org.springframework.test.context.transaction.TransactionalTestExecutionListener, org.springframework.test.context.jdbc.SqlScriptsTestExecutionListener]
16:15:05.580 [Test worker] INFO org.springframework.boot.test.context.SpringBootTestContextBootstrapper - Could not instantiate TestExecutionListener [org.springframework.test.context.transaction.TransactionalTestExecutionListener]. Specify custom listener classes or make the default listener classes (and their required dependencies) available. Offending class: [org/springframework/transaction/interceptor/TransactionAttributeSource]
16:15:05.585 [Test worker] INFO org.springframework.boot.test.context.SpringBootTestContextBootstrapper - Could not instantiate TestExecutionListener [org.springframework.test.context.jdbc.SqlScriptsTestExecutionListener]. Specify custom listener classes or make the default listener classes (and their required dependencies) available. Offending class: [org/springframework/transaction/interceptor/TransactionAttribute]
16:15:05.586 [Test worker] INFO org.springframework.boot.test.context.SpringBootTestContextBootstrapper - Using TestExecutionListeners: [org.springframework.test.context.web.ServletTestExecutionListener@7b687e78, org.springframework.test.context.support.DirtiesContextBeforeModesTestExecutionListener@5de29a26, org.springframework.boot.test.autoconfigure.SpringBootDependencyInjectionTestExecutionListener@4b0e01b7, org.springframework.test.context.support.DirtiesContextTestExecutionListener@50deeed6, org.springframework.boot.test.autoconfigure.web.servlet.MockMvcPrintOnlyOnFailureTestExecutionListener@68fdc10b, org.springframework.boot.test.mock.mockito.ResetMocksTestExecutionListener@21874598, org.springframework.boot.test.mock.mockito.MockitoTestExecutionListener@1abfeba6, org.springframework.boot.test.autoconfigure.web.client.MockRestServiceServerResetTestExecutionListener@3db00e79, org.springframework.boot.test.autoconfigure.restdocs.RestDocsTestExecutionListener@3b43655d, org.springframework.boot.test.autoconfigure.web.servlet.WebDriverTestExecutionListener@20734c28]
16:15:05.590 [Test worker] DEBUG org.springframework.test.annotation.ProfileValueUtils - Retrieved @ProfileValueSourceConfiguration [null] for test class [com.example.bot.spring.DietbotTester]
16:15:05.590 [Test worker] DEBUG org.springframework.test.annotation.ProfileValueUtils - Retrieved ProfileValueSource type [class org.springframework.test.annotation.SystemProfileValueSource] for class [com.example.bot.spring.DietbotTester]
16:15:05.591 [Test worker] DEBUG org.springframework.test.annotation.ProfileValueUtils - Retrieved @ProfileValueSourceConfiguration [null] for test class [com.example.bot.spring.DietbotTester]
16:15:05.592 [Test worker] DEBUG org.springframework.test.annotation.ProfileValueUtils - Retrieved ProfileValueSource type [class org.springframework.test.annotation.SystemProfileValueSource] for class [com.example.bot.spring.DietbotTester]
16:15:05.597 [Test worker] DEBUG org.springframework.test.context.support.AbstractDirtiesContextTestExecutionListener - Before test class: context [DefaultTestContext@55443f9f testClass = DietbotTester, testInstance = [null], testMethod = [null], testException = [null], mergedContextConfiguration = [WebMergedContextConfiguration@2bc121da testClass = DietbotTester, locations = '{}', classes = '{class com.example.bot.spring.DietbotTester, class com.example.bot.spring.SQLDatabaseEngine, class com.example.bot.spring.DietbotTester, class com.example.bot.spring.SQLDatabaseEngine}', contextInitializerClasses = '[]', activeProfiles = '{}', propertySourceLocations = '{}', propertySourceProperties = '{org.springframework.boot.test.context.SpringBootTestContextBootstrapper=true}', contextCustomizers = set[org.springframework.boot.test.context.SpringBootTestContextCustomizer@29b5651a, org.springframework.boot.test.context.filter.ExcludeFilterContextCustomizer@568890b1, org.springframework.boot.test.mock.mockito.MockitoContextCustomizer@0, org.springframework.boot.test.autoconfigure.properties.PropertyMappingContextCustomizer@0, org.springframework.boot.test.autoconfigure.web.servlet.WebDriverContextCustomizerFactory$Customizer@7bd6af51], resourceBasePath = 'src/main/webapp', contextLoader = 'org.springframework.boot.test.context.SpringBootContextLoader', parent = [null]]], class annotated with @DirtiesContext [false] with mode [null].
16:15:05.598 [Test worker] DEBUG org.springframework.test.annotation.ProfileValueUtils - Retrieved @ProfileValueSourceConfiguration [null] for test class [com.example.bot.spring.DietbotTester]
16:15:05.598 [Test worker] DEBUG org.springframework.test.annotation.ProfileValueUtils - Retrieved ProfileValueSource type [class org.springframework.test.annotation.SystemProfileValueSource] for class [com.example.bot.spring.DietbotTester]
16:15:05.665 [Test worker] DEBUG org.springframework.core.env.StandardEnvironment - Adding [systemProperties] PropertySource with lowest search precedence
16:15:05.666 [Test worker] DEBUG org.springframework.core.env.StandardEnvironment - Adding [systemEnvironment] PropertySource with lowest search precedence
16:15:05.666 [Test worker] DEBUG org.springframework.core.env.StandardEnvironment - Initialized StandardEnvironment with PropertySources [systemProperties,systemEnvironment]
16:15:05.667 [Test worker] DEBUG org.springframework.test.context.support.TestPropertySourceUtils - Adding inlined properties to environment: {spring.jmx.enabled=false, org.springframework.boot.test.context.SpringBootTestContextBootstrapper=true, server.port=-1}
16:15:05.668 [Test worker] DEBUG org.springframework.core.env.StandardEnvironment - Adding [Inlined Test Properties] PropertySource with highest search precedence

  .   ____          _            __ _ _
 /\\ / ___'_ __ _ _(_)_ __  __ _ \ \ \ \
( ( )\___ | '_ | '_| | '_ \/ _` | \ \ \ \
 \\/  ___)| |_)| | | | | || (_| |  ) ) ) )
  '  |____| .__|_| |_|_| |_\__, | / / / /
 =========|_|==============|___/=/_/_/_/
 :: Spring Boot ::        (v1.4.2.RELEASE)

2017-10-31 16:15:06.134  INFO 18005 --- [    Test worker] com.example.bot.spring.DietbotTester     : Starting DietbotTester on Ignaviers-MacBook-Pro.local with PID 18005 (started by Ignavier in /Users/Ignavier/workspace/java/eclipse-sts/hkust_cs3111h/sample-spring-boot-kitchensink)
2017-10-31 16:15:06.135  INFO 18005 --- [    Test worker] com.example.bot.spring.DietbotTester     : No active profile set, falling back to default profiles: default
2017-10-31 16:15:06.179  INFO 18005 --- [    Test worker] o.s.w.c.s.GenericWebApplicationContext   : Refreshing org.springframework.web.context.support.GenericWebApplicationContext@2438afb6: startup date [Tue Oct 31 16:15:06 MYT 2017]; root of context hierarchy
2017-10-31 16:15:06.434  INFO 18005 --- [    Test worker] com.example.bot.spring.DietbotTester     : Started DietbotTester in 0.755 seconds (JVM running for 1.725)
]]></system-out>
  <system-err><![CDATA[]]></system-err>
</testsuite>
