<?xml version="1.0" encoding="UTF-8"?>
<testsuite name="com.example.bot.spring.DietbotTester" tests="2" skipped="0" failures="0" errors="0" timestamp="2017-10-30T07:14:17" hostname="Ignaviers-MacBook-Pro.local" time="0.019">
  <properties/>
  <testcase name="testNotFound" classname="com.example.bot.spring.DietbotTester" time="0.014"/>
  <testcase name="testFound" classname="com.example.bot.spring.DietbotTester" time="0.004"/>
  <system-out><![CDATA[15:14:16.148 [Test worker] DEBUG org.springframework.test.context.junit4.SpringJUnit4ClassRunner - SpringJUnit4ClassRunner constructor called with [class com.example.bot.spring.DietbotTester]
15:14:16.152 [Test worker] DEBUG org.springframework.test.context.BootstrapUtils - Instantiating CacheAwareContextLoaderDelegate from class [org.springframework.test.context.cache.DefaultCacheAwareContextLoaderDelegate]
15:14:16.162 [Test worker] DEBUG org.springframework.test.context.BootstrapUtils - Instantiating BootstrapContext using constructor [public org.springframework.test.context.support.DefaultBootstrapContext(java.lang.Class,org.springframework.test.context.CacheAwareContextLoaderDelegate)]
15:14:16.179 [Test worker] DEBUG org.springframework.test.context.BootstrapUtils - Instantiating TestContextBootstrapper for test class [com.example.bot.spring.DietbotTester] from class [org.springframework.boot.test.context.SpringBootTestContextBootstrapper]
15:14:16.200 [Test worker] INFO org.springframework.boot.test.context.SpringBootTestContextBootstrapper - Neither @ContextConfiguration nor @ContextHierarchy found for test class [com.example.bot.spring.DietbotTester], using SpringBootContextLoader
15:14:16.208 [Test worker] DEBUG org.springframework.test.context.support.AbstractContextLoader - Did not detect default resource location for test class [com.example.bot.spring.DietbotTester]: class path resource [com/example/bot/spring/DietbotTester-context.xml] does not exist
15:14:16.208 [Test worker] DEBUG org.springframework.test.context.support.AbstractContextLoader - Did not detect default resource location for test class [com.example.bot.spring.DietbotTester]: class path resource [com/example/bot/spring/DietbotTesterContext.groovy] does not exist
15:14:16.208 [Test worker] INFO org.springframework.test.context.support.AbstractContextLoader - Could not detect default resource locations for test class [com.example.bot.spring.DietbotTester]: no resource found for suffixes {-context.xml, Context.groovy}.
15:14:16.254 [Test worker] DEBUG org.springframework.test.context.support.ActiveProfilesUtils - Could not find an 'annotation declaring class' for annotation type [org.springframework.test.context.ActiveProfiles] and class [com.example.bot.spring.DietbotTester]
15:14:16.260 [Test worker] DEBUG org.springframework.boot.test.context.SpringBootTestContextBootstrapper - @TestExecutionListeners is not present for class [com.example.bot.spring.DietbotTester]: using defaults.
15:14:16.264 [Test worker] INFO org.springframework.boot.test.context.SpringBootTestContextBootstrapper - Loaded default TestExecutionListener class names from location [META-INF/spring.factories]: [org.springframework.boot.test.mock.mockito.MockitoTestExecutionListener, org.springframework.boot.test.mock.mockito.ResetMocksTestExecutionListener, org.springframework.boot.test.autoconfigure.restdocs.RestDocsTestExecutionListener, org.springframework.boot.test.autoconfigure.web.client.MockRestServiceServerResetTestExecutionListener, org.springframework.boot.test.autoconfigure.web.servlet.MockMvcPrintOnlyOnFailureTestExecutionListener, org.springframework.boot.test.autoconfigure.web.servlet.WebDriverTestExecutionListener, org.springframework.test.context.web.ServletTestExecutionListener, org.springframework.test.context.support.DirtiesContextBeforeModesTestExecutionListener, org.springframework.test.context.support.DependencyInjectionTestExecutionListener, org.springframework.test.context.support.DirtiesContextTestExecutionListener, org.springframework.test.context.transaction.TransactionalTestExecutionListener, org.springframework.test.context.jdbc.SqlScriptsTestExecutionListener]
15:14:16.279 [Test worker] INFO org.springframework.boot.test.context.SpringBootTestContextBootstrapper - Could not instantiate TestExecutionListener [org.springframework.test.context.jdbc.SqlScriptsTestExecutionListener]. Specify custom listener classes or make the default listener classes (and their required dependencies) available. Offending class: [org/springframework/transaction/interceptor/TransactionAttribute]
15:14:16.280 [Test worker] INFO org.springframework.boot.test.context.SpringBootTestContextBootstrapper - Could not instantiate TestExecutionListener [org.springframework.test.context.transaction.TransactionalTestExecutionListener]. Specify custom listener classes or make the default listener classes (and their required dependencies) available. Offending class: [org/springframework/transaction/interceptor/TransactionAttributeSource]
15:14:16.281 [Test worker] INFO org.springframework.boot.test.context.SpringBootTestContextBootstrapper - Using TestExecutionListeners: [org.springframework.test.context.web.ServletTestExecutionListener@7d89a2d6, org.springframework.test.context.support.DirtiesContextBeforeModesTestExecutionListener@2efe7e79, org.springframework.boot.test.autoconfigure.SpringBootDependencyInjectionTestExecutionListener@46785030, org.springframework.test.context.support.DirtiesContextTestExecutionListener@43ea6822, org.springframework.boot.test.autoconfigure.web.client.MockRestServiceServerResetTestExecutionListener@73c5ed9b, org.springframework.boot.test.mock.mockito.ResetMocksTestExecutionListener@2e15482c, org.springframework.boot.test.mock.mockito.MockitoTestExecutionListener@2a68640e, org.springframework.boot.test.autoconfigure.restdocs.RestDocsTestExecutionListener@3ad3a219, org.springframework.boot.test.autoconfigure.web.servlet.MockMvcPrintOnlyOnFailureTestExecutionListener@66a629ed, org.springframework.boot.test.autoconfigure.web.servlet.WebDriverTestExecutionListener@6276593d]
15:14:16.284 [Test worker] DEBUG org.springframework.test.annotation.ProfileValueUtils - Retrieved @ProfileValueSourceConfiguration [null] for test class [com.example.bot.spring.DietbotTester]
15:14:16.285 [Test worker] DEBUG org.springframework.test.annotation.ProfileValueUtils - Retrieved ProfileValueSource type [class org.springframework.test.annotation.SystemProfileValueSource] for class [com.example.bot.spring.DietbotTester]
15:14:16.285 [Test worker] DEBUG org.springframework.test.annotation.ProfileValueUtils - Retrieved @ProfileValueSourceConfiguration [null] for test class [com.example.bot.spring.DietbotTester]
15:14:16.285 [Test worker] DEBUG org.springframework.test.annotation.ProfileValueUtils - Retrieved ProfileValueSource type [class org.springframework.test.annotation.SystemProfileValueSource] for class [com.example.bot.spring.DietbotTester]
15:14:16.290 [Test worker] DEBUG org.springframework.test.context.support.AbstractDirtiesContextTestExecutionListener - Before test class: context [DefaultTestContext@5d01ea1c testClass = DietbotTester, testInstance = [null], testMethod = [null], testException = [null], mergedContextConfiguration = [WebMergedContextConfiguration@79cc393b testClass = DietbotTester, locations = '{}', classes = '{class com.example.bot.spring.DietbotTester, class com.example.bot.spring.SQLDatabaseEngine, class com.example.bot.spring.DietbotTester, class com.example.bot.spring.SQLDatabaseEngine}', contextInitializerClasses = '[]', activeProfiles = '{}', propertySourceLocations = '{}', propertySourceProperties = '{org.springframework.boot.test.context.SpringBootTestContextBootstrapper=true}', contextCustomizers = set[org.springframework.boot.test.context.SpringBootTestContextCustomizer@44588e7, org.springframework.boot.test.context.filter.ExcludeFilterContextCustomizer@6e64b321, org.springframework.boot.test.mock.mockito.MockitoContextCustomizer@0, org.springframework.boot.test.autoconfigure.properties.PropertyMappingContextCustomizer@0, org.springframework.boot.test.autoconfigure.web.servlet.WebDriverContextCustomizerFactory$Customizer@4c38cd4c], resourceBasePath = 'src/main/webapp', contextLoader = 'org.springframework.boot.test.context.SpringBootContextLoader', parent = [null]]], class annotated with @DirtiesContext [false] with mode [null].
15:14:16.291 [Test worker] DEBUG org.springframework.test.annotation.ProfileValueUtils - Retrieved @ProfileValueSourceConfiguration [null] for test class [com.example.bot.spring.DietbotTester]
15:14:16.291 [Test worker] DEBUG org.springframework.test.annotation.ProfileValueUtils - Retrieved ProfileValueSource type [class org.springframework.test.annotation.SystemProfileValueSource] for class [com.example.bot.spring.DietbotTester]
15:14:16.358 [Test worker] DEBUG org.springframework.core.env.StandardEnvironment - Adding [systemProperties] PropertySource with lowest search precedence
15:14:16.358 [Test worker] DEBUG org.springframework.core.env.StandardEnvironment - Adding [systemEnvironment] PropertySource with lowest search precedence
15:14:16.359 [Test worker] DEBUG org.springframework.core.env.StandardEnvironment - Initialized StandardEnvironment with PropertySources [systemProperties,systemEnvironment]
15:14:16.360 [Test worker] DEBUG org.springframework.test.context.support.TestPropertySourceUtils - Adding inlined properties to environment: {spring.jmx.enabled=false, org.springframework.boot.test.context.SpringBootTestContextBootstrapper=true, server.port=-1}
15:14:16.361 [Test worker] DEBUG org.springframework.core.env.StandardEnvironment - Adding [Inlined Test Properties] PropertySource with highest search precedence

  .   ____          _            __ _ _
 /\\ / ___'_ __ _ _(_)_ __  __ _ \ \ \ \
( ( )\___ | '_ | '_| | '_ \/ _` | \ \ \ \
 \\/  ___)| |_)| | | | | || (_| |  ) ) ) )
  '  |____| .__|_| |_|_| |_\__, | / / / /
 =========|_|==============|___/=/_/_/_/
 :: Spring Boot ::        (v1.4.2.RELEASE)

2017-10-30 15:14:17.037  INFO 1125 --- [    Test worker] com.example.bot.spring.DietbotTester     : Starting DietbotTester on Ignaviers-MacBook-Pro.local with PID 1125 (started by Ignavier in /Users/Ignavier/workspace/java/eclipse-sts/hkust_cs3111h/sample-spring-boot-kitchensink)
2017-10-30 15:14:17.038  INFO 1125 --- [    Test worker] com.example.bot.spring.DietbotTester     : No active profile set, falling back to default profiles: default
2017-10-30 15:14:17.087  INFO 1125 --- [    Test worker] o.s.w.c.s.GenericWebApplicationContext   : Refreshing org.springframework.web.context.support.GenericWebApplicationContext@64a6f548: startup date [Mon Oct 30 15:14:17 MYT 2017]; root of context hierarchy
2017-10-30 15:14:17.395  INFO 1125 --- [    Test worker] com.example.bot.spring.DietbotTester     : Started DietbotTester in 1.024 seconds (JVM running for 2.087)
]]></system-out>
  <system-err><![CDATA[]]></system-err>
</testsuite>
