<?xml version="1.0" encoding="UTF-8"?>
<testsuite name="com.linecorp.bot.client.ResponseBodyCallbackAdaptorTest" tests="3" skipped="0" failures="0" errors="0" timestamp="2017-10-31T07:43:42" hostname="Lenovo-PC" time="0.024">
  <properties/>
  <testcase name="onFailureTest" classname="com.linecorp.bot.client.ResponseBodyCallbackAdaptorTest" time="0.009"/>
  <testcase name="onResponseSuccessTest" classname="com.linecorp.bot.client.ResponseBodyCallbackAdaptorTest" time="0.012"/>
  <testcase name="onResponseFailTest" classname="com.linecorp.bot.client.ResponseBodyCallbackAdaptorTest" time="0.003"/>
  <system-out><![CDATA[]]></system-out>
  <system-err><![CDATA[]]></system-err>
</testsuite>
