<?xml version="1.0" encoding="UTF-8"?>
<testsuite name="com.linecorp.bot.client.LineMessagingClientImplWiremockTest" tests="5" skipped="0" failures="0" errors="0" timestamp="2017-10-30T06:53:12" hostname="Ignaviers-MacBook-Pro.local" time="0.076">
  <properties/>
  <testcase name="status500InternalServerErrorTest" classname="com.linecorp.bot.client.LineMessagingClientImplWiremockTest" time="0.033"/>
  <testcase name="status403ForbiddenTest" classname="com.linecorp.bot.client.LineMessagingClientImplWiremockTest" time="0.02"/>
  <testcase name="status401UnauthorizedTest" classname="com.linecorp.bot.client.LineMessagingClientImplWiremockTest" time="0.007"/>
  <testcase name="status400BadRequestTest" classname="com.linecorp.bot.client.LineMessagingClientImplWiremockTest" time="0.008"/>
  <testcase name="status429TooManyRequestsTest" classname="com.linecorp.bot.client.LineMessagingClientImplWiremockTest" time="0.007"/>
  <system-out><![CDATA[14:53:12.725 [OkHttp http://localhost:62811/...] INFO com.linecorp.bot.client.wire - --> GET http://localhost:62811/v2/bot/message/TOKEN/content http/1.1
14:53:12.725 [OkHttp http://localhost:62811/...] INFO com.linecorp.bot.client.wire - Authorization: Bearer token
14:53:12.725 [OkHttp http://localhost:62811/...] INFO com.linecorp.bot.client.wire - User-Agent: line-botsdk-java/null
14:53:12.725 [OkHttp http://localhost:62811/...] INFO com.linecorp.bot.client.wire - --> END GET
14:53:12.731 [OkHttp http://localhost:62811/...] INFO com.linecorp.bot.client.wire - <-- 500 Server Error http://localhost:62811/v2/bot/message/TOKEN/content (5ms)
14:53:12.731 [OkHttp http://localhost:62811/...] INFO com.linecorp.bot.client.wire - Content-Length: 55
14:53:12.732 [OkHttp http://localhost:62811/...] INFO com.linecorp.bot.client.wire - 
14:53:12.732 [OkHttp http://localhost:62811/...] INFO com.linecorp.bot.client.wire - {"message":"Error on the internal server","details":[]}
14:53:12.732 [OkHttp http://localhost:62811/...] INFO com.linecorp.bot.client.wire - <-- END HTTP (55-byte body)
14:53:12.755 [OkHttp http://localhost:62813/...] INFO com.linecorp.bot.client.wire - --> GET http://localhost:62813/v2/bot/message/TOKEN/content http/1.1
14:53:12.755 [OkHttp http://localhost:62813/...] INFO com.linecorp.bot.client.wire - Authorization: Bearer token
14:53:12.755 [OkHttp http://localhost:62813/...] INFO com.linecorp.bot.client.wire - User-Agent: line-botsdk-java/null
14:53:12.755 [OkHttp http://localhost:62813/...] INFO com.linecorp.bot.client.wire - --> END GET
14:53:12.756 [OkHttp http://localhost:62813/...] INFO com.linecorp.bot.client.wire - <-- 403 Client Error http://localhost:62813/v2/bot/message/TOKEN/content (1ms)
14:53:12.757 [OkHttp http://localhost:62813/...] INFO com.linecorp.bot.client.wire - Content-Length: 57
14:53:12.757 [OkHttp http://localhost:62813/...] INFO com.linecorp.bot.client.wire - 
14:53:12.757 [OkHttp http://localhost:62813/...] INFO com.linecorp.bot.client.wire - {"message":"Not authorized to use the API.","details":[]}
14:53:12.757 [OkHttp http://localhost:62813/...] INFO com.linecorp.bot.client.wire - <-- END HTTP (57-byte body)
14:53:12.762 [OkHttp http://localhost:62815/...] INFO com.linecorp.bot.client.wire - --> GET http://localhost:62815/v2/bot/message/TOKEN/content http/1.1
14:53:12.762 [OkHttp http://localhost:62815/...] INFO com.linecorp.bot.client.wire - Authorization: Bearer token
14:53:12.762 [OkHttp http://localhost:62815/...] INFO com.linecorp.bot.client.wire - User-Agent: line-botsdk-java/null
14:53:12.762 [OkHttp http://localhost:62815/...] INFO com.linecorp.bot.client.wire - --> END GET
14:53:12.764 [OkHttp http://localhost:62815/...] INFO com.linecorp.bot.client.wire - <-- 401 Client Error http://localhost:62815/v2/bot/message/TOKEN/content (1ms)
14:53:12.764 [OkHttp http://localhost:62815/...] INFO com.linecorp.bot.client.wire - Content-Length: 70
14:53:12.764 [OkHttp http://localhost:62815/...] INFO com.linecorp.bot.client.wire - 
14:53:12.764 [OkHttp http://localhost:62815/...] INFO com.linecorp.bot.client.wire - {"message":"Valid Channel access token is not specified","details":[]}
14:53:12.764 [OkHttp http://localhost:62815/...] INFO com.linecorp.bot.client.wire - <-- END HTTP (70-byte body)
14:53:12.770 [OkHttp http://localhost:62817/...] INFO com.linecorp.bot.client.wire - --> GET http://localhost:62817/v2/bot/message/TOKEN/content http/1.1
14:53:12.770 [OkHttp http://localhost:62817/...] INFO com.linecorp.bot.client.wire - Authorization: Bearer token
14:53:12.771 [OkHttp http://localhost:62817/...] INFO com.linecorp.bot.client.wire - User-Agent: line-botsdk-java/null
14:53:12.771 [OkHttp http://localhost:62817/...] INFO com.linecorp.bot.client.wire - --> END GET
14:53:12.772 [OkHttp http://localhost:62817/...] INFO com.linecorp.bot.client.wire - <-- 400 Client Error http://localhost:62817/v2/bot/message/TOKEN/content (1ms)
14:53:12.772 [OkHttp http://localhost:62817/...] INFO com.linecorp.bot.client.wire - Content-Length: 51
14:53:12.772 [OkHttp http://localhost:62817/...] INFO com.linecorp.bot.client.wire - 
14:53:12.773 [OkHttp http://localhost:62817/...] INFO com.linecorp.bot.client.wire - {"message":"Problem with the request","details":[]}
14:53:12.773 [OkHttp http://localhost:62817/...] INFO com.linecorp.bot.client.wire - <-- END HTTP (51-byte body)
14:53:12.778 [OkHttp http://localhost:62819/...] INFO com.linecorp.bot.client.wire - --> GET http://localhost:62819/v2/bot/message/TOKEN/content http/1.1
14:53:12.778 [OkHttp http://localhost:62819/...] INFO com.linecorp.bot.client.wire - Authorization: Bearer token
14:53:12.778 [OkHttp http://localhost:62819/...] INFO com.linecorp.bot.client.wire - User-Agent: line-botsdk-java/null
14:53:12.778 [OkHttp http://localhost:62819/...] INFO com.linecorp.bot.client.wire - --> END GET
14:53:12.779 [OkHttp http://localhost:62819/...] INFO com.linecorp.bot.client.wire - <-- 429 Client Error http://localhost:62819/v2/bot/message/TOKEN/content (1ms)
14:53:12.780 [OkHttp http://localhost:62819/...] INFO com.linecorp.bot.client.wire - Content-Length: 64
14:53:12.780 [OkHttp http://localhost:62819/...] INFO com.linecorp.bot.client.wire - 
14:53:12.780 [OkHttp http://localhost:62819/...] INFO com.linecorp.bot.client.wire - {"message":"Exceeded the rate limit for API calls","details":[]}
14:53:12.780 [OkHttp http://localhost:62819/...] INFO com.linecorp.bot.client.wire - <-- END HTTP (64-byte body)
]]></system-out>
  <system-err><![CDATA[]]></system-err>
</testsuite>
