<?xml version="1.0" encoding="UTF-8"?>
<testsuite name="com.linecorp.bot.client.LineMessagingServiceTest" tests="1" skipped="0" failures="0" errors="0" timestamp="2017-10-31T07:43:42" hostname="Lenovo-PC" time="0.014">
  <properties/>
  <testcase name="relativeRequestTest" classname="com.linecorp.bot.client.LineMessagingServiceTest" time="0.014"/>
  <system-out><![CDATA[15:43:42.111 [MockWebServer 50945] INFO okhttp3.mockwebserver.MockWebServer - MockWebServer[50945] starting to accept connections
15:43:42.116 [Test worker] INFO com.linecorp.bot.client.wire - --> GET http://localhost:50945/CanContainsRelative/v2/bot/profile/USER_TOKEN http/1.1
15:43:42.116 [Test worker] INFO com.linecorp.bot.client.wire - Authorization: Bearer SECRET
15:43:42.117 [Test worker] INFO com.linecorp.bot.client.wire - User-Agent: line-botsdk-java/null
15:43:42.117 [Test worker] INFO com.linecorp.bot.client.wire - --> END GET
15:43:42.119 [MockWebServer /127.0.0.1:50946] INFO okhttp3.mockwebserver.MockWebServer - MockWebServer[50945] received request: GET /CanContainsRelative/v2/bot/profile/USER_TOKEN HTTP/1.1 and responded: HTTP/1.1 200 OK
15:43:42.119 [Test worker] INFO com.linecorp.bot.client.wire - <-- 200 OK http://localhost:50945/CanContainsRelative/v2/bot/profile/USER_TOKEN (2ms)
15:43:42.119 [Test worker] INFO com.linecorp.bot.client.wire - Content-Length: 116
15:43:42.119 [Test worker] INFO com.linecorp.bot.client.wire - 
15:43:42.120 [Test worker] INFO com.linecorp.bot.client.wire - {"displayName":"name","userId":"userId","pictureUrl":"https://line.me/picture_url","statusMessage":"Status message"}
15:43:42.120 [Test worker] INFO com.linecorp.bot.client.wire - <-- END HTTP (116-byte body)
15:43:42.124 [MockWebServer 50945] INFO okhttp3.mockwebserver.MockWebServer - MockWebServer[50945] done accepting connections: socket closed
]]></system-out>
  <system-err><![CDATA[]]></system-err>
</testsuite>
