<?xml version="1.0" encoding="UTF-8"?>
<testsuite name="com.linecorp.bot.client.LineMessagingClientImplTest" tests="7" skipped="0" failures="0" errors="0" timestamp="2017-10-30T13:46:35" hostname="Lenovo-PC" time="0.088">
  <properties/>
  <testcase name="getProfileTest" classname="com.linecorp.bot.client.LineMessagingClientImplTest" time="0.065"/>
  <testcase name="pushMessageTest" classname="com.linecorp.bot.client.LineMessagingClientImplTest" time="0.003"/>
  <testcase name="leaveRoomTest" classname="com.linecorp.bot.client.LineMessagingClientImplTest" time="0.002"/>
  <testcase name="replyMessageTest" classname="com.linecorp.bot.client.LineMessagingClientImplTest" time="0.002"/>
  <testcase name="getMessageContentTest" classname="com.linecorp.bot.client.LineMessagingClientImplTest" time="0.008"/>
  <testcase name="multicastTest" classname="com.linecorp.bot.client.LineMessagingClientImplTest" time="0.002"/>
  <testcase name="leaveGroupTest" classname="com.linecorp.bot.client.LineMessagingClientImplTest" time="0.003"/>
  <system-out><![CDATA[]]></system-out>
  <system-err><![CDATA[]]></system-err>
</testsuite>
