<?xml version="1.0" encoding="UTF-8"?>
<testsuite name="com.linecorp.bot.client.LineMessagingServiceTest" tests="1" skipped="0" failures="0" errors="0" timestamp="2017-10-30T14:15:11" hostname="Ignaviers-MacBook-Pro.local" time="0.012">
  <properties/>
  <testcase name="relativeRequestTest" classname="com.linecorp.bot.client.LineMessagingServiceTest" time="0.012"/>
  <system-out><![CDATA[22:15:11.821 [MockWebServer 50102] INFO okhttp3.mockwebserver.MockWebServer - MockWebServer[50102] starting to accept connections
22:15:11.826 [Test worker] INFO com.linecorp.bot.client.wire - --> GET http://localhost:50102/CanContainsRelative/v2/bot/profile/USER_TOKEN http/1.1
22:15:11.826 [Test worker] INFO com.linecorp.bot.client.wire - Authorization: Bearer SECRET
22:15:11.827 [Test worker] INFO com.linecorp.bot.client.wire - User-Agent: line-botsdk-java/null
22:15:11.827 [Test worker] INFO com.linecorp.bot.client.wire - --> END GET
22:15:11.828 [MockWebServer /127.0.0.1:50103] INFO okhttp3.mockwebserver.MockWebServer - MockWebServer[50102] received request: GET /CanContainsRelative/v2/bot/profile/USER_TOKEN HTTP/1.1 and responded: HTTP/1.1 200 OK
22:15:11.828 [Test worker] INFO com.linecorp.bot.client.wire - <-- 200 OK http://localhost:50102/CanContainsRelative/v2/bot/profile/USER_TOKEN (1ms)
22:15:11.828 [Test worker] INFO com.linecorp.bot.client.wire - Content-Length: 116
22:15:11.828 [Test worker] INFO com.linecorp.bot.client.wire - 
22:15:11.828 [Test worker] INFO com.linecorp.bot.client.wire - {"displayName":"name","userId":"userId","pictureUrl":"https://line.me/picture_url","statusMessage":"Status message"}
22:15:11.829 [Test worker] INFO com.linecorp.bot.client.wire - <-- END HTTP (116-byte body)
22:15:11.832 [MockWebServer 50102] INFO okhttp3.mockwebserver.MockWebServer - MockWebServer[50102] done accepting connections: Socket closed
]]></system-out>
  <system-err><![CDATA[]]></system-err>
</testsuite>
