<?xml version="1.0" encoding="UTF-8"?>
<testsuite name="com.linecorp.bot.client.LineMessagingClientImplWiremockTest" tests="5" skipped="0" failures="0" errors="0" timestamp="2017-11-01T07:30:44" hostname="Ignaviers-MacBook-Pro.local" time="0.059">
  <properties/>
  <testcase name="status500InternalServerErrorTest" classname="com.linecorp.bot.client.LineMessagingClientImplWiremockTest" time="0.026"/>
  <testcase name="status403ForbiddenTest" classname="com.linecorp.bot.client.LineMessagingClientImplWiremockTest" time="0.008"/>
  <testcase name="status401UnauthorizedTest" classname="com.linecorp.bot.client.LineMessagingClientImplWiremockTest" time="0.008"/>
  <testcase name="status400BadRequestTest" classname="com.linecorp.bot.client.LineMessagingClientImplWiremockTest" time="0.009"/>
  <testcase name="status429TooManyRequestsTest" classname="com.linecorp.bot.client.LineMessagingClientImplWiremockTest" time="0.008"/>
  <system-out><![CDATA[15:30:44.127 [OkHttp http://localhost:49671/...] INFO com.linecorp.bot.client.wire - --> GET http://localhost:49671/v2/bot/message/TOKEN/content http/1.1
15:30:44.127 [OkHttp http://localhost:49671/...] INFO com.linecorp.bot.client.wire - Authorization: Bearer token
15:30:44.127 [OkHttp http://localhost:49671/...] INFO com.linecorp.bot.client.wire - User-Agent: line-botsdk-java/null
15:30:44.127 [OkHttp http://localhost:49671/...] INFO com.linecorp.bot.client.wire - --> END GET
15:30:44.132 [OkHttp http://localhost:49671/...] INFO com.linecorp.bot.client.wire - <-- 500 Server Error http://localhost:49671/v2/bot/message/TOKEN/content (4ms)
15:30:44.132 [OkHttp http://localhost:49671/...] INFO com.linecorp.bot.client.wire - Content-Length: 55
15:30:44.132 [OkHttp http://localhost:49671/...] INFO com.linecorp.bot.client.wire - 
15:30:44.132 [OkHttp http://localhost:49671/...] INFO com.linecorp.bot.client.wire - {"message":"Error on the internal server","details":[]}
15:30:44.133 [OkHttp http://localhost:49671/...] INFO com.linecorp.bot.client.wire - <-- END HTTP (55-byte body)
15:30:44.141 [OkHttp http://localhost:49673/...] INFO com.linecorp.bot.client.wire - --> GET http://localhost:49673/v2/bot/message/TOKEN/content http/1.1
15:30:44.141 [OkHttp http://localhost:49673/...] INFO com.linecorp.bot.client.wire - Authorization: Bearer token
15:30:44.141 [OkHttp http://localhost:49673/...] INFO com.linecorp.bot.client.wire - User-Agent: line-botsdk-java/null
15:30:44.141 [OkHttp http://localhost:49673/...] INFO com.linecorp.bot.client.wire - --> END GET
15:30:44.143 [OkHttp http://localhost:49673/...] INFO com.linecorp.bot.client.wire - <-- 403 Client Error http://localhost:49673/v2/bot/message/TOKEN/content (1ms)
15:30:44.143 [OkHttp http://localhost:49673/...] INFO com.linecorp.bot.client.wire - Content-Length: 57
15:30:44.143 [OkHttp http://localhost:49673/...] INFO com.linecorp.bot.client.wire - 
15:30:44.143 [OkHttp http://localhost:49673/...] INFO com.linecorp.bot.client.wire - {"message":"Not authorized to use the API.","details":[]}
15:30:44.143 [OkHttp http://localhost:49673/...] INFO com.linecorp.bot.client.wire - <-- END HTTP (57-byte body)
15:30:44.148 [OkHttp http://localhost:49675/...] INFO com.linecorp.bot.client.wire - --> GET http://localhost:49675/v2/bot/message/TOKEN/content http/1.1
15:30:44.148 [OkHttp http://localhost:49675/...] INFO com.linecorp.bot.client.wire - Authorization: Bearer token
15:30:44.148 [OkHttp http://localhost:49675/...] INFO com.linecorp.bot.client.wire - User-Agent: line-botsdk-java/null
15:30:44.148 [OkHttp http://localhost:49675/...] INFO com.linecorp.bot.client.wire - --> END GET
15:30:44.149 [OkHttp http://localhost:49675/...] INFO com.linecorp.bot.client.wire - <-- 401 Client Error http://localhost:49675/v2/bot/message/TOKEN/content (1ms)
15:30:44.150 [OkHttp http://localhost:49675/...] INFO com.linecorp.bot.client.wire - Content-Length: 70
15:30:44.150 [OkHttp http://localhost:49675/...] INFO com.linecorp.bot.client.wire - 
15:30:44.150 [OkHttp http://localhost:49675/...] INFO com.linecorp.bot.client.wire - {"message":"Valid Channel access token is not specified","details":[]}
15:30:44.150 [OkHttp http://localhost:49675/...] INFO com.linecorp.bot.client.wire - <-- END HTTP (70-byte body)
15:30:44.158 [OkHttp http://localhost:49677/...] INFO com.linecorp.bot.client.wire - --> GET http://localhost:49677/v2/bot/message/TOKEN/content http/1.1
15:30:44.158 [OkHttp http://localhost:49677/...] INFO com.linecorp.bot.client.wire - Authorization: Bearer token
15:30:44.158 [OkHttp http://localhost:49677/...] INFO com.linecorp.bot.client.wire - User-Agent: line-botsdk-java/null
15:30:44.158 [OkHttp http://localhost:49677/...] INFO com.linecorp.bot.client.wire - --> END GET
15:30:44.159 [OkHttp http://localhost:49677/...] INFO com.linecorp.bot.client.wire - <-- 400 Client Error http://localhost:49677/v2/bot/message/TOKEN/content (1ms)
15:30:44.160 [OkHttp http://localhost:49677/...] INFO com.linecorp.bot.client.wire - Content-Length: 51
15:30:44.160 [OkHttp http://localhost:49677/...] INFO com.linecorp.bot.client.wire - 
15:30:44.160 [OkHttp http://localhost:49677/...] INFO com.linecorp.bot.client.wire - {"message":"Problem with the request","details":[]}
15:30:44.160 [OkHttp http://localhost:49677/...] INFO com.linecorp.bot.client.wire - <-- END HTTP (51-byte body)
15:30:44.165 [OkHttp http://localhost:49679/...] INFO com.linecorp.bot.client.wire - --> GET http://localhost:49679/v2/bot/message/TOKEN/content http/1.1
15:30:44.166 [OkHttp http://localhost:49679/...] INFO com.linecorp.bot.client.wire - Authorization: Bearer token
15:30:44.166 [OkHttp http://localhost:49679/...] INFO com.linecorp.bot.client.wire - User-Agent: line-botsdk-java/null
15:30:44.166 [OkHttp http://localhost:49679/...] INFO com.linecorp.bot.client.wire - --> END GET
15:30:44.167 [OkHttp http://localhost:49679/...] INFO com.linecorp.bot.client.wire - <-- 429 Client Error http://localhost:49679/v2/bot/message/TOKEN/content (1ms)
15:30:44.168 [OkHttp http://localhost:49679/...] INFO com.linecorp.bot.client.wire - Content-Length: 64
15:30:44.168 [OkHttp http://localhost:49679/...] INFO com.linecorp.bot.client.wire - 
15:30:44.168 [OkHttp http://localhost:49679/...] INFO com.linecorp.bot.client.wire - {"message":"Exceeded the rate limit for API calls","details":[]}
15:30:44.168 [OkHttp http://localhost:49679/...] INFO com.linecorp.bot.client.wire - <-- END HTTP (64-byte body)
]]></system-out>
  <system-err><![CDATA[]]></system-err>
</testsuite>
