<?xml version="1.0" encoding="UTF-8"?>
<testsuite name="com.linecorp.bot.client.HeaderInterceptorWireMockTest" tests="1" skipped="0" failures="0" errors="0" timestamp="2017-11-01T07:51:03" hostname="Ignaviers-MacBook-Pro.local" time="0.423">
  <properties/>
  <testcase name="forChannelTokenSupplier" classname="com.linecorp.bot.client.HeaderInterceptorWireMockTest" time="0.423"/>
  <system-out><![CDATA[15:51:03.693 [OkHttp http://localhost:49947/...] INFO com.linecorp.bot.client.wire - --> GET http://localhost:49947/v2/bot/message/TEST/content http/1.1
15:51:03.700 [OkHttp http://localhost:49947/...] INFO com.linecorp.bot.client.wire - Authorization: Bearer 1st
15:51:03.700 [OkHttp http://localhost:49947/...] INFO com.linecorp.bot.client.wire - User-Agent: line-botsdk-java/null
15:51:03.700 [OkHttp http://localhost:49947/...] INFO com.linecorp.bot.client.wire - --> END GET
15:51:03.731 [OkHttp http://localhost:49947/...] INFO com.linecorp.bot.client.wire - --> GET http://localhost:49947/v2/bot/message/TEST/content http/1.1
15:51:03.732 [OkHttp http://localhost:49947/...] INFO com.linecorp.bot.client.wire - Authorization: Bearer 2nd
15:51:03.732 [OkHttp http://localhost:49947/...] INFO com.linecorp.bot.client.wire - User-Agent: line-botsdk-java/null
15:51:03.732 [OkHttp http://localhost:49947/...] INFO com.linecorp.bot.client.wire - --> END GET
]]></system-out>
  <system-err><![CDATA[]]></system-err>
</testsuite>
