<?xml version="1.0" encoding="UTF-8"?>
<testsuite name="com.linecorp.bot.client.LineMessagingClientImplWiremockTest" tests="5" skipped="0" failures="0" errors="0" timestamp="2017-10-30T16:04:08" hostname="Ignaviers-MacBook-Pro.local" time="0.06">
  <properties/>
  <testcase name="status500InternalServerErrorTest" classname="com.linecorp.bot.client.LineMessagingClientImplWiremockTest" time="0.024"/>
  <testcase name="status403ForbiddenTest" classname="com.linecorp.bot.client.LineMessagingClientImplWiremockTest" time="0.016"/>
  <testcase name="status401UnauthorizedTest" classname="com.linecorp.bot.client.LineMessagingClientImplWiremockTest" time="0.006"/>
  <testcase name="status400BadRequestTest" classname="com.linecorp.bot.client.LineMessagingClientImplWiremockTest" time="0.007"/>
  <testcase name="status429TooManyRequestsTest" classname="com.linecorp.bot.client.LineMessagingClientImplWiremockTest" time="0.007"/>
  <system-out><![CDATA[00:04:08.235 [OkHttp http://localhost:50678/...] INFO com.linecorp.bot.client.wire - --> GET http://localhost:50678/v2/bot/message/TOKEN/content http/1.1
00:04:08.236 [OkHttp http://localhost:50678/...] INFO com.linecorp.bot.client.wire - Authorization: Bearer token
00:04:08.236 [OkHttp http://localhost:50678/...] INFO com.linecorp.bot.client.wire - User-Agent: line-botsdk-java/null
00:04:08.236 [OkHttp http://localhost:50678/...] INFO com.linecorp.bot.client.wire - --> END GET
00:04:08.241 [OkHttp http://localhost:50678/...] INFO com.linecorp.bot.client.wire - <-- 500 Server Error http://localhost:50678/v2/bot/message/TOKEN/content (4ms)
00:04:08.241 [OkHttp http://localhost:50678/...] INFO com.linecorp.bot.client.wire - Content-Length: 55
00:04:08.241 [OkHttp http://localhost:50678/...] INFO com.linecorp.bot.client.wire - 
00:04:08.241 [OkHttp http://localhost:50678/...] INFO com.linecorp.bot.client.wire - {"message":"Error on the internal server","details":[]}
00:04:08.242 [OkHttp http://localhost:50678/...] INFO com.linecorp.bot.client.wire - <-- END HTTP (55-byte body)
00:04:08.258 [OkHttp http://localhost:50680/...] INFO com.linecorp.bot.client.wire - --> GET http://localhost:50680/v2/bot/message/TOKEN/content http/1.1
00:04:08.258 [OkHttp http://localhost:50680/...] INFO com.linecorp.bot.client.wire - Authorization: Bearer token
00:04:08.258 [OkHttp http://localhost:50680/...] INFO com.linecorp.bot.client.wire - User-Agent: line-botsdk-java/null
00:04:08.258 [OkHttp http://localhost:50680/...] INFO com.linecorp.bot.client.wire - --> END GET
00:04:08.259 [OkHttp http://localhost:50680/...] INFO com.linecorp.bot.client.wire - <-- 403 Client Error http://localhost:50680/v2/bot/message/TOKEN/content (1ms)
00:04:08.260 [OkHttp http://localhost:50680/...] INFO com.linecorp.bot.client.wire - Content-Length: 57
00:04:08.260 [OkHttp http://localhost:50680/...] INFO com.linecorp.bot.client.wire - 
00:04:08.260 [OkHttp http://localhost:50680/...] INFO com.linecorp.bot.client.wire - {"message":"Not authorized to use the API.","details":[]}
00:04:08.260 [OkHttp http://localhost:50680/...] INFO com.linecorp.bot.client.wire - <-- END HTTP (57-byte body)
00:04:08.264 [OkHttp http://localhost:50682/...] INFO com.linecorp.bot.client.wire - --> GET http://localhost:50682/v2/bot/message/TOKEN/content http/1.1
00:04:08.264 [OkHttp http://localhost:50682/...] INFO com.linecorp.bot.client.wire - Authorization: Bearer token
00:04:08.264 [OkHttp http://localhost:50682/...] INFO com.linecorp.bot.client.wire - User-Agent: line-botsdk-java/null
00:04:08.264 [OkHttp http://localhost:50682/...] INFO com.linecorp.bot.client.wire - --> END GET
00:04:08.266 [OkHttp http://localhost:50682/...] INFO com.linecorp.bot.client.wire - <-- 401 Client Error http://localhost:50682/v2/bot/message/TOKEN/content (1ms)
00:04:08.266 [OkHttp http://localhost:50682/...] INFO com.linecorp.bot.client.wire - Content-Length: 70
00:04:08.266 [OkHttp http://localhost:50682/...] INFO com.linecorp.bot.client.wire - 
00:04:08.266 [OkHttp http://localhost:50682/...] INFO com.linecorp.bot.client.wire - {"message":"Valid Channel access token is not specified","details":[]}
00:04:08.266 [OkHttp http://localhost:50682/...] INFO com.linecorp.bot.client.wire - <-- END HTTP (70-byte body)
00:04:08.271 [OkHttp http://localhost:50684/...] INFO com.linecorp.bot.client.wire - --> GET http://localhost:50684/v2/bot/message/TOKEN/content http/1.1
00:04:08.271 [OkHttp http://localhost:50684/...] INFO com.linecorp.bot.client.wire - Authorization: Bearer token
00:04:08.271 [OkHttp http://localhost:50684/...] INFO com.linecorp.bot.client.wire - User-Agent: line-botsdk-java/null
00:04:08.271 [OkHttp http://localhost:50684/...] INFO com.linecorp.bot.client.wire - --> END GET
00:04:08.272 [OkHttp http://localhost:50684/...] INFO com.linecorp.bot.client.wire - <-- 400 Client Error http://localhost:50684/v2/bot/message/TOKEN/content (1ms)
00:04:08.273 [OkHttp http://localhost:50684/...] INFO com.linecorp.bot.client.wire - Content-Length: 51
00:04:08.273 [OkHttp http://localhost:50684/...] INFO com.linecorp.bot.client.wire - 
00:04:08.273 [OkHttp http://localhost:50684/...] INFO com.linecorp.bot.client.wire - {"message":"Problem with the request","details":[]}
00:04:08.273 [OkHttp http://localhost:50684/...] INFO com.linecorp.bot.client.wire - <-- END HTTP (51-byte body)
00:04:08.278 [OkHttp http://localhost:50686/...] INFO com.linecorp.bot.client.wire - --> GET http://localhost:50686/v2/bot/message/TOKEN/content http/1.1
00:04:08.278 [OkHttp http://localhost:50686/...] INFO com.linecorp.bot.client.wire - Authorization: Bearer token
00:04:08.278 [OkHttp http://localhost:50686/...] INFO com.linecorp.bot.client.wire - User-Agent: line-botsdk-java/null
00:04:08.278 [OkHttp http://localhost:50686/...] INFO com.linecorp.bot.client.wire - --> END GET
00:04:08.279 [OkHttp http://localhost:50686/...] INFO com.linecorp.bot.client.wire - <-- 429 Client Error http://localhost:50686/v2/bot/message/TOKEN/content (1ms)
00:04:08.279 [OkHttp http://localhost:50686/...] INFO com.linecorp.bot.client.wire - Content-Length: 64
00:04:08.279 [OkHttp http://localhost:50686/...] INFO com.linecorp.bot.client.wire - 
00:04:08.280 [OkHttp http://localhost:50686/...] INFO com.linecorp.bot.client.wire - {"message":"Exceeded the rate limit for API calls","details":[]}
00:04:08.280 [OkHttp http://localhost:50686/...] INFO com.linecorp.bot.client.wire - <-- END HTTP (64-byte body)
]]></system-out>
  <system-err><![CDATA[]]></system-err>
</testsuite>
