<?xml version="1.0" encoding="UTF-8"?>
<testsuite name="com.linecorp.bot.client.CallbackAdaptorTest" tests="3" skipped="0" failures="0" errors="0" timestamp="2017-10-31T08:14:47" hostname="Ignaviers-MacBook-Pro.local" time="0.548">
  <properties/>
  <testcase name="onResponseSuccessfullyTest" classname="com.linecorp.bot.client.CallbackAdaptorTest" time="0.22"/>
  <testcase name="onFailureTest" classname="com.linecorp.bot.client.CallbackAdaptorTest" time="0.029"/>
  <testcase name="onResponseWithErrorTest" classname="com.linecorp.bot.client.CallbackAdaptorTest" time="0.298"/>
  <system-out><![CDATA[]]></system-out>
  <system-err><![CDATA[]]></system-err>
</testsuite>
