<?xml version="1.0" encoding="UTF-8"?>
<testsuite name="com.linecorp.bot.client.HeaderInterceptorWireMockTest" tests="1" skipped="0" failures="0" errors="0" timestamp="2017-11-01T07:30:43" hostname="Ignaviers-MacBook-Pro.local" time="0.439">
  <properties/>
  <testcase name="forChannelTokenSupplier" classname="com.linecorp.bot.client.HeaderInterceptorWireMockTest" time="0.439"/>
  <system-out><![CDATA[15:30:44.012 [OkHttp http://localhost:49666/...] INFO com.linecorp.bot.client.wire - --> GET http://localhost:49666/v2/bot/message/TEST/content http/1.1
15:30:44.019 [OkHttp http://localhost:49666/...] INFO com.linecorp.bot.client.wire - Authorization: Bearer 1st
15:30:44.020 [OkHttp http://localhost:49666/...] INFO com.linecorp.bot.client.wire - User-Agent: line-botsdk-java/null
15:30:44.020 [OkHttp http://localhost:49666/...] INFO com.linecorp.bot.client.wire - --> END GET
15:30:44.063 [OkHttp http://localhost:49666/...] INFO com.linecorp.bot.client.wire - --> GET http://localhost:49666/v2/bot/message/TEST/content http/1.1
15:30:44.064 [OkHttp http://localhost:49666/...] INFO com.linecorp.bot.client.wire - Authorization: Bearer 2nd
15:30:44.064 [OkHttp http://localhost:49666/...] INFO com.linecorp.bot.client.wire - User-Agent: line-botsdk-java/null
15:30:44.064 [OkHttp http://localhost:49666/...] INFO com.linecorp.bot.client.wire - --> END GET
]]></system-out>
  <system-err><![CDATA[]]></system-err>
</testsuite>
