<?xml version="1.0" encoding="UTF-8"?>
<testsuite name="com.linecorp.bot.client.LineMessagingServiceTest" tests="1" skipped="0" failures="0" errors="0" timestamp="2017-11-01T07:51:03" hostname="Ignaviers-MacBook-Pro.local" time="0.015">
  <properties/>
  <testcase name="relativeRequestTest" classname="com.linecorp.bot.client.LineMessagingServiceTest" time="0.015"/>
  <system-out><![CDATA[15:51:03.848 [MockWebServer 49962] INFO okhttp3.mockwebserver.MockWebServer - MockWebServer[49962] starting to accept connections
15:51:03.855 [Test worker] INFO com.linecorp.bot.client.wire - --> GET http://localhost:49962/CanContainsRelative/v2/bot/profile/USER_TOKEN http/1.1
15:51:03.855 [Test worker] INFO com.linecorp.bot.client.wire - Authorization: Bearer SECRET
15:51:03.855 [Test worker] INFO com.linecorp.bot.client.wire - User-Agent: line-botsdk-java/null
15:51:03.855 [Test worker] INFO com.linecorp.bot.client.wire - --> END GET
15:51:03.856 [MockWebServer /127.0.0.1:49963] INFO okhttp3.mockwebserver.MockWebServer - MockWebServer[49962] received request: GET /CanContainsRelative/v2/bot/profile/USER_TOKEN HTTP/1.1 and responded: HTTP/1.1 200 OK
15:51:03.856 [Test worker] INFO com.linecorp.bot.client.wire - <-- 200 OK http://localhost:49962/CanContainsRelative/v2/bot/profile/USER_TOKEN (1ms)
15:51:03.857 [Test worker] INFO com.linecorp.bot.client.wire - Content-Length: 116
15:51:03.857 [Test worker] INFO com.linecorp.bot.client.wire - 
15:51:03.857 [Test worker] INFO com.linecorp.bot.client.wire - {"displayName":"name","userId":"userId","pictureUrl":"https://line.me/picture_url","statusMessage":"Status message"}
15:51:03.857 [Test worker] INFO com.linecorp.bot.client.wire - <-- END HTTP (116-byte body)
15:51:03.861 [MockWebServer 49962] INFO okhttp3.mockwebserver.MockWebServer - MockWebServer[49962] done accepting connections: Socket closed
]]></system-out>
  <system-err><![CDATA[]]></system-err>
</testsuite>
