<?xml version="1.0" encoding="UTF-8"?>
<testsuite name="com.linecorp.bot.client.LineMessagingClientImplWiremockTest" tests="5" skipped="0" failures="0" errors="0" timestamp="2017-10-31T07:43:42" hostname="Lenovo-PC" time="0.085">
  <properties/>
  <testcase name="status500InternalServerErrorTest" classname="com.linecorp.bot.client.LineMessagingClientImplWiremockTest" time="0.037"/>
  <testcase name="status403ForbiddenTest" classname="com.linecorp.bot.client.LineMessagingClientImplWiremockTest" time="0.019"/>
  <testcase name="status401UnauthorizedTest" classname="com.linecorp.bot.client.LineMessagingClientImplWiremockTest" time="0.008"/>
  <testcase name="status400BadRequestTest" classname="com.linecorp.bot.client.LineMessagingClientImplWiremockTest" time="0.008"/>
  <testcase name="status429TooManyRequestsTest" classname="com.linecorp.bot.client.LineMessagingClientImplWiremockTest" time="0.01"/>
  <system-out><![CDATA[15:43:42.045 [OkHttp http://localhost:50935/...] INFO com.linecorp.bot.client.wire - --> GET http://localhost:50935/v2/bot/message/TOKEN/content http/1.1
15:43:42.045 [OkHttp http://localhost:50935/...] INFO com.linecorp.bot.client.wire - Authorization: Bearer token
15:43:42.046 [OkHttp http://localhost:50935/...] INFO com.linecorp.bot.client.wire - User-Agent: line-botsdk-java/null
15:43:42.046 [OkHttp http://localhost:50935/...] INFO com.linecorp.bot.client.wire - --> END GET
15:43:42.053 [OkHttp http://localhost:50935/...] INFO com.linecorp.bot.client.wire - <-- 500 Server Error http://localhost:50935/v2/bot/message/TOKEN/content (6ms)
15:43:42.053 [OkHttp http://localhost:50935/...] INFO com.linecorp.bot.client.wire - Content-Length: 55
15:43:42.054 [OkHttp http://localhost:50935/...] INFO com.linecorp.bot.client.wire - 
15:43:42.054 [OkHttp http://localhost:50935/...] INFO com.linecorp.bot.client.wire - {"message":"Error on the internal server","details":[]}
15:43:42.054 [OkHttp http://localhost:50935/...] INFO com.linecorp.bot.client.wire - <-- END HTTP (55-byte body)
15:43:42.068 [OkHttp http://localhost:50937/...] INFO com.linecorp.bot.client.wire - --> GET http://localhost:50937/v2/bot/message/TOKEN/content http/1.1
15:43:42.076 [OkHttp http://localhost:50937/...] INFO com.linecorp.bot.client.wire - Authorization: Bearer token
15:43:42.076 [OkHttp http://localhost:50937/...] INFO com.linecorp.bot.client.wire - User-Agent: line-botsdk-java/null
15:43:42.076 [OkHttp http://localhost:50937/...] INFO com.linecorp.bot.client.wire - --> END GET
15:43:42.080 [OkHttp http://localhost:50937/...] INFO com.linecorp.bot.client.wire - <-- 403 Client Error http://localhost:50937/v2/bot/message/TOKEN/content (3ms)
15:43:42.080 [OkHttp http://localhost:50937/...] INFO com.linecorp.bot.client.wire - Content-Length: 57
15:43:42.080 [OkHttp http://localhost:50937/...] INFO com.linecorp.bot.client.wire - 
15:43:42.080 [OkHttp http://localhost:50937/...] INFO com.linecorp.bot.client.wire - {"message":"Not authorized to use the API.","details":[]}
15:43:42.080 [OkHttp http://localhost:50937/...] INFO com.linecorp.bot.client.wire - <-- END HTTP (57-byte body)
15:43:42.086 [OkHttp http://localhost:50939/...] INFO com.linecorp.bot.client.wire - --> GET http://localhost:50939/v2/bot/message/TOKEN/content http/1.1
15:43:42.086 [OkHttp http://localhost:50939/...] INFO com.linecorp.bot.client.wire - Authorization: Bearer token
15:43:42.086 [OkHttp http://localhost:50939/...] INFO com.linecorp.bot.client.wire - User-Agent: line-botsdk-java/null
15:43:42.086 [OkHttp http://localhost:50939/...] INFO com.linecorp.bot.client.wire - --> END GET
15:43:42.088 [OkHttp http://localhost:50939/...] INFO com.linecorp.bot.client.wire - <-- 401 Client Error http://localhost:50939/v2/bot/message/TOKEN/content (1ms)
15:43:42.088 [OkHttp http://localhost:50939/...] INFO com.linecorp.bot.client.wire - Content-Length: 70
15:43:42.089 [OkHttp http://localhost:50939/...] INFO com.linecorp.bot.client.wire - 
15:43:42.089 [OkHttp http://localhost:50939/...] INFO com.linecorp.bot.client.wire - {"message":"Valid Channel access token is not specified","details":[]}
15:43:42.089 [OkHttp http://localhost:50939/...] INFO com.linecorp.bot.client.wire - <-- END HTTP (70-byte body)
15:43:42.094 [OkHttp http://localhost:50941/...] INFO com.linecorp.bot.client.wire - --> GET http://localhost:50941/v2/bot/message/TOKEN/content http/1.1
15:43:42.095 [OkHttp http://localhost:50941/...] INFO com.linecorp.bot.client.wire - Authorization: Bearer token
15:43:42.095 [OkHttp http://localhost:50941/...] INFO com.linecorp.bot.client.wire - User-Agent: line-botsdk-java/null
15:43:42.095 [OkHttp http://localhost:50941/...] INFO com.linecorp.bot.client.wire - --> END GET
15:43:42.097 [OkHttp http://localhost:50941/...] INFO com.linecorp.bot.client.wire - <-- 400 Client Error http://localhost:50941/v2/bot/message/TOKEN/content (1ms)
15:43:42.097 [OkHttp http://localhost:50941/...] INFO com.linecorp.bot.client.wire - Content-Length: 51
15:43:42.097 [OkHttp http://localhost:50941/...] INFO com.linecorp.bot.client.wire - 
15:43:42.097 [OkHttp http://localhost:50941/...] INFO com.linecorp.bot.client.wire - {"message":"Problem with the request","details":[]}
15:43:42.097 [OkHttp http://localhost:50941/...] INFO com.linecorp.bot.client.wire - <-- END HTTP (51-byte body)
15:43:42.103 [OkHttp http://localhost:50943/...] INFO com.linecorp.bot.client.wire - --> GET http://localhost:50943/v2/bot/message/TOKEN/content http/1.1
15:43:42.104 [OkHttp http://localhost:50943/...] INFO com.linecorp.bot.client.wire - Authorization: Bearer token
15:43:42.104 [OkHttp http://localhost:50943/...] INFO com.linecorp.bot.client.wire - User-Agent: line-botsdk-java/null
15:43:42.104 [OkHttp http://localhost:50943/...] INFO com.linecorp.bot.client.wire - --> END GET
15:43:42.107 [OkHttp http://localhost:50943/...] INFO com.linecorp.bot.client.wire - <-- 429 Client Error http://localhost:50943/v2/bot/message/TOKEN/content (2ms)
15:43:42.107 [OkHttp http://localhost:50943/...] INFO com.linecorp.bot.client.wire - Content-Length: 64
15:43:42.107 [OkHttp http://localhost:50943/...] INFO com.linecorp.bot.client.wire - 
15:43:42.108 [OkHttp http://localhost:50943/...] INFO com.linecorp.bot.client.wire - {"message":"Exceeded the rate limit for API calls","details":[]}
15:43:42.108 [OkHttp http://localhost:50943/...] INFO com.linecorp.bot.client.wire - <-- END HTTP (64-byte body)
]]></system-out>
  <system-err><![CDATA[]]></system-err>
</testsuite>
