<?xml version="1.0" encoding="UTF-8"?>
<testsuite name="com.linecorp.bot.client.LineMessagingServiceTest" tests="1" skipped="0" failures="0" errors="0" timestamp="2017-10-30T16:04:08" hostname="Ignaviers-MacBook-Pro.local" time="0.013">
  <properties/>
  <testcase name="relativeRequestTest" classname="com.linecorp.bot.client.LineMessagingServiceTest" time="0.013"/>
  <system-out><![CDATA[00:04:08.283 [MockWebServer 50688] INFO okhttp3.mockwebserver.MockWebServer - MockWebServer[50688] starting to accept connections
00:04:08.290 [Test worker] INFO com.linecorp.bot.client.wire - --> GET http://localhost:50688/CanContainsRelative/v2/bot/profile/USER_TOKEN http/1.1
00:04:08.290 [Test worker] INFO com.linecorp.bot.client.wire - Authorization: Bearer SECRET
00:04:08.290 [Test worker] INFO com.linecorp.bot.client.wire - User-Agent: line-botsdk-java/null
00:04:08.290 [Test worker] INFO com.linecorp.bot.client.wire - --> END GET
00:04:08.291 [MockWebServer /127.0.0.1:50689] INFO okhttp3.mockwebserver.MockWebServer - MockWebServer[50688] received request: GET /CanContainsRelative/v2/bot/profile/USER_TOKEN HTTP/1.1 and responded: HTTP/1.1 200 OK
00:04:08.291 [Test worker] INFO com.linecorp.bot.client.wire - <-- 200 OK http://localhost:50688/CanContainsRelative/v2/bot/profile/USER_TOKEN (1ms)
00:04:08.291 [Test worker] INFO com.linecorp.bot.client.wire - Content-Length: 116
00:04:08.291 [Test worker] INFO com.linecorp.bot.client.wire - 
00:04:08.292 [Test worker] INFO com.linecorp.bot.client.wire - {"displayName":"name","userId":"userId","pictureUrl":"https://line.me/picture_url","statusMessage":"Status message"}
00:04:08.292 [Test worker] INFO com.linecorp.bot.client.wire - <-- END HTTP (116-byte body)
00:04:08.295 [MockWebServer 50688] INFO okhttp3.mockwebserver.MockWebServer - MockWebServer[50688] done accepting connections: Socket closed
]]></system-out>
  <system-err><![CDATA[]]></system-err>
</testsuite>
