<?xml version="1.0" encoding="UTF-8"?>
<testsuite name="com.linecorp.bot.client.HeaderInterceptorWireMockTest" tests="1" skipped="0" failures="0" errors="0" timestamp="2017-11-01T03:58:21" hostname="Ignaviers-MacBook-Pro.local" time="0.435">
  <properties/>
  <testcase name="forChannelTokenSupplier" classname="com.linecorp.bot.client.HeaderInterceptorWireMockTest" time="0.435"/>
  <system-out><![CDATA[11:58:22.146 [OkHttp http://localhost:63978/...] INFO com.linecorp.bot.client.wire - --> GET http://localhost:63978/v2/bot/message/TEST/content http/1.1
11:58:22.150 [OkHttp http://localhost:63978/...] INFO com.linecorp.bot.client.wire - Authorization: Bearer 1st
11:58:22.151 [OkHttp http://localhost:63978/...] INFO com.linecorp.bot.client.wire - User-Agent: line-botsdk-java/null
11:58:22.151 [OkHttp http://localhost:63978/...] INFO com.linecorp.bot.client.wire - --> END GET
11:58:22.177 [OkHttp http://localhost:63978/...] INFO com.linecorp.bot.client.wire - --> GET http://localhost:63978/v2/bot/message/TEST/content http/1.1
11:58:22.177 [OkHttp http://localhost:63978/...] INFO com.linecorp.bot.client.wire - Authorization: Bearer 2nd
11:58:22.177 [OkHttp http://localhost:63978/...] INFO com.linecorp.bot.client.wire - User-Agent: line-botsdk-java/null
11:58:22.178 [OkHttp http://localhost:63978/...] INFO com.linecorp.bot.client.wire - --> END GET
]]></system-out>
  <system-err><![CDATA[]]></system-err>
</testsuite>
