<?xml version="1.0" encoding="UTF-8"?>
<testsuite name="com.linecorp.bot.client.CallbackAdaptorTest" tests="3" skipped="0" failures="0" errors="0" timestamp="2017-10-30T13:46:32" hostname="Lenovo-PC" time="0.999">
  <properties/>
  <testcase name="onResponseSuccessfullyTest" classname="com.linecorp.bot.client.CallbackAdaptorTest" time="0.482"/>
  <testcase name="onFailureTest" classname="com.linecorp.bot.client.CallbackAdaptorTest" time="0.111"/>
  <testcase name="onResponseWithErrorTest" classname="com.linecorp.bot.client.CallbackAdaptorTest" time="0.404"/>
  <system-out><![CDATA[]]></system-out>
  <system-err><![CDATA[]]></system-err>
</testsuite>
