<?xml version="1.0" encoding="UTF-8"?>
<testsuite name="com.linecorp.bot.client.HeaderInterceptorWireMockTest" tests="1" skipped="0" failures="0" errors="0" timestamp="2017-10-31T07:43:41" hostname="Lenovo-PC" time="0.752">
  <properties/>
  <testcase name="forChannelTokenSupplier" classname="com.linecorp.bot.client.HeaderInterceptorWireMockTest" time="0.752"/>
  <system-out><![CDATA[15:43:41.921 [OkHttp http://localhost:50930/...] INFO com.linecorp.bot.client.wire - --> GET http://localhost:50930/v2/bot/message/TEST/content http/1.1
15:43:41.926 [OkHttp http://localhost:50930/...] INFO com.linecorp.bot.client.wire - Authorization: Bearer 1st
15:43:41.927 [OkHttp http://localhost:50930/...] INFO com.linecorp.bot.client.wire - User-Agent: line-botsdk-java/null
15:43:41.927 [OkHttp http://localhost:50930/...] INFO com.linecorp.bot.client.wire - --> END GET
15:43:41.963 [OkHttp http://localhost:50930/...] INFO com.linecorp.bot.client.wire - --> GET http://localhost:50930/v2/bot/message/TEST/content http/1.1
15:43:41.963 [OkHttp http://localhost:50930/...] INFO com.linecorp.bot.client.wire - Authorization: Bearer 2nd
15:43:41.963 [OkHttp http://localhost:50930/...] INFO com.linecorp.bot.client.wire - User-Agent: line-botsdk-java/null
15:43:41.963 [OkHttp http://localhost:50930/...] INFO com.linecorp.bot.client.wire - --> END GET
]]></system-out>
  <system-err><![CDATA[]]></system-err>
</testsuite>
