<?xml version="1.0" encoding="UTF-8"?>
<testsuite name="com.linecorp.bot.client.CallbackAdaptorTest" tests="3" skipped="0" failures="0" errors="0" timestamp="2017-10-30T06:53:11" hostname="Ignaviers-MacBook-Pro.local" time="0.832">
  <properties/>
  <testcase name="onResponseSuccessfullyTest" classname="com.linecorp.bot.client.CallbackAdaptorTest" time="0.334"/>
  <testcase name="onFailureTest" classname="com.linecorp.bot.client.CallbackAdaptorTest" time="0.05"/>
  <testcase name="onResponseWithErrorTest" classname="com.linecorp.bot.client.CallbackAdaptorTest" time="0.448"/>
  <system-out><![CDATA[]]></system-out>
  <system-err><![CDATA[]]></system-err>
</testsuite>
