<?xml version="1.0" encoding="UTF-8"?>
<testsuite name="com.linecorp.bot.client.LineMessagingServiceTest" tests="1" skipped="0" failures="0" errors="0" timestamp="2017-10-30T07:36:41" hostname="Ignaviers-MacBook-Pro.local" time="0.019">
  <properties/>
  <testcase name="relativeRequestTest" classname="com.linecorp.bot.client.LineMessagingServiceTest" time="0.019"/>
  <system-out><![CDATA[15:36:41.867 [MockWebServer 63448] INFO okhttp3.mockwebserver.MockWebServer - MockWebServer[63448] starting to accept connections
15:36:41.877 [Test worker] INFO com.linecorp.bot.client.wire - --> GET http://localhost:63448/CanContainsRelative/v2/bot/profile/USER_TOKEN http/1.1
15:36:41.877 [Test worker] INFO com.linecorp.bot.client.wire - Authorization: Bearer SECRET
15:36:41.877 [Test worker] INFO com.linecorp.bot.client.wire - User-Agent: line-botsdk-java/null
15:36:41.877 [Test worker] INFO com.linecorp.bot.client.wire - --> END GET
15:36:41.879 [MockWebServer /127.0.0.1:63449] INFO okhttp3.mockwebserver.MockWebServer - MockWebServer[63448] received request: GET /CanContainsRelative/v2/bot/profile/USER_TOKEN HTTP/1.1 and responded: HTTP/1.1 200 OK
15:36:41.879 [Test worker] INFO com.linecorp.bot.client.wire - <-- 200 OK http://localhost:63448/CanContainsRelative/v2/bot/profile/USER_TOKEN (1ms)
15:36:41.879 [Test worker] INFO com.linecorp.bot.client.wire - Content-Length: 116
15:36:41.880 [Test worker] INFO com.linecorp.bot.client.wire - 
15:36:41.880 [Test worker] INFO com.linecorp.bot.client.wire - {"displayName":"name","userId":"userId","pictureUrl":"https://line.me/picture_url","statusMessage":"Status message"}
15:36:41.880 [Test worker] INFO com.linecorp.bot.client.wire - <-- END HTTP (116-byte body)
15:36:41.884 [MockWebServer 63448] INFO okhttp3.mockwebserver.MockWebServer - MockWebServer[63448] done accepting connections: Socket closed
]]></system-out>
  <system-err><![CDATA[]]></system-err>
</testsuite>
