<?xml version="1.0" encoding="UTF-8"?>
<testsuite name="com.linecorp.bot.client.CallbackAdaptorTest" tests="3" skipped="0" failures="0" errors="0" timestamp="2017-10-31T07:43:40" hostname="Lenovo-PC" time="0.551">
  <properties/>
  <testcase name="onResponseSuccessfullyTest" classname="com.linecorp.bot.client.CallbackAdaptorTest" time="0.239"/>
  <testcase name="onFailureTest" classname="com.linecorp.bot.client.CallbackAdaptorTest" time="0.03"/>
  <testcase name="onResponseWithErrorTest" classname="com.linecorp.bot.client.CallbackAdaptorTest" time="0.28"/>
  <system-out><![CDATA[]]></system-out>
  <system-err><![CDATA[]]></system-err>
</testsuite>
