<?xml version="1.0" encoding="UTF-8"?>
<testsuite name="com.linecorp.bot.client.HeaderInterceptorWireMockTest" tests="1" skipped="0" failures="0" errors="0" timestamp="2017-10-30T14:15:11" hostname="Ignaviers-MacBook-Pro.local" time="0.427">
  <properties/>
  <testcase name="forChannelTokenSupplier" classname="com.linecorp.bot.client.HeaderInterceptorWireMockTest" time="0.427"/>
  <system-out><![CDATA[22:15:11.663 [OkHttp http://localhost:50087/...] INFO com.linecorp.bot.client.wire - --> GET http://localhost:50087/v2/bot/message/TEST/content http/1.1
22:15:11.667 [OkHttp http://localhost:50087/...] INFO com.linecorp.bot.client.wire - Authorization: Bearer 1st
22:15:11.667 [OkHttp http://localhost:50087/...] INFO com.linecorp.bot.client.wire - User-Agent: line-botsdk-java/null
22:15:11.667 [OkHttp http://localhost:50087/...] INFO com.linecorp.bot.client.wire - --> END GET
22:15:11.698 [OkHttp http://localhost:50087/...] INFO com.linecorp.bot.client.wire - --> GET http://localhost:50087/v2/bot/message/TEST/content http/1.1
22:15:11.698 [OkHttp http://localhost:50087/...] INFO com.linecorp.bot.client.wire - Authorization: Bearer 2nd
22:15:11.699 [OkHttp http://localhost:50087/...] INFO com.linecorp.bot.client.wire - User-Agent: line-botsdk-java/null
22:15:11.699 [OkHttp http://localhost:50087/...] INFO com.linecorp.bot.client.wire - --> END GET
]]></system-out>
  <system-err><![CDATA[]]></system-err>
</testsuite>
