<?xml version="1.0" encoding="UTF-8"?>
<testsuite name="com.linecorp.bot.client.LineMessagingClientImplTest" tests="7" skipped="0" failures="0" errors="0" timestamp="2017-10-31T08:14:48" hostname="Ignaviers-MacBook-Pro.local" time="0.034">
  <properties/>
  <testcase name="getProfileTest" classname="com.linecorp.bot.client.LineMessagingClientImplTest" time="0.02"/>
  <testcase name="pushMessageTest" classname="com.linecorp.bot.client.LineMessagingClientImplTest" time="0.001"/>
  <testcase name="leaveRoomTest" classname="com.linecorp.bot.client.LineMessagingClientImplTest" time="0.001"/>
  <testcase name="replyMessageTest" classname="com.linecorp.bot.client.LineMessagingClientImplTest" time="0.001"/>
  <testcase name="getMessageContentTest" classname="com.linecorp.bot.client.LineMessagingClientImplTest" time="0.006"/>
  <testcase name="multicastTest" classname="com.linecorp.bot.client.LineMessagingClientImplTest" time="0.001"/>
  <testcase name="leaveGroupTest" classname="com.linecorp.bot.client.LineMessagingClientImplTest" time="0.002"/>
  <system-out><![CDATA[16:14:48.851 [OkHttp http://localhost:55691/...] INFO com.linecorp.bot.client.wire - <-- HTTP FAILED: java.net.ConnectException: Failed to connect to localhost/0:0:0:0:0:0:0:1:55691
16:14:48.851 [OkHttp http://localhost:55691/...] INFO com.linecorp.bot.client.wire - <-- HTTP FAILED: java.net.ConnectException: Failed to connect to localhost/0:0:0:0:0:0:0:1:55691
]]></system-out>
  <system-err><![CDATA[]]></system-err>
</testsuite>
