<?xml version="1.0" encoding="UTF-8"?>
<testsuite name="com.linecorp.bot.client.LineMessagingServiceTest" tests="1" skipped="0" failures="0" errors="0" timestamp="2017-10-30T06:53:12" hostname="Ignaviers-MacBook-Pro.local" time="0.018">
  <properties/>
  <testcase name="relativeRequestTest" classname="com.linecorp.bot.client.LineMessagingServiceTest" time="0.018"/>
  <system-out><![CDATA[14:53:12.785 [MockWebServer 62821] INFO okhttp3.mockwebserver.MockWebServer - MockWebServer[62821] starting to accept connections
14:53:12.791 [Test worker] INFO com.linecorp.bot.client.wire - --> GET http://localhost:62821/CanContainsRelative/v2/bot/profile/USER_TOKEN http/1.1
14:53:12.794 [Test worker] INFO com.linecorp.bot.client.wire - Authorization: Bearer SECRET
14:53:12.794 [Test worker] INFO com.linecorp.bot.client.wire - User-Agent: line-botsdk-java/null
14:53:12.795 [Test worker] INFO com.linecorp.bot.client.wire - --> END GET
14:53:12.796 [MockWebServer /127.0.0.1:62822] INFO okhttp3.mockwebserver.MockWebServer - MockWebServer[62821] received request: GET /CanContainsRelative/v2/bot/profile/USER_TOKEN HTTP/1.1 and responded: HTTP/1.1 200 OK
14:53:12.796 [Test worker] INFO com.linecorp.bot.client.wire - <-- 200 OK http://localhost:62821/CanContainsRelative/v2/bot/profile/USER_TOKEN (1ms)
14:53:12.796 [Test worker] INFO com.linecorp.bot.client.wire - Content-Length: 116
14:53:12.796 [Test worker] INFO com.linecorp.bot.client.wire - 
14:53:12.797 [Test worker] INFO com.linecorp.bot.client.wire - {"displayName":"name","userId":"userId","pictureUrl":"https://line.me/picture_url","statusMessage":"Status message"}
14:53:12.797 [Test worker] INFO com.linecorp.bot.client.wire - <-- END HTTP (116-byte body)
14:53:12.801 [MockWebServer 62821] INFO okhttp3.mockwebserver.MockWebServer - MockWebServer[62821] done accepting connections: Socket closed
]]></system-out>
  <system-err><![CDATA[]]></system-err>
</testsuite>
