<?xml version="1.0" encoding="UTF-8"?>
<testsuite name="com.linecorp.bot.client.LineMessagingClientImplWiremockTest" tests="5" skipped="0" failures="0" errors="0" timestamp="2017-10-30T14:15:11" hostname="Ignaviers-MacBook-Pro.local" time="0.066">
  <properties/>
  <testcase name="status500InternalServerErrorTest" classname="com.linecorp.bot.client.LineMessagingClientImplWiremockTest" time="0.032"/>
  <testcase name="status403ForbiddenTest" classname="com.linecorp.bot.client.LineMessagingClientImplWiremockTest" time="0.007"/>
  <testcase name="status401UnauthorizedTest" classname="com.linecorp.bot.client.LineMessagingClientImplWiremockTest" time="0.008"/>
  <testcase name="status400BadRequestTest" classname="com.linecorp.bot.client.LineMessagingClientImplWiremockTest" time="0.011"/>
  <testcase name="status429TooManyRequestsTest" classname="com.linecorp.bot.client.LineMessagingClientImplWiremockTest" time="0.007"/>
  <system-out><![CDATA[22:15:11.770 [OkHttp http://localhost:50092/...] INFO com.linecorp.bot.client.wire - --> GET http://localhost:50092/v2/bot/message/TOKEN/content http/1.1
22:15:11.771 [OkHttp http://localhost:50092/...] INFO com.linecorp.bot.client.wire - Authorization: Bearer token
22:15:11.771 [OkHttp http://localhost:50092/...] INFO com.linecorp.bot.client.wire - User-Agent: line-botsdk-java/null
22:15:11.771 [OkHttp http://localhost:50092/...] INFO com.linecorp.bot.client.wire - --> END GET
22:15:11.778 [OkHttp http://localhost:50092/...] INFO com.linecorp.bot.client.wire - <-- 500 Server Error http://localhost:50092/v2/bot/message/TOKEN/content (7ms)
22:15:11.779 [OkHttp http://localhost:50092/...] INFO com.linecorp.bot.client.wire - Content-Length: 55
22:15:11.779 [OkHttp http://localhost:50092/...] INFO com.linecorp.bot.client.wire - 
22:15:11.779 [OkHttp http://localhost:50092/...] INFO com.linecorp.bot.client.wire - {"message":"Error on the internal server","details":[]}
22:15:11.779 [OkHttp http://localhost:50092/...] INFO com.linecorp.bot.client.wire - <-- END HTTP (55-byte body)
22:15:11.788 [OkHttp http://localhost:50094/...] INFO com.linecorp.bot.client.wire - --> GET http://localhost:50094/v2/bot/message/TOKEN/content http/1.1
22:15:11.788 [OkHttp http://localhost:50094/...] INFO com.linecorp.bot.client.wire - Authorization: Bearer token
22:15:11.788 [OkHttp http://localhost:50094/...] INFO com.linecorp.bot.client.wire - User-Agent: line-botsdk-java/null
22:15:11.788 [OkHttp http://localhost:50094/...] INFO com.linecorp.bot.client.wire - --> END GET
22:15:11.789 [OkHttp http://localhost:50094/...] INFO com.linecorp.bot.client.wire - <-- 403 Client Error http://localhost:50094/v2/bot/message/TOKEN/content (1ms)
22:15:11.790 [OkHttp http://localhost:50094/...] INFO com.linecorp.bot.client.wire - Content-Length: 57
22:15:11.790 [OkHttp http://localhost:50094/...] INFO com.linecorp.bot.client.wire - 
22:15:11.790 [OkHttp http://localhost:50094/...] INFO com.linecorp.bot.client.wire - {"message":"Not authorized to use the API.","details":[]}
22:15:11.790 [OkHttp http://localhost:50094/...] INFO com.linecorp.bot.client.wire - <-- END HTTP (57-byte body)
22:15:11.796 [OkHttp http://localhost:50096/...] INFO com.linecorp.bot.client.wire - --> GET http://localhost:50096/v2/bot/message/TOKEN/content http/1.1
22:15:11.796 [OkHttp http://localhost:50096/...] INFO com.linecorp.bot.client.wire - Authorization: Bearer token
22:15:11.796 [OkHttp http://localhost:50096/...] INFO com.linecorp.bot.client.wire - User-Agent: line-botsdk-java/null
22:15:11.797 [OkHttp http://localhost:50096/...] INFO com.linecorp.bot.client.wire - --> END GET
22:15:11.798 [OkHttp http://localhost:50096/...] INFO com.linecorp.bot.client.wire - <-- 401 Client Error http://localhost:50096/v2/bot/message/TOKEN/content (1ms)
22:15:11.798 [OkHttp http://localhost:50096/...] INFO com.linecorp.bot.client.wire - Content-Length: 70
22:15:11.798 [OkHttp http://localhost:50096/...] INFO com.linecorp.bot.client.wire - 
22:15:11.798 [OkHttp http://localhost:50096/...] INFO com.linecorp.bot.client.wire - {"message":"Valid Channel access token is not specified","details":[]}
22:15:11.798 [OkHttp http://localhost:50096/...] INFO com.linecorp.bot.client.wire - <-- END HTTP (70-byte body)
22:15:11.803 [OkHttp http://localhost:50098/...] INFO com.linecorp.bot.client.wire - --> GET http://localhost:50098/v2/bot/message/TOKEN/content http/1.1
22:15:11.804 [OkHttp http://localhost:50098/...] INFO com.linecorp.bot.client.wire - Authorization: Bearer token
22:15:11.804 [OkHttp http://localhost:50098/...] INFO com.linecorp.bot.client.wire - User-Agent: line-botsdk-java/null
22:15:11.804 [OkHttp http://localhost:50098/...] INFO com.linecorp.bot.client.wire - --> END GET
22:15:11.806 [OkHttp http://localhost:50098/...] INFO com.linecorp.bot.client.wire - <-- 400 Client Error http://localhost:50098/v2/bot/message/TOKEN/content (1ms)
22:15:11.806 [OkHttp http://localhost:50098/...] INFO com.linecorp.bot.client.wire - Content-Length: 51
22:15:11.806 [OkHttp http://localhost:50098/...] INFO com.linecorp.bot.client.wire - 
22:15:11.806 [OkHttp http://localhost:50098/...] INFO com.linecorp.bot.client.wire - {"message":"Problem with the request","details":[]}
22:15:11.806 [OkHttp http://localhost:50098/...] INFO com.linecorp.bot.client.wire - <-- END HTTP (51-byte body)
22:15:11.815 [OkHttp http://localhost:50100/...] INFO com.linecorp.bot.client.wire - --> GET http://localhost:50100/v2/bot/message/TOKEN/content http/1.1
22:15:11.815 [OkHttp http://localhost:50100/...] INFO com.linecorp.bot.client.wire - Authorization: Bearer token
22:15:11.815 [OkHttp http://localhost:50100/...] INFO com.linecorp.bot.client.wire - User-Agent: line-botsdk-java/null
22:15:11.815 [OkHttp http://localhost:50100/...] INFO com.linecorp.bot.client.wire - --> END GET
22:15:11.817 [OkHttp http://localhost:50100/...] INFO com.linecorp.bot.client.wire - <-- 429 Client Error http://localhost:50100/v2/bot/message/TOKEN/content (1ms)
22:15:11.817 [OkHttp http://localhost:50100/...] INFO com.linecorp.bot.client.wire - Content-Length: 64
22:15:11.817 [OkHttp http://localhost:50100/...] INFO com.linecorp.bot.client.wire - 
22:15:11.817 [OkHttp http://localhost:50100/...] INFO com.linecorp.bot.client.wire - {"message":"Exceeded the rate limit for API calls","details":[]}
22:15:11.817 [OkHttp http://localhost:50100/...] INFO com.linecorp.bot.client.wire - <-- END HTTP (64-byte body)
]]></system-out>
  <system-err><![CDATA[]]></system-err>
</testsuite>
