<?xml version="1.0" encoding="UTF-8"?>
<testsuite name="com.linecorp.bot.spring.boot.IntegrationTest" tests="1" skipped="0" failures="0" errors="0" timestamp="2017-10-31T07:44:03" hostname="Lenovo-PC" time="0.18">
  <properties/>
  <testcase name="missingSignatureTest" classname="com.linecorp.bot.spring.boot.IntegrationTest" time="0.18"/>
  <system-out><![CDATA[15:43:57.780 [Test worker] DEBUG org.springframework.test.context.junit4.SpringJUnit4ClassRunner - SpringJUnit4ClassRunner constructor called with [class com.linecorp.bot.spring.boot.IntegrationTest]
15:43:57.782 [Test worker] DEBUG org.springframework.test.context.BootstrapUtils - Instantiating CacheAwareContextLoaderDelegate from class [org.springframework.test.context.cache.DefaultCacheAwareContextLoaderDelegate]
15:43:57.791 [Test worker] DEBUG org.springframework.test.context.BootstrapUtils - Instantiating BootstrapContext using constructor [public org.springframework.test.context.support.DefaultBootstrapContext(java.lang.Class,org.springframework.test.context.CacheAwareContextLoaderDelegate)]
15:43:57.818 [Test worker] DEBUG org.springframework.test.context.BootstrapUtils - Instantiating TestContextBootstrapper for test class [com.linecorp.bot.spring.boot.IntegrationTest] from class [org.springframework.boot.test.context.SpringBootTestContextBootstrapper]
15:43:57.832 [Test worker] INFO org.springframework.boot.test.context.SpringBootTestContextBootstrapper - Neither @ContextConfiguration nor @ContextHierarchy found for test class [com.linecorp.bot.spring.boot.IntegrationTest], using SpringBootContextLoader
15:43:57.837 [Test worker] DEBUG org.springframework.test.context.support.AbstractContextLoader - Did not detect default resource location for test class [com.linecorp.bot.spring.boot.IntegrationTest]: class path resource [com/linecorp/bot/spring/boot/IntegrationTest-context.xml] does not exist
15:43:57.837 [Test worker] DEBUG org.springframework.test.context.support.AbstractContextLoader - Did not detect default resource location for test class [com.linecorp.bot.spring.boot.IntegrationTest]: class path resource [com/linecorp/bot/spring/boot/IntegrationTestContext.groovy] does not exist
15:43:57.838 [Test worker] INFO org.springframework.test.context.support.AbstractContextLoader - Could not detect default resource locations for test class [com.linecorp.bot.spring.boot.IntegrationTest]: no resource found for suffixes {-context.xml, Context.groovy}.
15:43:57.896 [Test worker] DEBUG org.springframework.test.context.support.ActiveProfilesUtils - Could not find an 'annotation declaring class' for annotation type [org.springframework.test.context.ActiveProfiles] and class [com.linecorp.bot.spring.boot.IntegrationTest]
15:43:57.902 [Test worker] DEBUG org.springframework.boot.test.context.SpringBootTestContextBootstrapper - @TestExecutionListeners is not present for class [com.linecorp.bot.spring.boot.IntegrationTest]: using defaults.
15:43:57.906 [Test worker] INFO org.springframework.boot.test.context.SpringBootTestContextBootstrapper - Loaded default TestExecutionListener class names from location [META-INF/spring.factories]: [org.springframework.boot.test.mock.mockito.MockitoTestExecutionListener, org.springframework.boot.test.mock.mockito.ResetMocksTestExecutionListener, org.springframework.boot.test.autoconfigure.restdocs.RestDocsTestExecutionListener, org.springframework.boot.test.autoconfigure.web.client.MockRestServiceServerResetTestExecutionListener, org.springframework.boot.test.autoconfigure.web.servlet.MockMvcPrintOnlyOnFailureTestExecutionListener, org.springframework.boot.test.autoconfigure.web.servlet.WebDriverTestExecutionListener, org.springframework.test.context.web.ServletTestExecutionListener, org.springframework.test.context.support.DirtiesContextBeforeModesTestExecutionListener, org.springframework.test.context.support.DependencyInjectionTestExecutionListener, org.springframework.test.context.support.DirtiesContextTestExecutionListener, org.springframework.test.context.transaction.TransactionalTestExecutionListener, org.springframework.test.context.jdbc.SqlScriptsTestExecutionListener]
15:43:57.924 [Test worker] INFO org.springframework.boot.test.context.SpringBootTestContextBootstrapper - Could not instantiate TestExecutionListener [org.springframework.test.context.jdbc.SqlScriptsTestExecutionListener]. Specify custom listener classes or make the default listener classes (and their required dependencies) available. Offending class: [org/springframework/transaction/interceptor/TransactionAttribute]
15:43:57.926 [Test worker] INFO org.springframework.boot.test.context.SpringBootTestContextBootstrapper - Could not instantiate TestExecutionListener [org.springframework.test.context.transaction.TransactionalTestExecutionListener]. Specify custom listener classes or make the default listener classes (and their required dependencies) available. Offending class: [org/springframework/transaction/interceptor/TransactionAttributeSource]
15:43:57.926 [Test worker] INFO org.springframework.boot.test.context.SpringBootTestContextBootstrapper - Using TestExecutionListeners: [org.springframework.test.context.web.ServletTestExecutionListener@63a57d35, org.springframework.test.context.support.DirtiesContextBeforeModesTestExecutionListener@6ff9fc6d, org.springframework.boot.test.autoconfigure.SpringBootDependencyInjectionTestExecutionListener@4468391, org.springframework.test.context.support.DirtiesContextTestExecutionListener@4adbc7e6, org.springframework.boot.test.mock.mockito.MockitoTestExecutionListener@25f575d, org.springframework.boot.test.autoconfigure.web.servlet.WebDriverTestExecutionListener@22e5c9ef, org.springframework.boot.test.mock.mockito.ResetMocksTestExecutionListener@128f9c29, org.springframework.boot.test.autoconfigure.restdocs.RestDocsTestExecutionListener@6ff8d69, org.springframework.boot.test.autoconfigure.web.client.MockRestServiceServerResetTestExecutionListener@7e62c754, org.springframework.boot.test.autoconfigure.web.servlet.MockMvcPrintOnlyOnFailureTestExecutionListener@72c4c3c6]
15:43:57.929 [Test worker] DEBUG org.springframework.test.annotation.ProfileValueUtils - Retrieved @ProfileValueSourceConfiguration [null] for test class [com.linecorp.bot.spring.boot.IntegrationTest]
15:43:57.930 [Test worker] DEBUG org.springframework.test.annotation.ProfileValueUtils - Retrieved ProfileValueSource type [class org.springframework.test.annotation.SystemProfileValueSource] for class [com.linecorp.bot.spring.boot.IntegrationTest]
15:43:57.930 [Test worker] DEBUG org.springframework.test.annotation.ProfileValueUtils - Retrieved @ProfileValueSourceConfiguration [null] for test class [com.linecorp.bot.spring.boot.IntegrationTest]
15:43:57.930 [Test worker] DEBUG org.springframework.test.annotation.ProfileValueUtils - Retrieved ProfileValueSource type [class org.springframework.test.annotation.SystemProfileValueSource] for class [com.linecorp.bot.spring.boot.IntegrationTest]
15:43:57.938 [Test worker] DEBUG org.springframework.test.context.support.AbstractDirtiesContextTestExecutionListener - Before test class: context [DefaultTestContext@25296ef0 testClass = IntegrationTest, testInstance = [null], testMethod = [null], testException = [null], mergedContextConfiguration = [WebMergedContextConfiguration@5e4ac901 testClass = IntegrationTest, locations = '{}', classes = '{class com.linecorp.bot.spring.boot.IntegrationTest, class com.linecorp.bot.spring.boot.IntegrationTest$MyController, class com.linecorp.bot.spring.boot.IntegrationTest, class com.linecorp.bot.spring.boot.IntegrationTest$MyController}', contextInitializerClasses = '[]', activeProfiles = '{}', propertySourceLocations = '{}', propertySourceProperties = '{line.bot.handler.enabled=false, org.springframework.boot.test.context.SpringBootTestContextBootstrapper=true}', contextCustomizers = set[[ImportsContextCustomizer@1c7fc29c key = [@org.springframework.boot.SpringBootConfiguration(), @org.springframework.boot.autoconfigure.AutoConfigurationPackage(), @org.springframework.context.annotation.Import(value=[class org.springframework.boot.autoconfigure.EnableAutoConfigurationImportSelector]), @org.springframework.boot.autoconfigure.EnableAutoConfiguration(exclude=[], excludeName=[]), @org.springframework.context.annotation.ComponentScan(scopeResolver=class org.springframework.context.annotation.AnnotationScopeMetadataResolver, lazyInit=false, resourcePattern=**/*.class, useDefaultFilters=true, excludeFilters=[@org.springframework.context.annotation.ComponentScan$Filter(pattern=[], type=CUSTOM, value=[], classes=[class org.springframework.boot.context.TypeExcludeFilter]), @org.springframework.context.annotation.ComponentScan$Filter(pattern=[], type=CUSTOM, value=[], classes=[class org.springframework.boot.autoconfigure.AutoConfigurationExcludeFilter])], scopedProxy=DEFAULT, basePackageClasses=[], nameGenerator=interface org.springframework.beans.factory.support.BeanNameGenerator, basePackages=[], value=[], includeFilters=[]), @org.springframework.test.context.BootstrapWith(value=class org.springframework.boot.test.context.SpringBootTestContextBootstrapper), @org.springframework.context.annotation.Import(value=[class org.springframework.boot.autoconfigure.AutoConfigurationPackages$Registrar]), @org.springframework.context.annotation.Configuration(value=), @org.springframework.stereotype.Component(value=), @org.springframework.boot.test.context.SpringBootTest(webEnvironment=MOCK, value=[], properties=[line.bot.handler.enabled=false], classes=[class com.linecorp.bot.spring.boot.IntegrationTest, class com.linecorp.bot.spring.boot.IntegrationTest$MyController]), @org.springframework.boot.autoconfigure.SpringBootApplication(scanBasePackageClasses=[], exclude=[], excludeName=[], scanBasePackages=[]), @org.springframework.test.context.web.WebAppConfiguration(value=src/main/webapp), @org.junit.runner.RunWith(value=class org.springframework.test.context.junit4.SpringRunner)]], org.springframework.boot.test.context.SpringBootTestContextCustomizer@60b0997f, org.springframework.boot.test.context.filter.ExcludeFilterContextCustomizer@1d65af90, org.springframework.boot.test.mock.mockito.MockitoContextCustomizer@0, org.springframework.boot.test.autoconfigure.properties.PropertyMappingContextCustomizer@0, org.springframework.boot.test.autoconfigure.web.servlet.WebDriverContextCustomizerFactory$Customizer@5c43bf88, org.springframework.test.context.web.socket.MockServerContainerContextCustomizer@4271350], resourceBasePath = 'src/main/webapp', contextLoader = 'org.springframework.boot.test.context.SpringBootContextLoader', parent = [null]]], class annotated with @DirtiesContext [false] with mode [null].
15:43:58.524 [Test worker] DEBUG org.springframework.test.annotation.ProfileValueUtils - Retrieved @ProfileValueSourceConfiguration [null] for test class [com.linecorp.bot.spring.boot.IntegrationTest]
15:43:58.524 [Test worker] DEBUG org.springframework.test.annotation.ProfileValueUtils - Retrieved ProfileValueSource type [class org.springframework.test.annotation.SystemProfileValueSource] for class [com.linecorp.bot.spring.boot.IntegrationTest]
15:43:58.616 [Test worker] DEBUG org.springframework.core.env.StandardEnvironment - Adding [systemProperties] PropertySource with lowest search precedence
15:43:58.617 [Test worker] DEBUG org.springframework.core.env.StandardEnvironment - Adding [systemEnvironment] PropertySource with lowest search precedence
15:43:58.617 [Test worker] DEBUG org.springframework.core.env.StandardEnvironment - Initialized StandardEnvironment with PropertySources [systemProperties,systemEnvironment]
15:43:58.619 [Test worker] DEBUG org.springframework.core.env.MutablePropertySources - Adding [inline] PropertySource with highest search precedence
15:43:58.626 [Test worker] DEBUG org.springframework.test.context.support.TestPropertySourceUtils - Adding inlined properties to environment: {spring.jmx.enabled=false, line.bot.handler.enabled=false, org.springframework.boot.test.context.SpringBootTestContextBootstrapper=true, server.port=-1}
15:43:58.626 [Test worker] DEBUG org.springframework.core.env.StandardEnvironment - Adding [Inlined Test Properties] PropertySource with highest search precedence

  .   ____          _            __ _ _
 /\\ / ___'_ __ _ _(_)_ __  __ _ \ \ \ \
( ( )\___ | '_ | '_| | '_ \/ _` | \ \ \ \
 \\/  ___)| |_)| | | | | || (_| |  ) ) ) )
  '  |____| .__|_| |_|_| |_\__, | / / / /
 =========|_|==============|___/=/_/_/_/
 :: Spring Boot ::        (v1.5.2.RELEASE)

2017-10-31 15:43:59.071  INFO 16932 --- [    Test worker] c.l.bot.spring.boot.IntegrationTest      : Starting IntegrationTest on Lenovo-PC with PID 16932 (started by user in C:\Users\user\coding_workspace\comp3111_chatbot\dietbot\hkust_cs3111h\line-bot-spring-boot)
2017-10-31 15:43:59.072  INFO 16932 --- [    Test worker] c.l.bot.spring.boot.IntegrationTest      : No active profile set, falling back to default profiles: default
2017-10-31 15:43:59.115  INFO 16932 --- [    Test worker] o.s.w.c.s.GenericWebApplicationContext   : Refreshing org.springframework.web.context.support.GenericWebApplicationContext@539c076e: startup date [Tue Oct 31 15:43:59 SGT 2017]; root of context hierarchy
2017-10-31 15:44:00.417  INFO 16932 --- [    Test worker] o.s.b.f.s.DefaultListableBeanFactory     : Overriding bean definition for bean 'lineBotServerArgumentProcessor' with a different definition: replacing [Generic bean: class [com.linecorp.bot.spring.boot.support.LineBotServerArgumentProcessor]; scope=singleton; abstract=false; lazyInit=false; autowireMode=0; dependencyCheck=0; autowireCandidate=true; primary=false; factoryBeanName=null; factoryMethodName=null; initMethodName=null; destroyMethodName=null; defined in file [C:\Users\user\coding_workspace\comp3111_chatbot\dietbot\hkust_cs3111h\line-bot-spring-boot\build\classes\main\com\linecorp\bot\spring\boot\support\LineBotServerArgumentProcessor.class]] with [Root bean: class [null]; scope=; abstract=false; lazyInit=false; autowireMode=3; dependencyCheck=0; autowireCandidate=true; primary=false; factoryBeanName=com.linecorp.bot.spring.boot.LineBotAutoConfiguration; factoryMethodName=lineBotServerArgumentProcessor; initMethodName=null; destroyMethodName=(inferred); defined in class path resource [com/linecorp/bot/spring/boot/LineBotAutoConfiguration.class]]
2017-10-31 15:44:00.420  INFO 16932 --- [    Test worker] o.s.b.f.s.DefaultListableBeanFactory     : Overriding bean definition for bean 'lineBotServerInterceptor' with a different definition: replacing [Generic bean: class [com.linecorp.bot.spring.boot.interceptor.LineBotServerInterceptor]; scope=singleton; abstract=false; lazyInit=false; autowireMode=0; dependencyCheck=0; autowireCandidate=true; primary=false; factoryBeanName=null; factoryMethodName=null; initMethodName=null; destroyMethodName=null; defined in file [C:\Users\user\coding_workspace\comp3111_chatbot\dietbot\hkust_cs3111h\line-bot-spring-boot\build\classes\main\com\linecorp\bot\spring\boot\interceptor\LineBotServerInterceptor.class]] with [Root bean: class [null]; scope=; abstract=false; lazyInit=false; autowireMode=3; dependencyCheck=0; autowireCandidate=true; primary=false; factoryBeanName=com.linecorp.bot.spring.boot.LineBotAutoConfiguration; factoryMethodName=lineBotServerInterceptor; initMethodName=null; destroyMethodName=(inferred); defined in class path resource [com/linecorp/bot/spring/boot/LineBotAutoConfiguration.class]]
2017-10-31 15:44:02.282  INFO 16932 --- [    Test worker] s.w.s.m.m.a.RequestMappingHandlerAdapter : Looking for @ControllerAdvice: org.springframework.web.context.support.GenericWebApplicationContext@539c076e: startup date [Tue Oct 31 15:43:59 SGT 2017]; root of context hierarchy
2017-10-31 15:44:02.419  INFO 16932 --- [    Test worker] s.w.s.m.m.a.RequestMappingHandlerMapping : Mapped "{[/callback],methods=[POST]}" onto public void com.linecorp.bot.spring.boot.IntegrationTest$MyController.callback(java.util.List<com.linecorp.bot.model.event.Event>) throws java.lang.Exception
2017-10-31 15:44:02.424  INFO 16932 --- [    Test worker] s.w.s.m.m.a.RequestMappingHandlerMapping : Mapped "{[/error]}" onto public org.springframework.http.ResponseEntity<java.util.Map<java.lang.String, java.lang.Object>> org.springframework.boot.autoconfigure.web.BasicErrorController.error(javax.servlet.http.HttpServletRequest)
2017-10-31 15:44:02.425  INFO 16932 --- [    Test worker] s.w.s.m.m.a.RequestMappingHandlerMapping : Mapped "{[/error],produces=[text/html]}" onto public org.springframework.web.servlet.ModelAndView org.springframework.boot.autoconfigure.web.BasicErrorController.errorHtml(javax.servlet.http.HttpServletRequest,javax.servlet.http.HttpServletResponse)
2017-10-31 15:44:02.476  INFO 16932 --- [    Test worker] o.s.w.s.handler.SimpleUrlHandlerMapping  : Mapped URL path [/webjars/**] onto handler of type [class org.springframework.web.servlet.resource.ResourceHttpRequestHandler]
2017-10-31 15:44:02.477  INFO 16932 --- [    Test worker] o.s.w.s.handler.SimpleUrlHandlerMapping  : Mapped URL path [/**] onto handler of type [class org.springframework.web.servlet.resource.ResourceHttpRequestHandler]
2017-10-31 15:44:02.539  INFO 16932 --- [    Test worker] o.s.w.s.handler.SimpleUrlHandlerMapping  : Mapped URL path [/**/favicon.ico] onto handler of type [class org.springframework.web.servlet.resource.ResourceHttpRequestHandler]
2017-10-31 15:44:02.983  INFO 16932 --- [    Test worker] c.l.bot.spring.boot.IntegrationTest      : Started IntegrationTest in 4.345 seconds (JVM running for 6.794)
2017-10-31 15:44:03.068  INFO 16932 --- [    Test worker] o.s.b.t.m.w.SpringBootMockServletContext : Initializing Spring FrameworkServlet ''
2017-10-31 15:44:03.068  INFO 16932 --- [    Test worker] o.s.t.web.servlet.TestDispatcherServlet  : FrameworkServlet '': initialization started
2017-10-31 15:44:03.089  INFO 16932 --- [    Test worker] o.s.t.web.servlet.TestDispatcherServlet  : FrameworkServlet '': initialization completed in 20 ms
2017-10-31 15:44:03.146  INFO 16932 --- [    Test worker] c.l.b.s.b.i.LineBotServerInterceptor     : LINE Bot callback exception: Missing 'X-Line-Signature' header

MockHttpServletRequest:
      HTTP Method = POST
      Request URI = /callback
       Parameters = {}
          Headers = {}

Handler:
             Type = com.linecorp.bot.spring.boot.IntegrationTest$MyController
           Method = public void com.linecorp.bot.spring.boot.IntegrationTest$MyController.callback(java.util.List<com.linecorp.bot.model.event.Event>) throws java.lang.Exception

Async:
    Async started = false
     Async result = null

Resolved Exception:
             Type = null

ModelAndView:
        View name = null
             View = null
            Model = null

FlashMap:
       Attributes = null

MockHttpServletResponse:
           Status = 400
    Error message = null
          Headers = {}
     Content type = null
             Body = Missing 'X-Line-Signature' header

    Forwarded URL = null
   Redirected URL = null
          Cookies = []
]]></system-out>
  <system-err><![CDATA[Oct 31, 2017 3:43:58 PM okhttp3.mockwebserver.MockWebServer$2 execute
INFO: MockWebServer[50967] starting to accept connections
]]></system-err>
</testsuite>
