<?xml version="1.0" encoding="UTF-8"?>
<testsuite name="com.linecorp.bot.spring.boot.support.LineMessageHandlerSupportTest" tests="3" skipped="0" failures="0" errors="0" timestamp="2017-10-31T07:44:03" hostname="Lenovo-PC" time="0.309">
  <properties/>
  <testcase name="dispatchAndReplyMessageTest" classname="com.linecorp.bot.spring.boot.support.LineMessageHandlerSupportTest" time="0.275"/>
  <testcase name="testRefreshForOneItem" classname="com.linecorp.bot.spring.boot.support.LineMessageHandlerSupportTest" time="0.007"/>
  <testcase name="testPrioritySelection" classname="com.linecorp.bot.spring.boot.support.LineMessageHandlerSupportTest" time="0.027"/>
  <system-out><![CDATA[2017-10-31 15:44:03.454  INFO 16932 --- [    Test worker] c.l.b.s.b.s.LineMessageHandlerSupport    : Registered LINE Messaging API event handler: count = 1
2017-10-31 15:44:03.455  INFO 16932 --- [    Test worker] c.l.b.s.b.s.LineMessageHandlerSupport    : Mapped "[ReplyEvent]" onto public com.linecorp.bot.model.message.TextMessage com.linecorp.bot.spring.boot.support.LineMessageHandlerSupportTest$ReplyHandler.reply(com.linecorp.bot.model.event.ReplyEvent)
2017-10-31 15:44:03.472  INFO 16932 --- [    Test worker] c.l.b.s.b.s.LineMessageHandlerSupport    : Registered LINE Messaging API event handler: count = 1
2017-10-31 15:44:03.472  INFO 16932 --- [    Test worker] c.l.b.s.b.s.LineMessageHandlerSupport    : Mapped "[MessageEvent]" onto public void com.linecorp.bot.spring.boot.support.LineMessageHandlerSupportTest$MessageHandler.generalMessageHandler(com.linecorp.bot.model.event.MessageEvent)
2017-10-31 15:44:03.502  INFO 16932 --- [    Test worker] c.l.b.s.b.s.LineMessageHandlerSupport    : Registered LINE Messaging API event handler: count = 3
2017-10-31 15:44:03.503  INFO 16932 --- [    Test worker] c.l.b.s.b.s.LineMessageHandlerSupport    : Mapped "[MessageEvent<TextMessageContent>]" onto public void com.linecorp.bot.spring.boot.support.LineMessageHandlerSupportTest$AnotherMessageHandler.textMessageEventHandler(com.linecorp.bot.model.event.MessageEvent<com.linecorp.bot.model.event.message.TextMessageContent>)
2017-10-31 15:44:03.503  INFO 16932 --- [    Test worker] c.l.b.s.b.s.LineMessageHandlerSupport    : Mapped "[MessageEvent]" onto public void com.linecorp.bot.spring.boot.support.LineMessageHandlerSupportTest$MessageHandler.generalMessageHandler(com.linecorp.bot.model.event.MessageEvent)
2017-10-31 15:44:03.503  INFO 16932 --- [    Test worker] c.l.b.s.b.s.LineMessageHandlerSupport    : Mapped "[Event]" onto public void com.linecorp.bot.spring.boot.support.LineMessageHandlerSupportTest$AnotherMessageHandler.defaultEventHandler(com.linecorp.bot.model.event.Event)
]]></system-out>
  <system-err><![CDATA[]]></system-err>
</testsuite>
