<?xml version="1.0" encoding="UTF-8"?>
<testsuite name="com.linecorp.bot.spring.boot.support.LineMessageHandlerSupportTest" tests="3" skipped="0" failures="0" errors="0" timestamp="2017-10-30T06:53:23" hostname="Ignaviers-MacBook-Pro.local" time="0.218">
  <properties/>
  <testcase name="dispatchAndReplyMessageTest" classname="com.linecorp.bot.spring.boot.support.LineMessageHandlerSupportTest" time="0.179"/>
  <testcase name="testRefreshForOneItem" classname="com.linecorp.bot.spring.boot.support.LineMessageHandlerSupportTest" time="0.006"/>
  <testcase name="testPrioritySelection" classname="com.linecorp.bot.spring.boot.support.LineMessageHandlerSupportTest" time="0.033"/>
  <system-out><![CDATA[2017-10-30 14:53:23.212  INFO 649 --- [    Test worker] c.l.b.s.b.s.LineMessageHandlerSupport    : Registered LINE Messaging API event handler: count = 1
2017-10-30 14:53:23.213  INFO 649 --- [    Test worker] c.l.b.s.b.s.LineMessageHandlerSupport    : Mapped "[ReplyEvent]" onto public com.linecorp.bot.model.message.TextMessage com.linecorp.bot.spring.boot.support.LineMessageHandlerSupportTest$ReplyHandler.reply(com.linecorp.bot.model.event.ReplyEvent)
2017-10-30 14:53:23.227  INFO 649 --- [    Test worker] c.l.b.s.b.s.LineMessageHandlerSupport    : Registered LINE Messaging API event handler: count = 1
2017-10-30 14:53:23.227  INFO 649 --- [    Test worker] c.l.b.s.b.s.LineMessageHandlerSupport    : Mapped "[MessageEvent]" onto public void com.linecorp.bot.spring.boot.support.LineMessageHandlerSupportTest$MessageHandler.generalMessageHandler(com.linecorp.bot.model.event.MessageEvent)
2017-10-30 14:53:23.263  INFO 649 --- [    Test worker] c.l.b.s.b.s.LineMessageHandlerSupport    : Registered LINE Messaging API event handler: count = 3
2017-10-30 14:53:23.263  INFO 649 --- [    Test worker] c.l.b.s.b.s.LineMessageHandlerSupport    : Mapped "[MessageEvent<TextMessageContent>]" onto public void com.linecorp.bot.spring.boot.support.LineMessageHandlerSupportTest$AnotherMessageHandler.textMessageEventHandler(com.linecorp.bot.model.event.MessageEvent<com.linecorp.bot.model.event.message.TextMessageContent>)
2017-10-30 14:53:23.264  INFO 649 --- [    Test worker] c.l.b.s.b.s.LineMessageHandlerSupport    : Mapped "[MessageEvent]" onto public void com.linecorp.bot.spring.boot.support.LineMessageHandlerSupportTest$MessageHandler.generalMessageHandler(com.linecorp.bot.model.event.MessageEvent)
2017-10-30 14:53:23.264  INFO 649 --- [    Test worker] c.l.b.s.b.s.LineMessageHandlerSupport    : Mapped "[Event]" onto public void com.linecorp.bot.spring.boot.support.LineMessageHandlerSupportTest$AnotherMessageHandler.defaultEventHandler(com.linecorp.bot.model.event.Event)
]]></system-out>
  <system-err><![CDATA[]]></system-err>
</testsuite>
